#
# There is insufficient memory for the Java Runtime Environment to continue.
# Native memory allocation (malloc) failed to allocate 1702704 bytes for Chunk::new
# Possible reasons:
#   The system is out of physical RAM or swap space
#   The process is running with CompressedOops enabled, and the Java Heap may be blocking the growth of the native heap
# Possible solutions:
#   Reduce memory load on the system
#   Increase physical memory or swap space
#   Check if swap backing store is full
#   Decrease Java heap size (-Xmx/-Xms)
#   Decrease number of Java threads
#   Decrease Java thread stack sizes (-Xss)
#   Set larger code cache with -XX:ReservedCodeCacheSize=
#   JVM is running with Zero Based Compressed Oops mode in which the Java heap is
#     placed in the first 32GB address space. The Java Heap base address is the
#     maximum limit for the native heap growth. Please use -XX:HeapBaseMinAddress
#     to set the Java Heap base and to place the Java Heap above 32GB virtual address.
# This output file may be truncated or incomplete.
#
#  Out of Memory Error (./open/src/hotspot/share/memory/arena.cpp:195), pid=12360, tid=20652
#
# JRE version: Java(TM) SE Runtime Environment (15.0.2+7) (build 15.0.2+7-27)
# Java VM: Java HotSpot(TM) 64-Bit Server VM (15.0.2+7-27, mixed mode, sharing, tiered, compressed oops, g1 gc, windows-amd64)
# No core dump will be written. Minidumps are not enabled by default on client versions of Windows
#

---------------  S U M M A R Y ------------

Command Line: --module-path=D:/ShiZu_Code/Java/javafx-sdk-15.0.1/lib --add-modules=javafx.controls,javafx.fxml,javafx.media -XX:+ShowCodeDetailsInExceptionMessages -Dfile.encoding=UTF-8 eroiko.ani.MainApp

Host: Intel(R) Core(TM) i7-8750H CPU @ 2.20GHz, 12 cores, 15G,  Windows 10 , 64 bit Build 19041 (10.0.19041.928)
Time: Sun May 16 00:42:57 2021 Taipei Standard Time elapsed time: 0.844805 seconds (0d 0h 0m 0s)

---------------  T H R E A D  ---------------

Current thread (0x00000125a3cd9650):  JavaThread "C2 CompilerThread0" daemon [_thread_in_native, id=20652, stack(0x00000005fb200000,0x00000005fb300000)]


Current CompileTask:
C2:    844 1063   !   4       com.sun.javafx.css.ParsedValueImpl::readBinary (688 bytes)

Stack: [0x00000005fb200000,0x00000005fb300000]
Native frames: (J=compiled Java code, j=interpreted, Vv=VM code, C=native code)
V  [jvm.dll+0x62ae9a]
V  [jvm.dll+0x7817a9]
V  [jvm.dll+0x782f03]
V  [jvm.dll+0x783563]
V  [jvm.dll+0x216325]
V  [jvm.dll+0x97f3a]
V  [jvm.dll+0x9861c]
V  [jvm.dll+0x32e305]
V  [jvm.dll+0x18e1ba]
V  [jvm.dll+0x1ea822]
V  [jvm.dll+0x1e996e]
V  [jvm.dll+0x178567]
V  [jvm.dll+0x1f9225]
V  [jvm.dll+0x1f72cc]
V  [jvm.dll+0x74495d]
V  [jvm.dll+0x73d75a]
V  [jvm.dll+0x629c56]
C  [ucrtbase.dll+0x21bb2]
C  [KERNEL32.DLL+0x17034]
C  [ntdll.dll+0x52651]


---------------  P R O C E S S  ---------------

Threads class SMR info:
_java_thread_list=0x00000125a4e83090, length=18, elements={
0x00000125ff93b140, 0x00000125a34acfb0, 0x00000125a34ad870, 0x00000125a3cd56f0,
0x00000125a3cd5fb0, 0x00000125a3cd8970, 0x00000125a3cd9650, 0x00000125a3cda0f0,
0x00000125a3ce4000, 0x00000125a349ddc0, 0x00000125a3e059a0, 0x00000125a3e04d70,
0x00000125a469da80, 0x00000125a4497230, 0x00000125a4ab5670, 0x00000125a4ab0450,
0x00000125a4bdc040, 0x00000125a4c0d390
}

Java Threads: ( => current thread )
  0x00000125ff93b140 JavaThread "main" [_thread_blocked, id=23116, stack(0x00000005fa600000,0x00000005fa700000)]
  0x00000125a34acfb0 JavaThread "Reference Handler" daemon [_thread_blocked, id=6396, stack(0x00000005fad00000,0x00000005fae00000)]
  0x00000125a34ad870 JavaThread "Finalizer" daemon [_thread_blocked, id=21436, stack(0x00000005fae00000,0x00000005faf00000)]
  0x00000125a3cd56f0 JavaThread "Signal Dispatcher" daemon [_thread_blocked, id=18532, stack(0x00000005faf00000,0x00000005fb000000)]
  0x00000125a3cd5fb0 JavaThread "Attach Listener" daemon [_thread_blocked, id=16804, stack(0x00000005fb000000,0x00000005fb100000)]
  0x00000125a3cd8970 JavaThread "Service Thread" daemon [_thread_blocked, id=20540, stack(0x00000005fb100000,0x00000005fb200000)]
=>0x00000125a3cd9650 JavaThread "C2 CompilerThread0" daemon [_thread_in_native, id=20652, stack(0x00000005fb200000,0x00000005fb300000)]
  0x00000125a3cda0f0 JavaThread "C1 CompilerThread0" daemon [_thread_in_native, id=22252, stack(0x00000005fb300000,0x00000005fb400000)]
  0x00000125a3ce4000 JavaThread "Sweeper thread" daemon [_thread_blocked, id=16176, stack(0x00000005fb400000,0x00000005fb500000)]
  0x00000125a349ddc0 JavaThread "Common-Cleaner" daemon [_thread_blocked, id=22236, stack(0x00000005fb500000,0x00000005fb600000)]
  0x00000125a3e059a0 JavaThread "C2 CompilerThread1" daemon [_thread_in_native, id=14980, stack(0x00000005fb600000,0x00000005fb700000)]
  0x00000125a3e04d70 JavaThread "C2 CompilerThread2" daemon [_thread_in_native, id=2216, stack(0x00000005fb700000,0x00000005fb800000)]
  0x00000125a469da80 JavaThread "Notification Thread" daemon [_thread_blocked, id=8700, stack(0x00000005fb800000,0x00000005fb900000)]
  0x00000125a4497230 JavaThread "QuantumRenderer-0" daemon [_thread_blocked, id=23168, stack(0x00000005fba00000,0x00000005fbb00000)]
  0x00000125a4ab5670 JavaThread "InvokeLaterDispatcher" daemon [_thread_blocked, id=19060, stack(0x00000005fbc00000,0x00000005fbd00000)]
  0x00000125a4ab0450 JavaThread "JavaFX Application Thread" [_thread_in_Java, id=16304, stack(0x00000005fbd00000,0x00000005fbe00000)]
  0x00000125a4bdc040 JavaThread "JavaFX-Launcher" [_thread_blocked, id=18644, stack(0x00000005fc200000,0x00000005fc300000)]
  0x00000125a4c0d390 JavaThread "Thread-2" daemon [_thread_in_native, id=14728, stack(0x00000005fc100000,0x00000005fc200000)]

Other Threads:
  0x00000125a3cb8630 VMThread "VM Thread" [stack: 0x00000005fac00000,0x00000005fad00000] [id=6680]
  0x00000125a46a6af0 WatcherThread [stack: 0x00000005fb900000,0x00000005fba00000] [id=2268]
  0x00000125ff993910 GCTaskThread "GC Thread#0" [stack: 0x00000005fa700000,0x00000005fa800000] [id=18352]
  0x00000125a40aa6a0 GCTaskThread "GC Thread#1" [stack: 0x00000005fc300000,0x00000005fc400000] [id=17236]
  0x00000125a40aa9d0 GCTaskThread "GC Thread#2" [stack: 0x00000005fc400000,0x00000005fc500000] [id=10804]
  0x00000125a40a9050 GCTaskThread "GC Thread#3" [stack: 0x00000005fc500000,0x00000005fc600000] [id=16404]
  0x00000125a40ab690 GCTaskThread "GC Thread#4" [stack: 0x00000005fc600000,0x00000005fc700000] [id=11460]
  0x00000125a40a8390 GCTaskThread "GC Thread#5" [stack: 0x00000005fc700000,0x00000005fc800000] [id=12904]
  0x00000125ff9a46e0 ConcurrentGCThread "G1 Main Marker" [stack: 0x00000005fa800000,0x00000005fa900000] [id=11528]
  0x00000125ff9a5970 ConcurrentGCThread "G1 Conc#0" [stack: 0x00000005fa900000,0x00000005faa00000] [id=21340]
  0x00000125ffa03960 ConcurrentGCThread "G1 Refine#0" [stack: 0x00000005faa00000,0x00000005fab00000] [id=16148]
  0x00000125a3332620 ConcurrentGCThread "G1 Young RemSet Sampling" [stack: 0x00000005fab00000,0x00000005fac00000] [id=14388]

Threads with active compile tasks:
C2 CompilerThread0      886 1063   !   4       com.sun.javafx.css.ParsedValueImpl::readBinary (688 bytes)
C1 CompilerThread0      886 1395   !   3       com.sun.org.apache.xerces.internal.impl.XMLDocumentFragmentScannerImpl$FragmentContentDriver::next (2331 bytes)
C2 CompilerThread1      886 1349       4       java.util.HashMap::resize (356 bytes)
C2 CompilerThread2      886 1405       4       java.lang.String::startsWith (7 bytes)

VM state: not at safepoint (normal execution)

VM Mutex/Monitor currently owned by a thread: None

Heap address: 0x0000000702800000, size: 4056 MB, Compressed Oops mode: Zero based, Oop shift amount: 3
CDS archive(s) mapped at: [0x0000000800000000-0x0000000800b50000-0x0000000800b50000), size 11862016, SharedBaseAddress: 0x0000000800000000, ArchiveRelocationMode: 0.
Compressed class space mapped at: 0x0000000800b50000-0x0000000840b50000, size: 1073741824
Narrow klass base: 0x0000000800000000, Narrow klass shift: 3, Narrow klass range: 0x100000000

GC Precious Log:
 CPUs: 12 total, 12 available
 Memory: 16223M
 Large Page Support: Disabled
 NUMA Support: Disabled
 Compressed Oops: Enabled (Zero based)
 Heap Region Size: 2M
 Heap Min Capacity: 8M
 Heap Initial Capacity: 254M
 Heap Max Capacity: 4056M
 Pre-touch: Disabled
 Parallel Workers: 10
 Concurrent Workers: 3
 Concurrent Refinement Workers: 10
 Periodic GC: Disabled

Heap:
 garbage-first heap   total 260096K, used 20216K [0x0000000702800000, 0x0000000800000000)
  region size 2048K, 11 young (22528K), 2 survivors (4096K)
 Metaspace       used 10007K, capacity 11418K, committed 11520K, reserved 1058816K
  class space    used 1330K, capacity 1470K, committed 1536K, reserved 1048576K

Heap Regions: E=young(eden), S=young(survivor), O=old, HS=humongous(starts), HC=humongous(continues), CS=collection set, F=free, OA=open archive, CA=closed archive, TAMS=top-at-mark-start (previous, next)
|   0|0x0000000702800000, 0x0000000702800000, 0x0000000702a00000|  0%| F|  |TAMS 0x0000000702800000, 0x0000000702800000| Untracked 
|   1|0x0000000702a00000, 0x0000000702a00000, 0x0000000702c00000|  0%| F|  |TAMS 0x0000000702a00000, 0x0000000702a00000| Untracked 
|   2|0x0000000702c00000, 0x0000000702c00000, 0x0000000702e00000|  0%| F|  |TAMS 0x0000000702c00000, 0x0000000702c00000| Untracked 
|   3|0x0000000702e00000, 0x0000000702e00000, 0x0000000703000000|  0%| F|  |TAMS 0x0000000702e00000, 0x0000000702e00000| Untracked 
|   4|0x0000000703000000, 0x0000000703000000, 0x0000000703200000|  0%| F|  |TAMS 0x0000000703000000, 0x0000000703000000| Untracked 
|   5|0x0000000703200000, 0x0000000703200000, 0x0000000703400000|  0%| F|  |TAMS 0x0000000703200000, 0x0000000703200000| Untracked 
|   6|0x0000000703400000, 0x0000000703400000, 0x0000000703600000|  0%| F|  |TAMS 0x0000000703400000, 0x0000000703400000| Untracked 
|   7|0x0000000703600000, 0x0000000703600000, 0x0000000703800000|  0%| F|  |TAMS 0x0000000703600000, 0x0000000703600000| Untracked 
|   8|0x0000000703800000, 0x0000000703800000, 0x0000000703a00000|  0%| F|  |TAMS 0x0000000703800000, 0x0000000703800000| Untracked 
|   9|0x0000000703a00000, 0x0000000703a00000, 0x0000000703c00000|  0%| F|  |TAMS 0x0000000703a00000, 0x0000000703a00000| Untracked 
|  10|0x0000000703c00000, 0x0000000703c00000, 0x0000000703e00000|  0%| F|  |TAMS 0x0000000703c00000, 0x0000000703c00000| Untracked 
|  11|0x0000000703e00000, 0x0000000703e00000, 0x0000000704000000|  0%| F|  |TAMS 0x0000000703e00000, 0x0000000703e00000| Untracked 
|  12|0x0000000704000000, 0x0000000704000000, 0x0000000704200000|  0%| F|  |TAMS 0x0000000704000000, 0x0000000704000000| Untracked 
|  13|0x0000000704200000, 0x0000000704200000, 0x0000000704400000|  0%| F|  |TAMS 0x0000000704200000, 0x0000000704200000| Untracked 
|  14|0x0000000704400000, 0x0000000704400000, 0x0000000704600000|  0%| F|  |TAMS 0x0000000704400000, 0x0000000704400000| Untracked 
|  15|0x0000000704600000, 0x0000000704600000, 0x0000000704800000|  0%| F|  |TAMS 0x0000000704600000, 0x0000000704600000| Untracked 
|  16|0x0000000704800000, 0x0000000704800000, 0x0000000704a00000|  0%| F|  |TAMS 0x0000000704800000, 0x0000000704800000| Untracked 
|  17|0x0000000704a00000, 0x0000000704a00000, 0x0000000704c00000|  0%| F|  |TAMS 0x0000000704a00000, 0x0000000704a00000| Untracked 
|  18|0x0000000704c00000, 0x0000000704c00000, 0x0000000704e00000|  0%| F|  |TAMS 0x0000000704c00000, 0x0000000704c00000| Untracked 
|  19|0x0000000704e00000, 0x0000000704e00000, 0x0000000705000000|  0%| F|  |TAMS 0x0000000704e00000, 0x0000000704e00000| Untracked 
|  20|0x0000000705000000, 0x0000000705000000, 0x0000000705200000|  0%| F|  |TAMS 0x0000000705000000, 0x0000000705000000| Untracked 
|  21|0x0000000705200000, 0x0000000705200000, 0x0000000705400000|  0%| F|  |TAMS 0x0000000705200000, 0x0000000705200000| Untracked 
|  22|0x0000000705400000, 0x0000000705400000, 0x0000000705600000|  0%| F|  |TAMS 0x0000000705400000, 0x0000000705400000| Untracked 
|  23|0x0000000705600000, 0x0000000705600000, 0x0000000705800000|  0%| F|  |TAMS 0x0000000705600000, 0x0000000705600000| Untracked 
|  24|0x0000000705800000, 0x0000000705800000, 0x0000000705a00000|  0%| F|  |TAMS 0x0000000705800000, 0x0000000705800000| Untracked 
|  25|0x0000000705a00000, 0x0000000705a00000, 0x0000000705c00000|  0%| F|  |TAMS 0x0000000705a00000, 0x0000000705a00000| Untracked 
|  26|0x0000000705c00000, 0x0000000705c00000, 0x0000000705e00000|  0%| F|  |TAMS 0x0000000705c00000, 0x0000000705c00000| Untracked 
|  27|0x0000000705e00000, 0x0000000705e00000, 0x0000000706000000|  0%| F|  |TAMS 0x0000000705e00000, 0x0000000705e00000| Untracked 
|  28|0x0000000706000000, 0x0000000706000000, 0x0000000706200000|  0%| F|  |TAMS 0x0000000706000000, 0x0000000706000000| Untracked 
|  29|0x0000000706200000, 0x0000000706200000, 0x0000000706400000|  0%| F|  |TAMS 0x0000000706200000, 0x0000000706200000| Untracked 
|  30|0x0000000706400000, 0x0000000706400000, 0x0000000706600000|  0%| F|  |TAMS 0x0000000706400000, 0x0000000706400000| Untracked 
|  31|0x0000000706600000, 0x0000000706600000, 0x0000000706800000|  0%| F|  |TAMS 0x0000000706600000, 0x0000000706600000| Untracked 
|  32|0x0000000706800000, 0x0000000706800000, 0x0000000706a00000|  0%| F|  |TAMS 0x0000000706800000, 0x0000000706800000| Untracked 
|  33|0x0000000706a00000, 0x0000000706a00000, 0x0000000706c00000|  0%| F|  |TAMS 0x0000000706a00000, 0x0000000706a00000| Untracked 
|  34|0x0000000706c00000, 0x0000000706c00000, 0x0000000706e00000|  0%| F|  |TAMS 0x0000000706c00000, 0x0000000706c00000| Untracked 
|  35|0x0000000706e00000, 0x0000000706e00000, 0x0000000707000000|  0%| F|  |TAMS 0x0000000706e00000, 0x0000000706e00000| Untracked 
|  36|0x0000000707000000, 0x0000000707000000, 0x0000000707200000|  0%| F|  |TAMS 0x0000000707000000, 0x0000000707000000| Untracked 
|  37|0x0000000707200000, 0x0000000707200000, 0x0000000707400000|  0%| F|  |TAMS 0x0000000707200000, 0x0000000707200000| Untracked 
|  38|0x0000000707400000, 0x0000000707400000, 0x0000000707600000|  0%| F|  |TAMS 0x0000000707400000, 0x0000000707400000| Untracked 
|  39|0x0000000707600000, 0x0000000707600000, 0x0000000707800000|  0%| F|  |TAMS 0x0000000707600000, 0x0000000707600000| Untracked 
|  40|0x0000000707800000, 0x0000000707800000, 0x0000000707a00000|  0%| F|  |TAMS 0x0000000707800000, 0x0000000707800000| Untracked 
|  41|0x0000000707a00000, 0x0000000707a00000, 0x0000000707c00000|  0%| F|  |TAMS 0x0000000707a00000, 0x0000000707a00000| Untracked 
|  42|0x0000000707c00000, 0x0000000707c00000, 0x0000000707e00000|  0%| F|  |TAMS 0x0000000707c00000, 0x0000000707c00000| Untracked 
|  43|0x0000000707e00000, 0x0000000707e00000, 0x0000000708000000|  0%| F|  |TAMS 0x0000000707e00000, 0x0000000707e00000| Untracked 
|  44|0x0000000708000000, 0x0000000708000000, 0x0000000708200000|  0%| F|  |TAMS 0x0000000708000000, 0x0000000708000000| Untracked 
|  45|0x0000000708200000, 0x0000000708200000, 0x0000000708400000|  0%| F|  |TAMS 0x0000000708200000, 0x0000000708200000| Untracked 
|  46|0x0000000708400000, 0x0000000708400000, 0x0000000708600000|  0%| F|  |TAMS 0x0000000708400000, 0x0000000708400000| Untracked 
|  47|0x0000000708600000, 0x0000000708600000, 0x0000000708800000|  0%| F|  |TAMS 0x0000000708600000, 0x0000000708600000| Untracked 
|  48|0x0000000708800000, 0x0000000708800000, 0x0000000708a00000|  0%| F|  |TAMS 0x0000000708800000, 0x0000000708800000| Untracked 
|  49|0x0000000708a00000, 0x0000000708a00000, 0x0000000708c00000|  0%| F|  |TAMS 0x0000000708a00000, 0x0000000708a00000| Untracked 
|  50|0x0000000708c00000, 0x0000000708c00000, 0x0000000708e00000|  0%| F|  |TAMS 0x0000000708c00000, 0x0000000708c00000| Untracked 
|  51|0x0000000708e00000, 0x0000000708e00000, 0x0000000709000000|  0%| F|  |TAMS 0x0000000708e00000, 0x0000000708e00000| Untracked 
|  52|0x0000000709000000, 0x0000000709000000, 0x0000000709200000|  0%| F|  |TAMS 0x0000000709000000, 0x0000000709000000| Untracked 
|  53|0x0000000709200000, 0x0000000709200000, 0x0000000709400000|  0%| F|  |TAMS 0x0000000709200000, 0x0000000709200000| Untracked 
|  54|0x0000000709400000, 0x0000000709400000, 0x0000000709600000|  0%| F|  |TAMS 0x0000000709400000, 0x0000000709400000| Untracked 
|  55|0x0000000709600000, 0x0000000709600000, 0x0000000709800000|  0%| F|  |TAMS 0x0000000709600000, 0x0000000709600000| Untracked 
|  56|0x0000000709800000, 0x0000000709800000, 0x0000000709a00000|  0%| F|  |TAMS 0x0000000709800000, 0x0000000709800000| Untracked 
|  57|0x0000000709a00000, 0x0000000709a00000, 0x0000000709c00000|  0%| F|  |TAMS 0x0000000709a00000, 0x0000000709a00000| Untracked 
|  58|0x0000000709c00000, 0x0000000709c00000, 0x0000000709e00000|  0%| F|  |TAMS 0x0000000709c00000, 0x0000000709c00000| Untracked 
|  59|0x0000000709e00000, 0x0000000709e00000, 0x000000070a000000|  0%| F|  |TAMS 0x0000000709e00000, 0x0000000709e00000| Untracked 
|  60|0x000000070a000000, 0x000000070a000000, 0x000000070a200000|  0%| F|  |TAMS 0x000000070a000000, 0x000000070a000000| Untracked 
|  61|0x000000070a200000, 0x000000070a200000, 0x000000070a400000|  0%| F|  |TAMS 0x000000070a200000, 0x000000070a200000| Untracked 
|  62|0x000000070a400000, 0x000000070a400000, 0x000000070a600000|  0%| F|  |TAMS 0x000000070a400000, 0x000000070a400000| Untracked 
|  63|0x000000070a600000, 0x000000070a600000, 0x000000070a800000|  0%| F|  |TAMS 0x000000070a600000, 0x000000070a600000| Untracked 
|  64|0x000000070a800000, 0x000000070a800000, 0x000000070aa00000|  0%| F|  |TAMS 0x000000070a800000, 0x000000070a800000| Untracked 
|  65|0x000000070aa00000, 0x000000070aa00000, 0x000000070ac00000|  0%| F|  |TAMS 0x000000070aa00000, 0x000000070aa00000| Untracked 
|  66|0x000000070ac00000, 0x000000070ac00000, 0x000000070ae00000|  0%| F|  |TAMS 0x000000070ac00000, 0x000000070ac00000| Untracked 
|  67|0x000000070ae00000, 0x000000070ae00000, 0x000000070b000000|  0%| F|  |TAMS 0x000000070ae00000, 0x000000070ae00000| Untracked 
|  68|0x000000070b000000, 0x000000070b000000, 0x000000070b200000|  0%| F|  |TAMS 0x000000070b000000, 0x000000070b000000| Untracked 
|  69|0x000000070b200000, 0x000000070b200000, 0x000000070b400000|  0%| F|  |TAMS 0x000000070b200000, 0x000000070b200000| Untracked 
|  70|0x000000070b400000, 0x000000070b400000, 0x000000070b600000|  0%| F|  |TAMS 0x000000070b400000, 0x000000070b400000| Untracked 
|  71|0x000000070b600000, 0x000000070b600000, 0x000000070b800000|  0%| F|  |TAMS 0x000000070b600000, 0x000000070b600000| Untracked 
|  72|0x000000070b800000, 0x000000070b800000, 0x000000070ba00000|  0%| F|  |TAMS 0x000000070b800000, 0x000000070b800000| Untracked 
|  73|0x000000070ba00000, 0x000000070ba00000, 0x000000070bc00000|  0%| F|  |TAMS 0x000000070ba00000, 0x000000070ba00000| Untracked 
|  74|0x000000070bc00000, 0x000000070bc00000, 0x000000070be00000|  0%| F|  |TAMS 0x000000070bc00000, 0x000000070bc00000| Untracked 
|  75|0x000000070be00000, 0x000000070be00000, 0x000000070c000000|  0%| F|  |TAMS 0x000000070be00000, 0x000000070be00000| Untracked 
|  76|0x000000070c000000, 0x000000070c000000, 0x000000070c200000|  0%| F|  |TAMS 0x000000070c000000, 0x000000070c000000| Untracked 
|  77|0x000000070c200000, 0x000000070c200000, 0x000000070c400000|  0%| F|  |TAMS 0x000000070c200000, 0x000000070c200000| Untracked 
|  78|0x000000070c400000, 0x000000070c400000, 0x000000070c600000|  0%| F|  |TAMS 0x000000070c400000, 0x000000070c400000| Untracked 
|  79|0x000000070c600000, 0x000000070c600000, 0x000000070c800000|  0%| F|  |TAMS 0x000000070c600000, 0x000000070c600000| Untracked 
|  80|0x000000070c800000, 0x000000070c800000, 0x000000070ca00000|  0%| F|  |TAMS 0x000000070c800000, 0x000000070c800000| Untracked 
|  81|0x000000070ca00000, 0x000000070ca00000, 0x000000070cc00000|  0%| F|  |TAMS 0x000000070ca00000, 0x000000070ca00000| Untracked 
|  82|0x000000070cc00000, 0x000000070cc00000, 0x000000070ce00000|  0%| F|  |TAMS 0x000000070cc00000, 0x000000070cc00000| Untracked 
|  83|0x000000070ce00000, 0x000000070ce00000, 0x000000070d000000|  0%| F|  |TAMS 0x000000070ce00000, 0x000000070ce00000| Untracked 
|  84|0x000000070d000000, 0x000000070d000000, 0x000000070d200000|  0%| F|  |TAMS 0x000000070d000000, 0x000000070d000000| Untracked 
|  85|0x000000070d200000, 0x000000070d200000, 0x000000070d400000|  0%| F|  |TAMS 0x000000070d200000, 0x000000070d200000| Untracked 
|  86|0x000000070d400000, 0x000000070d400000, 0x000000070d600000|  0%| F|  |TAMS 0x000000070d400000, 0x000000070d400000| Untracked 
|  87|0x000000070d600000, 0x000000070d600000, 0x000000070d800000|  0%| F|  |TAMS 0x000000070d600000, 0x000000070d600000| Untracked 
|  88|0x000000070d800000, 0x000000070d800000, 0x000000070da00000|  0%| F|  |TAMS 0x000000070d800000, 0x000000070d800000| Untracked 
|  89|0x000000070da00000, 0x000000070da00000, 0x000000070dc00000|  0%| F|  |TAMS 0x000000070da00000, 0x000000070da00000| Untracked 
|  90|0x000000070dc00000, 0x000000070dc00000, 0x000000070de00000|  0%| F|  |TAMS 0x000000070dc00000, 0x000000070dc00000| Untracked 
|  91|0x000000070de00000, 0x000000070de00000, 0x000000070e000000|  0%| F|  |TAMS 0x000000070de00000, 0x000000070de00000| Untracked 
|  92|0x000000070e000000, 0x000000070e000000, 0x000000070e200000|  0%| F|  |TAMS 0x000000070e000000, 0x000000070e000000| Untracked 
|  93|0x000000070e200000, 0x000000070e200000, 0x000000070e400000|  0%| F|  |TAMS 0x000000070e200000, 0x000000070e200000| Untracked 
|  94|0x000000070e400000, 0x000000070e400000, 0x000000070e600000|  0%| F|  |TAMS 0x000000070e400000, 0x000000070e400000| Untracked 
|  95|0x000000070e600000, 0x000000070e600000, 0x000000070e800000|  0%| F|  |TAMS 0x000000070e600000, 0x000000070e600000| Untracked 
|  96|0x000000070e800000, 0x000000070e800000, 0x000000070ea00000|  0%| F|  |TAMS 0x000000070e800000, 0x000000070e800000| Untracked 
|  97|0x000000070ea00000, 0x000000070ea00000, 0x000000070ec00000|  0%| F|  |TAMS 0x000000070ea00000, 0x000000070ea00000| Untracked 
|  98|0x000000070ec00000, 0x000000070ec00000, 0x000000070ee00000|  0%| F|  |TAMS 0x000000070ec00000, 0x000000070ec00000| Untracked 
|  99|0x000000070ee00000, 0x000000070ee00000, 0x000000070f000000|  0%| F|  |TAMS 0x000000070ee00000, 0x000000070ee00000| Untracked 
| 100|0x000000070f000000, 0x000000070f000000, 0x000000070f200000|  0%| F|  |TAMS 0x000000070f000000, 0x000000070f000000| Untracked 
| 101|0x000000070f200000, 0x000000070f200000, 0x000000070f400000|  0%| F|  |TAMS 0x000000070f200000, 0x000000070f200000| Untracked 
| 102|0x000000070f400000, 0x000000070f400000, 0x000000070f600000|  0%| F|  |TAMS 0x000000070f400000, 0x000000070f400000| Untracked 
| 103|0x000000070f600000, 0x000000070f600000, 0x000000070f800000|  0%| F|  |TAMS 0x000000070f600000, 0x000000070f600000| Untracked 
| 104|0x000000070f800000, 0x000000070f800000, 0x000000070fa00000|  0%| F|  |TAMS 0x000000070f800000, 0x000000070f800000| Untracked 
| 105|0x000000070fa00000, 0x000000070fa00000, 0x000000070fc00000|  0%| F|  |TAMS 0x000000070fa00000, 0x000000070fa00000| Untracked 
| 106|0x000000070fc00000, 0x000000070fc00000, 0x000000070fe00000|  0%| F|  |TAMS 0x000000070fc00000, 0x000000070fc00000| Untracked 
| 107|0x000000070fe00000, 0x000000070fe00000, 0x0000000710000000|  0%| F|  |TAMS 0x000000070fe00000, 0x000000070fe00000| Untracked 
| 108|0x0000000710000000, 0x0000000710000000, 0x0000000710200000|  0%| F|  |TAMS 0x0000000710000000, 0x0000000710000000| Untracked 
| 109|0x0000000710200000, 0x0000000710200000, 0x0000000710400000|  0%| F|  |TAMS 0x0000000710200000, 0x0000000710200000| Untracked 
| 110|0x0000000710400000, 0x0000000710400000, 0x0000000710600000|  0%| F|  |TAMS 0x0000000710400000, 0x0000000710400000| Untracked 
| 111|0x0000000710600000, 0x0000000710600000, 0x0000000710800000|  0%| F|  |TAMS 0x0000000710600000, 0x0000000710600000| Untracked 
| 112|0x0000000710800000, 0x0000000710800000, 0x0000000710a00000|  0%| F|  |TAMS 0x0000000710800000, 0x0000000710800000| Untracked 
| 113|0x0000000710a00000, 0x0000000710a00000, 0x0000000710c00000|  0%| F|  |TAMS 0x0000000710a00000, 0x0000000710a00000| Untracked 
| 114|0x0000000710c00000, 0x0000000710dbe2f0, 0x0000000710e00000| 87%| S|CS|TAMS 0x0000000710c00000, 0x0000000710c00000| Complete 
| 115|0x0000000710e00000, 0x0000000711000000, 0x0000000711000000|100%| S|CS|TAMS 0x0000000710e00000, 0x0000000710e00000| Complete 
| 116|0x0000000711000000, 0x0000000711000000, 0x0000000711200000|  0%| F|  |TAMS 0x0000000711000000, 0x0000000711000000| Untracked 
| 117|0x0000000711200000, 0x0000000711200000, 0x0000000711400000|  0%| F|  |TAMS 0x0000000711200000, 0x0000000711200000| Untracked 
| 118|0x0000000711400000, 0x00000007115ff078, 0x0000000711600000| 99%| E|  |TAMS 0x0000000711400000, 0x0000000711400000| Complete 
| 119|0x0000000711600000, 0x0000000711800000, 0x0000000711800000|100%| E|CS|TAMS 0x0000000711600000, 0x0000000711600000| Complete 
| 120|0x0000000711800000, 0x0000000711a00000, 0x0000000711a00000|100%| E|CS|TAMS 0x0000000711800000, 0x0000000711800000| Complete 
| 121|0x0000000711a00000, 0x0000000711c00000, 0x0000000711c00000|100%| E|CS|TAMS 0x0000000711a00000, 0x0000000711a00000| Complete 
| 122|0x0000000711c00000, 0x0000000711e00000, 0x0000000711e00000|100%| E|CS|TAMS 0x0000000711c00000, 0x0000000711c00000| Complete 
| 123|0x0000000711e00000, 0x0000000712000000, 0x0000000712000000|100%| E|CS|TAMS 0x0000000711e00000, 0x0000000711e00000| Complete 
| 124|0x0000000712000000, 0x0000000712200000, 0x0000000712200000|100%| E|CS|TAMS 0x0000000712000000, 0x0000000712000000| Complete 
| 125|0x0000000712200000, 0x0000000712400000, 0x0000000712400000|100%| E|CS|TAMS 0x0000000712200000, 0x0000000712200000| Complete 
| 126|0x0000000712400000, 0x0000000712600000, 0x0000000712600000|100%| E|CS|TAMS 0x0000000712400000, 0x0000000712400000| Complete 

Card table byte_map: [0x0000012597950000,0x0000012598140000] _byte_map_base: 0x000001259413c000

Marking Bits (Prev, Next): (CMBitMap*) 0x00000125ff994000, (CMBitMap*) 0x00000125ff994040
 Prev Bits: [0x0000012598930000, 0x000001259c890000)
 Next Bits: [0x000001259c890000, 0x00000125a07f0000)

Polling page: 0x00000125fd7b0000

Metaspace:

Usage:
  Non-class:      9.71 MB capacity,     8.48 MB ( 87%) used,     1.22 MB ( 13%) free+waste,    17.44 KB ( <1%) overhead. 
      Class:      1.47 MB capacity,     1.31 MB ( 89%) used,   152.12 KB ( 10%) free+waste,     7.56 KB ( <1%) overhead. 
       Both:     11.18 MB capacity,     9.79 MB ( 88%) used,     1.37 MB ( 12%) free+waste,    25.00 KB ( <1%) overhead. 

Virtual space:
  Non-class space:       10.00 MB reserved,       9.75 MB ( 98%) committed 
      Class space:        1.00 GB reserved,       1.50 MB ( <1%) committed 
             Both:        1.01 GB reserved,      11.25 MB (  1%) committed 

Chunk freelists:
   Non-Class:  36.00 KB
       Class:  2.00 KB
        Both:  38.00 KB

MaxMetaspaceSize: 17179869184.00 GB
CompressedClassSpaceSize: 1.00 GB

CodeHeap 'non-profiled nmethods': size=120000Kb used=467Kb max_used=467Kb free=119532Kb
 bounds [0x000001258fc30000, 0x000001258fea0000, 0x0000012597160000]
CodeHeap 'profiled nmethods': size=120000Kb used=2388Kb max_used=2388Kb free=117611Kb
 bounds [0x0000012588700000, 0x0000012588970000, 0x000001258fc30000]
CodeHeap 'non-nmethods': size=5760Kb used=1278Kb max_used=1293Kb free=4481Kb
 bounds [0x0000012588160000, 0x00000125883d0000, 0x0000012588700000]
 total_blobs=1959 nmethods=1393 adapters=479
 compilation: enabled
              stopped_count=0, restarted_count=0
 full_count=0

Compilation events (20 events):
Event: 0.830 Thread 0x00000125a3cda0f0 nmethod 1342 0x000001258892b590 code [0x000001258892b740, 0x000001258892b888]
Event: 0.830 Thread 0x00000125a3cda0f0 1343       3       java.util.stream.Collectors::lambda$joining$11 (11 bytes)
Event: 0.830 Thread 0x00000125a3cda0f0 nmethod 1343 0x000001258892b910 code [0x000001258892bac0, 0x000001258892bc48]
Event: 0.830 Thread 0x00000125a3cda0f0 1344       3       com.sun.org.apache.xerces.internal.impl.XMLDocumentFragmentScannerImpl::getCharacterData (17 bytes)
Event: 0.830 Thread 0x00000125a3cda0f0 nmethod 1344 0x000001258892bd10 code [0x000001258892bea0, 0x000001258892bff8]
Event: 0.830 Thread 0x00000125a3cda0f0 1345       3       com.sun.org.apache.xerces.internal.impl.XMLEntityScanner::scanQName (502 bytes)
Event: 0.831 Thread 0x00000125a3cda0f0 nmethod 1345 0x000001258892c090 code [0x000001258892c3e0, 0x000001258892d6a8]
Event: 0.831 Thread 0x00000125a3cda0f0 1347       3       com.sun.org.apache.xerces.internal.xni.QName::setValues (33 bytes)
Event: 0.832 Thread 0x00000125a3cda0f0 nmethod 1347 0x000001258892df10 code [0x000001258892e0c0, 0x000001258892e378]
Event: 0.832 Thread 0x00000125a3cda0f0 1346       3       com.sun.org.apache.xerces.internal.xni.QName::setValues (22 bytes)
Event: 0.832 Thread 0x00000125a3cda0f0 nmethod 1346 0x000001258892e410 code [0x000001258892e5c0, 0x000001258892e858]
Event: 0.832 Thread 0x00000125a3cda0f0 1348       3       com.sun.org.apache.xerces.internal.impl.XMLEntityScanner::checkLimit (256 bytes)
Event: 0.835 Thread 0x00000125a3cda0f0 nmethod 1348 0x000001258892e910 code [0x000001258892ee20, 0x0000012588932168]
Event: 0.838 Thread 0x00000125a3e059a0 1349       4       java.util.HashMap::resize (356 bytes)
Event: 0.838 Thread 0x00000125a3cda0f0 1350       3       com.sun.org.apache.xerces.internal.util.SymbolTable::hash (53 bytes)
Event: 0.838 Thread 0x00000125a3cda0f0 nmethod 1350 0x0000012588933410 code [0x00000125889335c0, 0x0000012588933828]
Event: 0.838 Thread 0x00000125a3cda0f0 1352       3       java.lang.reflect.AccessibleObject::verifyAccess (55 bytes)
Event: 0.838 Thread 0x00000125a3cda0f0 nmethod 1352 0x0000012588933990 code [0x0000012588933bc0, 0x00000125889346e8]
Event: 0.838 Thread 0x00000125a3cda0f0 1351       3       javafx.fxml.FXMLLoader$Element::isTyped (16 bytes)
Event: 0.839 Thread 0x00000125a3cda0f0 nmethod 1351 0x0000012588934990 code [0x0000012588934b40, 0x0000012588934db8]

GC Heap History (2 events):
Event: 0.563 GC heap before
{Heap before GC invocations=0 (full 0):
 garbage-first heap   total 260096K, used 22528K [0x0000000702800000, 0x0000000800000000)
  region size 2048K, 11 young (22528K), 0 survivors (0K)
 Metaspace       used 5715K, capacity 7977K, committed 8064K, reserved 1056768K
  class space    used 668K, capacity 890K, committed 896K, reserved 1048576K
}
Event: 0.567 GC heap after
{Heap after GC invocations=1 (full 0):
 garbage-first heap   total 260096K, used 3832K [0x0000000702800000, 0x0000000800000000)
  region size 2048K, 2 young (4096K), 2 survivors (4096K)
 Metaspace       used 5715K, capacity 7977K, committed 8064K, reserved 1056768K
  class space    used 668K, capacity 890K, committed 896K, reserved 1048576K
}

Deoptimization events (20 events):
Event: 0.800 Thread 0x00000125a4ab0450 DEOPT PACKING pc=0x000001258fc8dcfc sp=0x00000005fbdfd620
Event: 0.800 Thread 0x00000125a4ab0450 DEOPT UNPACKING pc=0x00000125881ae42f sp=0x00000005fbdfd5c0 mode 2
Event: 0.807 Thread 0x00000125a4ab0450 Uncommon trap: trap_request=0xffffffc6 fr.pc=0x000001258fc8dcfc relative=0x000000000000059c
Event: 0.807 Thread 0x00000125a4ab0450 Uncommon trap: reason=bimorphic_or_optimized_type_check action=maybe_recompile pc=0x000001258fc8dcfc method=java.util.concurrent.ConcurrentHashMap.get(Ljava/lang/Object;)Ljava/lang/Object; @ 149 c2
Event: 0.807 Thread 0x00000125a4ab0450 DEOPT PACKING pc=0x000001258fc8dcfc sp=0x00000005fbdfd3f0
Event: 0.807 Thread 0x00000125a4ab0450 DEOPT UNPACKING pc=0x00000125881ae42f sp=0x00000005fbdfd390 mode 2
Event: 0.808 Thread 0x00000125a4ab0450 DEOPT PACKING pc=0x00000125888f064c sp=0x00000005fbdfd480
Event: 0.809 Thread 0x00000125a4ab0450 DEOPT UNPACKING pc=0x00000125881ae23f sp=0x00000005fbdfc968 mode 0
Event: 0.809 Thread 0x00000125a4ab0450 DEOPT PACKING pc=0x00000125888f064c sp=0x00000005fbdfd280
Event: 0.809 Thread 0x00000125a4ab0450 DEOPT UNPACKING pc=0x00000125881ae23f sp=0x00000005fbdfc768 mode 0
Event: 0.811 Thread 0x00000125a4ab0450 DEOPT PACKING pc=0x00000125888f064c sp=0x00000005fbdfd400
Event: 0.811 Thread 0x00000125a4ab0450 DEOPT UNPACKING pc=0x00000125881ae23f sp=0x00000005fbdfc8e8 mode 0
Event: 0.812 Thread 0x00000125a4ab0450 DEOPT PACKING pc=0x00000125888f064c sp=0x00000005fbdfd320
Event: 0.812 Thread 0x00000125a4ab0450 DEOPT UNPACKING pc=0x00000125881ae23f sp=0x00000005fbdfc808 mode 0
Event: 0.813 Thread 0x00000125a4ab0450 DEOPT PACKING pc=0x00000125888f064c sp=0x00000005fbdfd200
Event: 0.813 Thread 0x00000125a4ab0450 DEOPT UNPACKING pc=0x00000125881ae23f sp=0x00000005fbdfc6e8 mode 0
Event: 0.814 Thread 0x00000125a4ab0450 DEOPT PACKING pc=0x00000125888f064c sp=0x00000005fbdfd140
Event: 0.814 Thread 0x00000125a4ab0450 DEOPT UNPACKING pc=0x00000125881ae23f sp=0x00000005fbdfc628 mode 0
Event: 0.815 Thread 0x00000125a4ab0450 DEOPT PACKING pc=0x00000125888f064c sp=0x00000005fbdfd5c0
Event: 0.815 Thread 0x00000125a4ab0450 DEOPT UNPACKING pc=0x00000125881ae23f sp=0x00000005fbdfcaa8 mode 0

Classes unloaded (0 events):
No events

Classes redefined (0 events):
No events

Internal exceptions (18 events):
Event: 0.073 Thread 0x00000125ff93b140 Exception <a 'sun/nio/fs/WindowsException'{0x00000007124dccc0}> (0x00000007124dccc0) 
thrown [./open/src/hotspot/share/prims/jni.cpp, line 578]
Event: 0.073 Thread 0x00000125ff93b140 Exception <a 'sun/nio/fs/WindowsException'{0x00000007124dd150}> (0x00000007124dd150) 
thrown [./open/src/hotspot/share/prims/jni.cpp, line 578]
Event: 0.155 Thread 0x00000125ff93b140 Exception <a 'java/lang/NoSuchMethodError'{0x0000000711f5d308}: 'java.lang.Object java.lang.invoke.DirectMethodHandle$Holder.invokeStatic(java.lang.Object)'> (0x0000000711f5d308) 
thrown [./open/src/hotspot/share/interpreter/linkResolver.cpp, line 782]
Event: 0.156 Thread 0x00000125ff93b140 Exception <a 'java/lang/NoSuchMethodError'{0x0000000711f60c18}: 'java.lang.Object java.lang.invoke.DirectMethodHandle$Holder.invokeStaticInit(java.lang.Object)'> (0x0000000711f60c18) 
thrown [./open/src/hotspot/share/interpreter/linkResolver.cpp, line 782]
Event: 0.157 Thread 0x00000125ff93b140 Exception <a 'java/lang/NoSuchMethodError'{0x0000000711f67300}: 'void java.lang.invoke.DirectMethodHandle$Holder.invokeStatic(java.lang.Object, java.lang.Object)'> (0x0000000711f67300) 
thrown [./open/src/hotspot/share/interpreter/linkResolver.cpp, line 782]
Event: 0.263 Thread 0x00000125ff93b140 Exception <a 'java/lang/NoSuchMethodError'{0x0000000711a82028}: 'void java.lang.invoke.DirectMethodHandle$Holder.invokeSpecial(java.lang.Object, java.lang.Object, java.lang.Object)'> (0x0000000711a82028) 
thrown [./open/src/hotspot/share/interpreter/linkResolver.cpp, line 782]
Event: 0.270 Thread 0x00000125ff93b140 Exception <a 'java/lang/NoSuchMethodError'{0x0000000711abc488}: 'void java.lang.invoke.DirectMethodHandle$Holder.invokeStatic(java.lang.Object, java.lang.Object, java.lang.Object)'> (0x0000000711abc488) 
thrown [./open/src/hotspot/share/interpreter/linkResolver.cpp, line 782]
Event: 0.348 Thread 0x00000125ff93b140 Exception <a 'java/lang/NoSuchMethodError'{0x0000000711ad8a50}: 'int java.lang.invoke.DirectMethodHandle$Holder.invokeStaticInit(java.lang.Object, java.lang.Object, java.lang.Object)'> (0x0000000711ad8a50) 
thrown [./open/src/hotspot/share/interpreter/linkResolver.cpp, line 782]
Event: 0.362 Thread 0x00000125ff93b140 Exception <a 'java/lang/NoSuchMethodError'{0x0000000711bff268}: 'java.lang.Object java.lang.invoke.DirectMethodHandle$Holder.newInvokeSpecial(java.lang.Object, java.lang.Object, int, java.lang.Object)'> (0x0000000711bff268) 
thrown [./open/src/hotspot/share/interpreter/linkResolver.cpp, line 782]
Event: 0.363 Thread 0x00000125ff93b140 Exception <a 'java/lang/NoSuchMethodError'{0x0000000711804580}: 'java.lang.Object java.lang.invoke.DirectMethodHandle$Holder.invokeSpecial(java.lang.Object, java.lang.Object, java.lang.Object, int, java.lang.Object)'> (0x0000000711804580) 
thrown [./open/src/hotspot/share/interpreter/linkResolver.cpp, line 782]
Event: 0.459 Thread 0x00000125a4ab0450 Exception <a 'java/lang/NoSuchMethodError'{0x000000071169e790}: 'void java.lang.invoke.DirectMethodHandle$Holder.invokeStaticInit(java.lang.Object)'> (0x000000071169e790) 
thrown [./open/src/hotspot/share/interpreter/linkResolver.cpp, line 782]
Event: 0.462 Thread 0x00000125ff93b140 Exception <a 'java/lang/NoSuchMethodError'{0x000000071181a888}: 'java.lang.Object java.lang.invoke.DirectMethodHandle$Holder.newInvokeSpecial(java.lang.Object, java.lang.Object, java.lang.Object, java.lang.Object, java.lang.Object, java.lang.Object)'> (0x000000071181a888) 
thrown [./open/src/hotspot/share/interpreter/linkResolver.cpp, line 782]
Event: 0.467 Thread 0x00000125ff93b140 Exception <a 'java/lang/NoSuchMethodError'{0x0000000711849f20}: 'java.lang.Object java.lang.invoke.DirectMethodHandle$Holder.newInvokeSpecial(java.lang.Object, java.lang.Object, java.lang.Object, java.lang.Object, java.lang.Object)'> (0x0000000711849f20) 
thrown [./open/src/hotspot/share/interpreter/linkResolver.cpp, line 782]
Event: 0.468 Thread 0x00000125a4bdc040 Exception <a 'java/lang/NoSuchMethodError'{0x00000007117576b8}: 'void java.lang.invoke.DirectMethodHandle$Holder.invokeStatic(java.lang.Object, java.lang.Object, java.lang.Object, java.lang.Object)'> (0x00000007117576b8) 
thrown [./open/src/hotspot/share/interpreter/linkResolver.cpp, line 782]
Event: 0.585 Thread 0x00000125a4ab0450 Exception <a 'java/lang/NoSuchMethodError'{0x0000000712585220}: 'java.lang.Object java.lang.invoke.DirectMethodHandle$Holder.invokeStaticInit(java.lang.Object, java.lang.Object, java.lang.Object, java.lang.Object)'> (0x0000000712585220) 
thrown [./open/src/hotspot/share/interpreter/linkResolver.cpp, line 782]
Event: 0.587 Thread 0x00000125a4ab0450 Exception <a 'java/lang/NullPointerException'{0x00000007125913a8}> (0x00000007125913a8) 
thrown [./open/src/hotspot/share/interpreter/linkResolver.cpp, line 1374]
Event: 0.598 Thread 0x00000125a4ab0450 Exception <a 'java/lang/NoSuchMethodError'{0x00000007122c7288}: 'void java.lang.invoke.DirectMethodHandle$Holder.invokeSpecial(java.lang.Object, java.lang.Object, java.lang.Object, java.lang.Object, java.lang.Object)'> (0x00000007122c7288) 
thrown [./open/src/hotspot/share/interpreter/linkResolver.cpp, line 782]
Event: 0.661 Thread 0x00000125a4ab0450 Exception <a 'java/lang/NoSuchMethodError'{0x0000000711f5dba8}: 'void java.lang.invoke.DirectMethodHandle$Holder.invokeStaticInit(java.lang.Object, java.lang.Object)'> (0x0000000711f5dba8) 
thrown [./open/src/hotspot/share/interpreter/linkResolver.cpp, line 782]

Events (20 events):
Event: 0.727 loading class java/lang/WeakPairMap$WeakRefPeer done
Event: 0.727 loading class java/lang/WeakPairMap$Pair$Weak done
Event: 0.727 loading class java/lang/WeakPairMap$Pair$Weak$1
Event: 0.727 loading class java/lang/WeakPairMap$Pair$Weak$1 done
Event: 0.729 loading class java/lang/Class$AnnotationData
Event: 0.730 loading class java/lang/Class$AnnotationData done
Event: 0.733 loading class jdk/internal/reflect/UnsafeFieldAccessorFactory
Event: 0.733 loading class jdk/internal/reflect/UnsafeFieldAccessorFactory done
Event: 0.733 loading class jdk/internal/reflect/UnsafeObjectFieldAccessorImpl
Event: 0.733 loading class jdk/internal/reflect/UnsafeObjectFieldAccessorImpl done
Event: 0.769 loading class sun/nio/cs/UTF_16BE$Decoder
Event: 0.769 loading class sun/nio/cs/UnicodeDecoder
Event: 0.769 loading class sun/nio/cs/UnicodeDecoder done
Event: 0.769 loading class sun/nio/cs/UTF_16BE$Decoder done
Event: 0.817 loading class jdk/internal/math/FDBigInteger
Event: 0.817 loading class jdk/internal/math/FDBigInteger done
Event: 0.824 Executing VM operation: ICBufferFull
Event: 0.824 Executing VM operation: ICBufferFull done
Event: 0.824 Executing VM operation: HandshakeAllThreads
Event: 0.824 Executing VM operation: HandshakeAllThreads done


Dynamic libraries:
0x00007ff7d1ac0000 - 0x00007ff7d1acf000 	C:\Program Files\Java\jdk-15.0.2\bin\java.exe
0x00007ffb4fad0000 - 0x00007ffb4fcc5000 	C:\Windows\SYSTEM32\ntdll.dll
0x00007ffb4f9d0000 - 0x00007ffb4fa8d000 	C:\Windows\System32\KERNEL32.DLL
0x00007ffb4d210000 - 0x00007ffb4d4d8000 	C:\Windows\System32\KERNELBASE.dll
0x00007ffb4da30000 - 0x00007ffb4db30000 	C:\Windows\System32\ucrtbase.dll
0x00007ffb2b430000 - 0x00007ffb2b448000 	C:\Program Files\Java\jdk-15.0.2\bin\jli.dll
0x00007ffb2ba40000 - 0x00007ffb2ba59000 	C:\Program Files\Java\jdk-15.0.2\bin\VCRUNTIME140.dll
0x00007ffb4f4f0000 - 0x00007ffb4f59c000 	C:\Windows\System32\ADVAPI32.dll
0x00007ffb4f610000 - 0x00007ffb4f6ae000 	C:\Windows\System32\msvcrt.dll
0x00007ffb4e410000 - 0x00007ffb4e4ab000 	C:\Windows\System32\sechost.dll
0x00007ffb4f390000 - 0x00007ffb4f4bb000 	C:\Windows\System32\RPCRT4.dll
0x00007ffb4e8f0000 - 0x00007ffb4ea90000 	C:\Windows\System32\USER32.dll
0x00007ffb4d6f0000 - 0x00007ffb4d712000 	C:\Windows\System32\win32u.dll
0x00007ffb30e90000 - 0x00007ffb3112a000 	C:\Windows\WinSxS\amd64_microsoft.windows.common-controls_6595b64144ccf1df_6.0.19041.844_none_ca00b6081b84eb1d\COMCTL32.dll
0x00007ffb4dc30000 - 0x00007ffb4dc5a000 	C:\Windows\System32\GDI32.dll
0x00007ffb4d720000 - 0x00007ffb4d82b000 	C:\Windows\System32\gdi32full.dll
0x00007ffb4d990000 - 0x00007ffb4da2d000 	C:\Windows\System32\msvcp_win.dll
0x00007ffb46ab0000 - 0x00007ffb46aba000 	C:\Windows\SYSTEM32\VERSION.dll
0x00007ffb4f4c0000 - 0x00007ffb4f4f0000 	C:\Windows\System32\IMM32.DLL
0x00007ffb38050000 - 0x00007ffb3805c000 	C:\Program Files\Java\jdk-15.0.2\bin\vcruntime140_1.dll
0x00007ffb219b0000 - 0x00007ffb21a41000 	C:\Program Files\Java\jdk-15.0.2\bin\msvcp140.dll
0x00007ffaca8a0000 - 0x00007ffacb3fe000 	C:\Program Files\Java\jdk-15.0.2\bin\server\jvm.dll
0x00007ffb4e310000 - 0x00007ffb4e318000 	C:\Windows\System32\PSAPI.DLL
0x00007ffb38b30000 - 0x00007ffb38b39000 	C:\Windows\SYSTEM32\WSOCK32.dll
0x00007ffb391e0000 - 0x00007ffb39207000 	C:\Windows\SYSTEM32\WINMM.dll
0x00007ffb4f5a0000 - 0x00007ffb4f60b000 	C:\Windows\System32\WS2_32.dll
0x00007ffb4baa0000 - 0x00007ffb4bab2000 	C:\Windows\SYSTEM32\kernel.appcore.dll
0x00007ffb35530000 - 0x00007ffb3553a000 	C:\Program Files\Java\jdk-15.0.2\bin\jimage.dll
0x00007ffb32320000 - 0x00007ffb32504000 	C:\Windows\SYSTEM32\DBGHELP.DLL
0x00007ffb31e20000 - 0x00007ffb31e4c000 	C:\Windows\SYSTEM32\dbgcore.DLL
0x00007ffb4d830000 - 0x00007ffb4d8b0000 	C:\Windows\System32\bcryptPrimitives.dll
0x00007ffb2b400000 - 0x00007ffb2b425000 	C:\Program Files\Java\jdk-15.0.2\bin\java.dll
0x00007ffb4ec40000 - 0x00007ffb4f382000 	C:\Windows\System32\SHELL32.dll
0x00007ffb4b300000 - 0x00007ffb4ba90000 	C:\Windows\SYSTEM32\windows.storage.dll
0x00007ffb4e4b0000 - 0x00007ffb4e805000 	C:\Windows\System32\combase.dll
0x00007ffb4cbb0000 - 0x00007ffb4cbdc000 	C:\Windows\SYSTEM32\Wldp.dll
0x00007ffb4f840000 - 0x00007ffb4f8ee000 	C:\Windows\System32\SHCORE.dll
0x00007ffb4de40000 - 0x00007ffb4de95000 	C:\Windows\System32\shlwapi.dll
0x00007ffb4d150000 - 0x00007ffb4d16f000 	C:\Windows\SYSTEM32\profapi.dll
0x00007ffb2b3e0000 - 0x00007ffb2b3f9000 	C:\Program Files\Java\jdk-15.0.2\bin\net.dll
0x00007ffb44500000 - 0x00007ffb4460b000 	C:\Windows\SYSTEM32\WINHTTP.dll
0x00007ffb4c990000 - 0x00007ffb4c9fa000 	C:\Windows\system32\mswsock.dll
0x00007ffb2b3c0000 - 0x00007ffb2b3d2000 	C:\Program Files\Java\jdk-15.0.2\bin\nio.dll
0x00007ffb2b230000 - 0x00007ffb2b248000 	C:\Program Files\Java\jdk-15.0.2\bin\zip.dll
0x00000125ff8e0000 - 0x00000125ff8e3000 	D:\ShiZu_Code\Java\javafx-sdk-15.0.1\bin\api-ms-win-core-console-l1-1-0.dll
0x00000125ff8f0000 - 0x00000125ff8f3000 	D:\ShiZu_Code\Java\javafx-sdk-15.0.1\bin\api-ms-win-core-console-l1-2-0.dll
0x00000125ff900000 - 0x00000125ff903000 	D:\ShiZu_Code\Java\javafx-sdk-15.0.1\bin\api-ms-win-core-datetime-l1-1-0.dll
0x00000125fff60000 - 0x00000125fff63000 	D:\ShiZu_Code\Java\javafx-sdk-15.0.1\bin\api-ms-win-core-debug-l1-1-0.dll
0x00000125fff70000 - 0x00000125fff73000 	D:\ShiZu_Code\Java\javafx-sdk-15.0.1\bin\api-ms-win-core-errorhandling-l1-1-0.dll
0x00000125fff80000 - 0x00000125fff84000 	D:\ShiZu_Code\Java\javafx-sdk-15.0.1\bin\api-ms-win-core-file-l1-1-0.dll
0x00000125fff90000 - 0x00000125fff93000 	D:\ShiZu_Code\Java\javafx-sdk-15.0.1\bin\api-ms-win-core-file-l1-2-0.dll
0x00000125a5980000 - 0x00000125a5983000 	D:\ShiZu_Code\Java\javafx-sdk-15.0.1\bin\api-ms-win-core-file-l2-1-0.dll
0x00000125a5990000 - 0x00000125a5993000 	D:\ShiZu_Code\Java\javafx-sdk-15.0.1\bin\api-ms-win-core-handle-l1-1-0.dll
0x00000125a59a0000 - 0x00000125a59a3000 	D:\ShiZu_Code\Java\javafx-sdk-15.0.1\bin\api-ms-win-core-heap-l1-1-0.dll
0x00000125a59b0000 - 0x00000125a59b3000 	D:\ShiZu_Code\Java\javafx-sdk-15.0.1\bin\api-ms-win-core-interlocked-l1-1-0.dll
0x00000125a59c0000 - 0x00000125a59c3000 	D:\ShiZu_Code\Java\javafx-sdk-15.0.1\bin\api-ms-win-core-libraryloader-l1-1-0.dll
0x00000125a59d0000 - 0x00000125a59d3000 	D:\ShiZu_Code\Java\javafx-sdk-15.0.1\bin\api-ms-win-core-localization-l1-2-0.dll
0x00000125a59e0000 - 0x00000125a59e3000 	D:\ShiZu_Code\Java\javafx-sdk-15.0.1\bin\api-ms-win-core-memory-l1-1-0.dll
0x00000125a5b10000 - 0x00000125a5b13000 	D:\ShiZu_Code\Java\javafx-sdk-15.0.1\bin\api-ms-win-core-namedpipe-l1-1-0.dll
0x00000125a5b20000 - 0x00000125a5b23000 	D:\ShiZu_Code\Java\javafx-sdk-15.0.1\bin\api-ms-win-core-processenvironment-l1-1-0.dll
0x00000125a59f0000 - 0x00000125a59f3000 	D:\ShiZu_Code\Java\javafx-sdk-15.0.1\bin\api-ms-win-core-processthreads-l1-1-0.dll
0x00000125a5a00000 - 0x00000125a5a03000 	D:\ShiZu_Code\Java\javafx-sdk-15.0.1\bin\api-ms-win-core-processthreads-l1-1-1.dll
0x00000125a5a10000 - 0x00000125a5a13000 	D:\ShiZu_Code\Java\javafx-sdk-15.0.1\bin\api-ms-win-core-profile-l1-1-0.dll
0x00000125a5a20000 - 0x00000125a5a23000 	D:\ShiZu_Code\Java\javafx-sdk-15.0.1\bin\api-ms-win-core-rtlsupport-l1-1-0.dll
0x00000125a5a30000 - 0x00000125a5a33000 	D:\ShiZu_Code\Java\javafx-sdk-15.0.1\bin\api-ms-win-core-string-l1-1-0.dll
0x00000125a5a40000 - 0x00000125a5a43000 	D:\ShiZu_Code\Java\javafx-sdk-15.0.1\bin\api-ms-win-core-synch-l1-1-0.dll
0x00000125a5a50000 - 0x00000125a5a53000 	D:\ShiZu_Code\Java\javafx-sdk-15.0.1\bin\api-ms-win-core-synch-l1-2-0.dll
0x00000125a5a60000 - 0x00000125a5a63000 	D:\ShiZu_Code\Java\javafx-sdk-15.0.1\bin\api-ms-win-core-sysinfo-l1-1-0.dll
0x00000125a5a70000 - 0x00000125a5a73000 	D:\ShiZu_Code\Java\javafx-sdk-15.0.1\bin\api-ms-win-core-timezone-l1-1-0.dll
0x00000125a5a80000 - 0x00000125a5a83000 	D:\ShiZu_Code\Java\javafx-sdk-15.0.1\bin\api-ms-win-core-util-l1-1-0.dll
0x00000125a5a90000 - 0x00000125a5a93000 	D:\ShiZu_Code\Java\javafx-sdk-15.0.1\bin\api-ms-win-crt-conio-l1-1-0.dll
0x00000125a5aa0000 - 0x00000125a5aa4000 	D:\ShiZu_Code\Java\javafx-sdk-15.0.1\bin\api-ms-win-crt-convert-l1-1-0.dll
0x00000125a5ab0000 - 0x00000125a5ab3000 	D:\ShiZu_Code\Java\javafx-sdk-15.0.1\bin\api-ms-win-crt-environment-l1-1-0.dll
0x00000125a5ac0000 - 0x00000125a5ac3000 	D:\ShiZu_Code\Java\javafx-sdk-15.0.1\bin\api-ms-win-crt-filesystem-l1-1-0.dll
0x00000125a5ad0000 - 0x00000125a5ad3000 	D:\ShiZu_Code\Java\javafx-sdk-15.0.1\bin\api-ms-win-crt-heap-l1-1-0.dll
0x00000125a5ae0000 - 0x00000125a5ae3000 	D:\ShiZu_Code\Java\javafx-sdk-15.0.1\bin\api-ms-win-crt-locale-l1-1-0.dll
0x00000125a5af0000 - 0x00000125a5af5000 	D:\ShiZu_Code\Java\javafx-sdk-15.0.1\bin\api-ms-win-crt-math-l1-1-0.dll
0x00000125a5b00000 - 0x00000125a5b05000 	D:\ShiZu_Code\Java\javafx-sdk-15.0.1\bin\api-ms-win-crt-multibyte-l1-1-0.dll
0x00000125a5b30000 - 0x00000125a5b40000 	D:\ShiZu_Code\Java\javafx-sdk-15.0.1\bin\api-ms-win-crt-private-l1-1-0.dll
0x00000125a5b40000 - 0x00000125a5b43000 	D:\ShiZu_Code\Java\javafx-sdk-15.0.1\bin\api-ms-win-crt-process-l1-1-0.dll
0x00000125a5b50000 - 0x00000125a5b54000 	D:\ShiZu_Code\Java\javafx-sdk-15.0.1\bin\api-ms-win-crt-runtime-l1-1-0.dll
0x00000125a5b60000 - 0x00000125a5b64000 	D:\ShiZu_Code\Java\javafx-sdk-15.0.1\bin\api-ms-win-crt-stdio-l1-1-0.dll
0x00000125a5b70000 - 0x00000125a5b74000 	D:\ShiZu_Code\Java\javafx-sdk-15.0.1\bin\api-ms-win-crt-string-l1-1-0.dll
0x00000125a5b80000 - 0x00000125a5b83000 	D:\ShiZu_Code\Java\javafx-sdk-15.0.1\bin\api-ms-win-crt-time-l1-1-0.dll
0x00000125a5b90000 - 0x00000125a5b93000 	D:\ShiZu_Code\Java\javafx-sdk-15.0.1\bin\api-ms-win-crt-utility-l1-1-0.dll
0x00007ffb10840000 - 0x00007ffb1093c000 	D:\ShiZu_Code\Java\javafx-sdk-15.0.1\bin\ucrtbase.dll
0x00007ffb349f0000 - 0x00007ffb34a05000 	D:\ShiZu_Code\Java\javafx-sdk-15.0.1\bin\vcruntime140.dll
0x00007ffb21050000 - 0x00007ffb210eb000 	D:\ShiZu_Code\Java\javafx-sdk-15.0.1\bin\msvcp140.dll
0x00007ffb2f460000 - 0x00007ffb2f483000 	D:\ShiZu_Code\Java\javafx-sdk-15.0.1\bin\prism_d3d.dll
0x00007ffb3c5c0000 - 0x00007ffb3c78e000 	C:\Windows\system32\d3d9.dll
0x00007ffb4ad70000 - 0x00007ffb4ad9f000 	C:\Windows\SYSTEM32\dwmapi.dll
0x00007ffb4aac0000 - 0x00007ffb4ab5e000 	C:\Windows\system32\uxtheme.dll
0x00007ffafba20000 - 0x00007ffafbb85000 	C:\Windows\System32\DriverStore\FileRepository\iigd_dch.inf_amd64_ee3c4a51f0270f1f\igdumdim64.dll
0x00007ffb4f6b0000 - 0x00007ffb4f7da000 	C:\Windows\System32\ole32.dll
0x00007ffaf6850000 - 0x00007ffafb04d000 	C:\Windows\System32\DriverStore\FileRepository\iigd_dch.inf_amd64_ee3c4a51f0270f1f\igd9dxva64.dll
0x00007ffb4db30000 - 0x00007ffb4dbfd000 	C:\Windows\System32\OLEAUT32.dll
0x00007ffb4dea0000 - 0x00007ffb4e309000 	C:\Windows\System32\SETUPAPI.dll
0x00007ffb4d640000 - 0x00007ffb4d68e000 	C:\Windows\System32\cfgmgr32.dll
0x00007ffb4d960000 - 0x00007ffb4d987000 	C:\Windows\System32\bcrypt.dll
0x00007ffb3f700000 - 0x00007ffb3f957000 	C:\Windows\System32\DriverStore\FileRepository\iigd_dch.inf_amd64_ee3c4a51f0270f1f\igdgmm64.dll
0x00007ffb33ba0000 - 0x00007ffb33ca5000 	C:\Windows\System32\DriverStore\FileRepository\nvmiui.inf_amd64_8492cdf87d4452cf\nvldumdx.dll
0x00007ffb4ce00000 - 0x00007ffb4ce12000 	C:\Windows\SYSTEM32\msasn1.dll
0x00007ffb46a70000 - 0x00007ffb46aa1000 	C:\Windows\SYSTEM32\cryptnet.dll
0x00007ffb4d4e0000 - 0x00007ffb4d63f000 	C:\Windows\System32\CRYPT32.dll
0x00007ffb4cb10000 - 0x00007ffb4cb1c000 	C:\Windows\SYSTEM32\cryptbase.dll
0x00007ffb4d690000 - 0x00007ffb4d6f0000 	C:\Windows\System32\WINTRUST.DLL
0x00007ffb4dc00000 - 0x00007ffb4dc1d000 	C:\Windows\System32\imagehlp.dll
0x00007ffb4cbf0000 - 0x00007ffb4cc08000 	C:\Windows\SYSTEM32\CRYPTSP.dll
0x00007ffb4c2e0000 - 0x00007ffb4c314000 	C:\Windows\system32\rsaenh.dll
0x00007ffaf0ae0000 - 0x00007ffaf2727000 	C:\Windows\System32\DriverStore\FileRepository\nvmiui.inf_amd64_8492cdf87d4452cf\nvd3dumx.dll
0x00007ffb21b80000 - 0x00007ffb21bc5000 	D:\ShiZu_Code\Java\javafx-sdk-15.0.1\bin\glass.dll
0x00007ffb4e810000 - 0x00007ffb4e8ea000 	C:\Windows\System32\COMDLG32.dll
0x00007ffb4dd20000 - 0x00007ffb4de35000 	C:\Windows\System32\MSCTF.dll
0x00007ffafb880000 - 0x00007ffafb97c000 	C:\ProgramData\A-Volute\A-Volute.Nahimic\Modules\Scheduled\x64\A-Volute.NahimicDevProps2.dll
0x00007ffb484a0000 - 0x00007ffb484c7000 	C:\Windows\System32\DriverStore\FileRepository\iigd_dch.inf_amd64_ee3c4a51f0270f1f\igdinfo64.dll
0x00007ffb3cae0000 - 0x00007ffb3f6f9000 	C:\Windows\System32\DriverStore\FileRepository\iigd_dch.inf_amd64_ee3c4a51f0270f1f\igc64.dll
0x00007ffb43560000 - 0x00007ffb4359b000 	C:\Windows\SYSTEM32\dxcore.dll
0x00007ffb2b210000 - 0x00007ffb2b224000 	D:\ShiZu_Code\Java\javafx-sdk-15.0.1\bin\javafx_font.dll
0x00007ffb3bc50000 - 0x00007ffb3becf000 	C:\Windows\SYSTEM32\dwrite.dll

dbghelp: loaded successfully - version: 4.0.5 - missing functions: none
symbol engine: initialized successfully - sym options: 0x614 - pdb path: .;C:\Program Files\Java\jdk-15.0.2\bin;C:\Windows\SYSTEM32;C:\Windows\WinSxS\amd64_microsoft.windows.common-controls_6595b64144ccf1df_6.0.19041.844_none_ca00b6081b84eb1d;C:\Program Files\Java\jdk-15.0.2\bin\server;D:\ShiZu_Code\Java\javafx-sdk-15.0.1\bin;C:\Windows\System32\DriverStore\FileRepository\iigd_dch.inf_amd64_ee3c4a51f0270f1f;C:\Windows\System32\DriverStore\FileRepository\nvmiui.inf_amd64_8492cdf87d4452cf;C:\ProgramData\A-Volute\A-Volute.Nahimic\Modules\Scheduled\x64

VM Arguments:
jvm_args: --module-path=D:/ShiZu_Code/Java/javafx-sdk-15.0.1/lib --add-modules=javafx.controls,javafx.fxml,javafx.media -XX:+ShowCodeDetailsInExceptionMessages -Dfile.encoding=UTF-8 
java_command: eroiko.ani.MainApp
java_class_path (initial): D:\ShiZu_Code\Java\wallpaper_master\target\classes;D:\ShiZu_Code\Java\FXTrayIcon-3.0.0\FXTrayIcon-3.0.0.jar;C:\Users\Eroiko_Edu\.m2\repository\org\openjfx\javafx-controls\15.0.1\javafx-controls-15.0.1.jar;C:\Users\Eroiko_Edu\.m2\repository\org\openjfx\javafx-controls\15.0.1\javafx-controls-15.0.1-win.jar;C:\Users\Eroiko_Edu\.m2\repository\org\openjfx\javafx-graphics\15.0.1\javafx-graphics-15.0.1.jar;C:\Users\Eroiko_Edu\.m2\repository\org\openjfx\javafx-graphics\15.0.1\javafx-graphics-15.0.1-win.jar;C:\Users\Eroiko_Edu\.m2\repository\org\openjfx\javafx-base\15.0.1\javafx-base-15.0.1.jar;C:\Users\Eroiko_Edu\.m2\repository\org\openjfx\javafx-base\15.0.1\javafx-base-15.0.1-win.jar;C:\Users\Eroiko_Edu\.m2\repository\org\openjfx\javafx-fxml\15.0.1\javafx-fxml-15.0.1.jar;C:\Users\Eroiko_Edu\.m2\repository\org\openjfx\javafx-fxml\15.0.1\javafx-fxml-15.0.1-win.jar;C:\Users\Eroiko_Edu\.m2\repository\org\apache\httpcomponents\httpclient\4.5.13\httpclient-4.5.13.jar;C:\Users\Eroiko_Edu\.m2\repository\org\apache\httpcomponents\httpcore\4.4.13\httpcore-4.4.13.jar;C:\Users\Eroiko_Edu\.m2\repository\commons-logging\commons-logging\1.2\commons-logging-1.2.jar;C:\Users\Eroiko_Edu\.m2\repository\commons-codec\commons-codec\1.11\commons-codec-1.11.jar;C:\Users\Eroiko_Edu\.m2\repository\org\slf4j\slf4j-log4j12\1.7.25\slf4j-log4j12-1.7.25.jar;C:\Users\Eroiko_Edu\.m2\repository\org\slf4j\slf4j-api\1.7.25\slf4j-api-1.7.25.jar;C:\Users\Eroiko_Edu\.m2\repository\log4j\log4j\1.2.17\log4j-1.2.17.jar;C:\Users\Eroiko_Edu\.m2\repository\javax\validation\validation-api\2.0.0.Final\validation-api-2.0.0.Final.jar;C:\Users\Eroiko_Edu\.m2\repository\org\jsoup\jsoup\1.13.1\jsoup-1.13.1.jar;C:\Users\Eroiko_Edu\.m2\repository\junit\junit\4.13.2\junit-4.13.2.jar;C:\Users\Eroiko_Edu\.m2\repository\org\hamcrest\hamcrest-core\1.3\hamcrest-core-1.3.jar;C:\Users\Eroiko_Edu\.m2\repository\commons-io\commons-io\2.8.0\commons-io-2.8.0.jar;C:\Users\Eroiko_Edu\.m2\repository\org\apache\
Launcher Type: SUN_STANDARD

[Global flags]
     intx CICompilerCount                          = 4                                         {product} {ergonomic}
     uint ConcGCThreads                            = 3                                         {product} {ergonomic}
     uint G1ConcRefinementThreads                  = 10                                        {product} {ergonomic}
   size_t G1HeapRegionSize                         = 2097152                                   {product} {ergonomic}
    uintx GCDrainStackTargetSize                   = 64                                        {product} {ergonomic}
   size_t InitialHeapSize                          = 266338304                                 {product} {ergonomic}
   size_t MarkStackSize                            = 4194304                                   {product} {ergonomic}
   size_t MaxHeapSize                              = 4253024256                                {product} {ergonomic}
   size_t MaxNewSize                               = 2550136832                                {product} {ergonomic}
   size_t MinHeapDeltaBytes                        = 2097152                                   {product} {ergonomic}
   size_t MinHeapSize                              = 8388608                                   {product} {ergonomic}
    uintx NonNMethodCodeHeapSize                   = 5839372                                {pd product} {ergonomic}
    uintx NonProfiledCodeHeapSize                  = 122909434                              {pd product} {ergonomic}
    uintx ProfiledCodeHeapSize                     = 122909434                              {pd product} {ergonomic}
    uintx ReservedCodeCacheSize                    = 251658240                              {pd product} {ergonomic}
     bool SegmentedCodeCache                       = true                                      {product} {ergonomic}
     bool ShowCodeDetailsInExceptionMessages       = true                                   {manageable} {command line}
   size_t SoftMaxHeapSize                          = 4253024256                             {manageable} {ergonomic}
     bool UseCompressedClassPointers               = true                                 {lp64_product} {ergonomic}
     bool UseCompressedOops                        = true                                 {lp64_product} {ergonomic}
     bool UseG1GC                                  = true                                      {product} {ergonomic}
     bool UseLargePagesIndividualAllocation        = false                                  {pd product} {ergonomic}

Logging:
Log output configuration:
 #0: stdout all=warning uptime,level,tags
 #1: stderr all=off uptime,level,tags

Environment Variables:
JAVA_HOME=C:\Program Files\Java\jdk-15.0.2\
PATH=C:\Program Files\Mozilla Firefox;F:\vscode-portable;C:\Program Files\Java\jdk-15.0.2\\bin;C:\Program Files\Common Files\Oracle\Java\javapath;C:\Program Files (x86)\Common Files\Oracle\Java\javapath;C:\ProgramData\Oracle\Java\javapath;C:\Program Files\AdoptOpenJDK\jdk-15.0.1.9-hotspot\bin;C:\Program Files\AdoptOpenJDK\jdk-11.0.9.101-hotspot\bin;C:\Windows\system32;C:\Windows;C:\Windows\System32\Wbem;C:\Program Files\mingw-w64\x86_64-8.1.0-posix-seh-rt_v6-rev0\mingw64\bin;C:\Program Files\NVIDIA GPU Computing Toolkit\CUDA\v11.2\bin;C:\Program Files\NVIDIA GPU Computing Toolkit\CUDA\v11.2\libnvvp;C:\Windows\System32\WindowsPowerShell\v1.0\;C:\Windows\System32\OpenSSH\;C:\Program Files (x86)\NVIDIA Corporation\PhysX\Common;D:\ShiZu_Code\Java\apache-maven-3.8.1\bin\;C:\Program Files\swipl\bin;C:\Program Files (x86)\Vim\vim82\;C:\Program Files\dotnet\;C:\Program Files\PuTTY\;C:\Program Files\nodejs\;C:\ProgramData\chocolatey\bin;C:\Users\Eroiko_Edu\anaconda3\Library\bin;C:\Users\Eroiko_Edu\anaconda3\Scripts;F:\Program Files\Windows 10 Education\Anaconda3;C:\Program Files\NVIDIA Corporation\Nsight Compute 2020.3.1\;C:\Program Files\NVIDIA Corporation\NVIDIA NvDLISR;F:\Program Files\Windows 10 Education\Matlab\bin;F:\Program Files\Windows 10 Education\Windows Terminal\Scoop\shims;C:\Users\Eroiko_Edu\AppData\Local\Microsoft\WindowsApps;F:\Program Files\Windows 10 Education\MinGW;C:\Users\Eroiko_Edu\AppData\Local\GitHubDesktop\bin;C:\Users\Eroiko_Edu\AppData\Roaming\npm;F:\BigGuy\intelFPGA_lite\18.1\modelsim_ase\win32aloem
USERNAME=Eroiko_Edu
LANG=zh_TW.UTF-8
OS=Windows_NT
PROCESSOR_IDENTIFIER=Intel64 Family 6 Model 158 Stepping 10, GenuineIntel



---------------  S Y S T E M  ---------------

OS:
 Windows 10 , 64 bit Build 19041 (10.0.19041.928)
OS uptime: 0 days 12:03 hours
HyperV virtualization detected

CPU: total 12 (initial active 12) (6 cores per cpu, 2 threads per core) family 6 model 158 stepping 10 microcode 0xb4, cmov, cx8, fxsr, mmx, sse, sse2, sse3, ssse3, sse4.1, sse4.2, popcnt, vzeroupper, avx, avx2, aes, clmul, erms, 3dnowpref, lzcnt, ht, tsc, tscinvbit, bmi1, bmi2, adx, fma, clflush, clflushopt

Memory: 4k page, system-wide physical 16223M (5594M free)
TotalPageFile size 17247M (AvailPageFile size 7M)
current process WorkingSet (physical memory assigned to process): 127M, peak: 127M
current process commit charge ("private bytes"): 415M, peak: 416M

vm_info: Java HotSpot(TM) 64-Bit Server VM (15.0.2+7-27) for windows-amd64 JRE (15.0.2+7-27), built on Dec  7 2020 20:07:01 by "mach5one" with unknown MS VC++:1925

END.
