#
# There is insufficient memory for the Java Runtime Environment to continue.
# Native memory allocation (mmap) failed to map 2097152 bytes for G1 virtual space
# Possible reasons:
#   The system is out of physical RAM or swap space
#   The process is running with CompressedOops enabled, and the Java Heap may be blocking the growth of the native heap
# Possible solutions:
#   Reduce memory load on the system
#   Increase physical memory or swap space
#   Check if swap backing store is full
#   Decrease Java heap size (-Xmx/-Xms)
#   Decrease number of Java threads
#   Decrease Java thread stack sizes (-Xss)
#   Set larger code cache with -XX:ReservedCodeCacheSize=
#   JVM is running with Zero Based Compressed Oops mode in which the Java heap is
#     placed in the first 32GB address space. The Java Heap base address is the
#     maximum limit for the native heap growth. Please use -XX:HeapBaseMinAddress
#     to set the Java Heap base and to place the Java Heap above 32GB virtual address.
# This output file may be truncated or incomplete.
#
#  Out of Memory Error (./open/src/hotspot/os/windows/os_windows.cpp:3321), pid=15664, tid=7096
#
# JRE version: Java(TM) SE Runtime Environment (15.0.2+7) (build 15.0.2+7-27)
# Java VM: Java HotSpot(TM) 64-Bit Server VM (15.0.2+7-27, mixed mode, sharing, tiered, compressed oops, g1 gc, windows-amd64)
# No core dump will be written. Minidumps are not enabled by default on client versions of Windows
#

---------------  S U M M A R Y ------------

Command Line: --module-path=D:/ShiZu_Code/Java/javafx-sdk-15.0.1/lib --add-modules=javafx.controls,javafx.fxml,javafx.media -XX:+ShowCodeDetailsInExceptionMessages -Dfile.encoding=UTF-8 eroiko.ani.MainApp

Host: Intel(R) Core(TM) i7-8750H CPU @ 2.20GHz, 12 cores, 15G,  Windows 10 , 64 bit Build 19041 (10.0.19041.928)
Time: Tue May  4 02:26:24 2021 Taipei Standard Time elapsed time: 211.574062 seconds (0d 0h 3m 31s)

---------------  T H R E A D  ---------------

Current thread (0x000001715a83a2f0):  JavaThread "JavaFX Application Thread" [_thread_in_vm, id=7096, stack(0x0000003292e00000,0x0000003292f00000)]

Stack: [0x0000003292e00000,0x0000003292f00000]
Native frames: (J=compiled Java code, j=interpreted, Vv=VM code, C=native code)
V  [jvm.dll+0x62ae9a]
V  [jvm.dll+0x7817a9]
V  [jvm.dll+0x782f03]
V  [jvm.dll+0x783563]
V  [jvm.dll+0x216325]
V  [jvm.dll+0x6281d9]
V  [jvm.dll+0x61cf55]
V  [jvm.dll+0x2cffdd]
V  [jvm.dll+0x2cfe42]
V  [jvm.dll+0x2d5e1c]
V  [jvm.dll+0x32590a]
V  [jvm.dll+0x325071]
V  [jvm.dll+0x324cf1]
V  [jvm.dll+0x2a76ee]
V  [jvm.dll+0x2a2d9f]
V  [jvm.dll+0x5bd193]
V  [jvm.dll+0x1e4a55]
V  [jvm.dll+0x75b8c6]
V  [jvm.dll+0x34b9ca]
C  0x000001713d48efb7

Java frames: (J=compiled Java code, j=interpreted, Vv=VM code)
j  com.sun.javafx.iio.jpeg.JPEGImageLoader.load(IIIZZ)Lcom/sun/javafx/iio/ImageFrame;+184 javafx.graphics
j  com.sun.javafx.iio.ImageStorage.loadAll(Lcom/sun/javafx/iio/ImageLoader;DDZFZ)[Lcom/sun/javafx/iio/ImageFrame;+54 javafx.graphics
j  com.sun.javafx.iio.ImageStorage.loadAll(Ljava/lang/String;Lcom/sun/javafx/iio/ImageLoadListener;DDZFZ)[Lcom/sun/javafx/iio/ImageFrame;+136 javafx.graphics
j  com.sun.javafx.tk.quantum.PrismImageLoader2.loadAll(Ljava/lang/String;DDZFZ)V+22 javafx.graphics
j  com.sun.javafx.tk.quantum.PrismImageLoader2.<init>(Ljava/lang/String;DDZFZ)V+15 javafx.graphics
j  com.sun.javafx.tk.quantum.QuantumToolkit.loadImage(Ljava/lang/String;DDZZ)Lcom/sun/javafx/tk/ImageLoader;+16 javafx.graphics
j  javafx.scene.image.Image.loadImage(Ljava/lang/String;DDZZ)Lcom/sun/javafx/tk/ImageLoader;+10 javafx.graphics
j  javafx.scene.image.Image.initialize(Ljava/lang/Object;)V+92 javafx.graphics
j  javafx.scene.image.Image.<init>(Ljava/lang/String;)V+16 javafx.graphics
j  eroiko.ani.controller.ControllerSupporter.WallpaperImage.getLastWallpaper()Ljavafx/scene/image/Image;+43
j  eroiko.ani.controller.MainController.lambda$4(Ljavafx/scene/input/ScrollEvent;)V+40
j  eroiko.ani.controller.MainController$$Lambda$221+0x0000000800cfa6c0.handle(Ljavafx/event/Event;)V+8
J 4295 c2 com.sun.javafx.event.EventHandlerManager.dispatchBubblingEvent(Ljavafx/event/EventType;Ljavafx/event/Event;)Ljavafx/event/Event; javafx.base (41 bytes) @ 0x000001714513ae38 [0x000001714513a7a0+0x0000000000000698]
J 4977 c2 com.sun.javafx.event.EventHandlerManager.dispatchBubblingEvent(Ljavafx/event/Event;)Ljavafx/event/Event; javafx.base (23 bytes) @ 0x0000017145196b7c [0x0000017145196b20+0x000000000000005c]
J 4867 c2 com.sun.javafx.event.BasicEventDispatcher.dispatchEvent(Ljavafx/event/Event;Ljavafx/event/EventDispatchChain;)Ljavafx/event/Event; javafx.base (44 bytes) @ 0x00000171451847e4 [0x0000017145184640+0x00000000000001a4]
J 4867 c2 com.sun.javafx.event.BasicEventDispatcher.dispatchEvent(Ljavafx/event/Event;Ljavafx/event/EventDispatchChain;)Ljavafx/event/Event; javafx.base (44 bytes) @ 0x0000017145184738 [0x0000017145184640+0x00000000000000f8]
J 4867 c2 com.sun.javafx.event.BasicEventDispatcher.dispatchEvent(Ljavafx/event/Event;Ljavafx/event/EventDispatchChain;)Ljavafx/event/Event; javafx.base (44 bytes) @ 0x0000017145184738 [0x0000017145184640+0x00000000000000f8]
J 4867 c2 com.sun.javafx.event.BasicEventDispatcher.dispatchEvent(Ljavafx/event/Event;Ljavafx/event/EventDispatchChain;)Ljavafx/event/Event; javafx.base (44 bytes) @ 0x0000017145184738 [0x0000017145184640+0x00000000000000f8]
J 4867 c2 com.sun.javafx.event.BasicEventDispatcher.dispatchEvent(Ljavafx/event/Event;Ljavafx/event/EventDispatchChain;)Ljavafx/event/Event; javafx.base (44 bytes) @ 0x0000017145184738 [0x0000017145184640+0x00000000000000f8]
J 3910 c2 com.sun.javafx.event.EventDispatchChainImpl.dispatchEvent(Ljavafx/event/Event;)Ljavafx/event/Event; javafx.base (101 bytes) @ 0x00000171450ebf5c [0x00000171450ebea0+0x00000000000000bc]
J 3746 c1 com.sun.javafx.event.EventUtil.fireEvent(Ljavafx/event/EventTarget;Ljavafx/event/Event;)Ljavafx/event/Event; javafx.base (81 bytes) @ 0x000001713e17628c [0x000001713e1759a0+0x00000000000008ec]
J 3745 c1 javafx.event.Event.fireEvent(Ljavafx/event/EventTarget;Ljavafx/event/Event;)V javafx.base (35 bytes) @ 0x000001713e175324 [0x000001713e175260+0x00000000000000c4]
j  javafx.scene.Scene.processGestureEvent(Ljavafx/scene/input/GestureEvent;Ljavafx/scene/Scene$TouchGesture;)V+214 javafx.graphics
j  javafx.scene.Scene$ScenePeerListener.scrollEvent(Ljavafx/event/EventType;DDDDDDIIIIIDDDDZZZZZZ)V+397 javafx.graphics
j  com.sun.javafx.tk.quantum.GlassViewEventHandler.lambda$handleScrollEvent$5(Lcom/sun/glass/ui/View;DDDDIIIIIIIII)Ljava/lang/Void;+239 javafx.graphics
j  com.sun.javafx.tk.quantum.GlassViewEventHandler$$Lambda$1100+0x0000000800fc88c0.run()Ljava/lang/Object;+60 javafx.graphics
J 6837 c2 java.security.AccessController.doPrivileged(Ljava/security/PrivilegedAction;Ljava/security/AccessControlContext;)Ljava/lang/Object; java.base@15.0.2 (17 bytes) @ 0x00000171452b1cf8 [0x00000171452b1ca0+0x0000000000000058]
j  com.sun.javafx.tk.quantum.GlassViewEventHandler.lambda$handleScrollEvent$6(Lcom/sun/glass/ui/View;DDDDIIIIIIIII)Ljava/lang/Void;+39 javafx.graphics
j  com.sun.javafx.tk.quantum.GlassViewEventHandler$$Lambda$1099+0x0000000800fc86a0.get()Ljava/lang/Object;+60 javafx.graphics
J 3774 c1 com.sun.javafx.tk.quantum.QuantumToolkit.runWithoutRenderLock(Ljava/util/function/Supplier;)Ljava/lang/Object; javafx.graphics (49 bytes) @ 0x000001713e18b174 [0x000001713e18ac60+0x0000000000000514]
j  com.sun.javafx.tk.quantum.GlassViewEventHandler.handleScrollEvent(Lcom/sun/glass/ui/View;JIIIIDDIIIIIDD)V+65 javafx.graphics
j  com.sun.glass.ui.View.notifyScroll(IIIIDDIIIIIDD)V+38 javafx.graphics
v  ~StubRoutines::call_stub
j  com.sun.glass.ui.win.WinApplication._runLoop(Ljava/lang/Runnable;)V+0 javafx.graphics
j  com.sun.glass.ui.win.WinApplication.lambda$runLoop$3(ILjava/lang/Runnable;)V+8 javafx.graphics
j  com.sun.glass.ui.win.WinApplication$$Lambda$85+0x0000000800be2178.run()V+12 javafx.graphics
j  java.lang.Thread.run()V+11 java.base@15.0.2
v  ~StubRoutines::call_stub

---------------  P R O C E S S  ---------------

Threads class SMR info:
_java_thread_list=0x0000017160b13500, length=21, elements={
0x0000017135234dc0, 0x0000017158cfd7e0, 0x0000017158cfe3b0, 0x00000171595223c0,
0x0000017159524d90, 0x0000017159527850, 0x000001715952a3c0, 0x0000017159530370,
0x000001715955b190, 0x0000017158cec5f0, 0x00000171597d1280, 0x000001715a369a80,
0x000001715a838e10, 0x000001715a83a2f0, 0x000001715abad6c0, 0x00000171598fead0,
0x000001715ae34ad0, 0x000001715b106dd0, 0x000001715b11ef00, 0x000001715b121a50,
0x000001715b11fd70
}

Java Threads: ( => current thread )
  0x0000017135234dc0 JavaThread "main" [_thread_blocked, id=8784, stack(0x0000003291700000,0x0000003291800000)]
  0x0000017158cfd7e0 JavaThread "Reference Handler" daemon [_thread_blocked, id=5148, stack(0x0000003291e00000,0x0000003291f00000)]
  0x0000017158cfe3b0 JavaThread "Finalizer" daemon [_thread_blocked, id=11152, stack(0x0000003291f00000,0x0000003292000000)]
  0x00000171595223c0 JavaThread "Signal Dispatcher" daemon [_thread_blocked, id=968, stack(0x0000003292000000,0x0000003292100000)]
  0x0000017159524d90 JavaThread "Attach Listener" daemon [_thread_blocked, id=18876, stack(0x0000003292100000,0x0000003292200000)]
  0x0000017159527850 JavaThread "Service Thread" daemon [_thread_blocked, id=760, stack(0x0000003292200000,0x0000003292300000)]
  0x000001715952a3c0 JavaThread "C2 CompilerThread0" daemon [_thread_blocked, id=6204, stack(0x0000003292300000,0x0000003292400000)]
  0x0000017159530370 JavaThread "C1 CompilerThread0" daemon [_thread_blocked, id=14320, stack(0x0000003292400000,0x0000003292500000)]
  0x000001715955b190 JavaThread "Sweeper thread" daemon [_thread_blocked, id=20812, stack(0x0000003292500000,0x0000003292600000)]
  0x0000017158cec5f0 JavaThread "Common-Cleaner" daemon [_thread_blocked, id=3100, stack(0x0000003292600000,0x0000003292700000)]
  0x00000171597d1280 JavaThread "Notification Thread" daemon [_thread_blocked, id=20612, stack(0x0000003292900000,0x0000003292a00000)]
  0x000001715a369a80 JavaThread "QuantumRenderer-0" daemon [_thread_blocked, id=14152, stack(0x0000003292b00000,0x0000003292c00000)]
  0x000001715a838e10 JavaThread "InvokeLaterDispatcher" daemon [_thread_blocked, id=21200, stack(0x0000003292d00000,0x0000003292e00000)]
=>0x000001715a83a2f0 JavaThread "JavaFX Application Thread" [_thread_in_vm, id=7096, stack(0x0000003292e00000,0x0000003292f00000)]
  0x000001715abad6c0 JavaThread "JavaFX-Launcher" [_thread_blocked, id=4392, stack(0x0000003293300000,0x0000003293400000)]
  0x00000171598fead0 JavaThread "Thread-2" daemon [_thread_in_native, id=17352, stack(0x0000003293200000,0x0000003293300000)]
  0x000001715ae34ad0 JavaThread "Java2D Disposer" daemon [_thread_blocked, id=9328, stack(0x0000003293900000,0x0000003293a00000)]
  0x000001715b106dd0 JavaThread "AWT-Windows" daemon [_thread_in_native, id=4224, stack(0x0000003293b00000,0x0000003293c00000)]
  0x000001715b11ef00 JavaThread "Prism Font Disposer" daemon [_thread_blocked, id=8344, stack(0x0000003294000000,0x0000003294100000)]
  0x000001715b121a50 JavaThread "Cleaner-0" daemon [_thread_blocked, id=11572, stack(0x0000003293a00000,0x0000003293b00000)]
  0x000001715b11fd70 JavaThread "Thread-3" daemon [_thread_blocked, id=13180, stack(0x0000003292700000,0x0000003292800000)]

Other Threads:
  0x0000017158cfc050 VMThread "VM Thread" [stack: 0x0000003291d00000,0x0000003291e00000] [id=1144]
  0x0000017159cbec80 WatcherThread [stack: 0x0000003292a00000,0x0000003292b00000] [id=5216]
  0x000001713528e430 GCTaskThread "GC Thread#0" [stack: 0x0000003291800000,0x0000003291900000] [id=22244]
  0x0000017159e30610 GCTaskThread "GC Thread#1" [stack: 0x0000003293400000,0x0000003293500000] [id=18816]
  0x0000017159e2dca0 GCTaskThread "GC Thread#2" [stack: 0x0000003293500000,0x0000003293600000] [id=3536]
  0x0000017159e2d640 GCTaskThread "GC Thread#3" [stack: 0x0000003293600000,0x0000003293700000] [id=9272]
  0x0000017159e302e0 GCTaskThread "GC Thread#4" [stack: 0x0000003293700000,0x0000003293800000] [id=18020]
  0x0000017159e2ffb0 GCTaskThread "GC Thread#5" [stack: 0x0000003293800000,0x0000003293900000] [id=4420]
  0x0000017159e2efc0 GCTaskThread "GC Thread#6" [stack: 0x0000003294100000,0x0000003294200000] [id=13736]
  0x0000017159e2f2f0 GCTaskThread "GC Thread#7" [stack: 0x0000003294200000,0x0000003294300000] [id=11532]
  0x0000017159e2dfd0 GCTaskThread "GC Thread#8" [stack: 0x0000003294300000,0x0000003294400000] [id=10340]
  0x0000017159e2e300 GCTaskThread "GC Thread#9" [stack: 0x0000003294400000,0x0000003294500000] [id=18312]
  0x000001713529f300 ConcurrentGCThread "G1 Main Marker" [stack: 0x0000003291900000,0x0000003291a00000] [id=12364]
  0x00000171352a0690 ConcurrentGCThread "G1 Conc#0" [stack: 0x0000003291a00000,0x0000003291b00000] [id=21484]
  0x0000017159e2e630 ConcurrentGCThread "G1 Conc#1" [stack: 0x0000003294500000,0x0000003294600000] [id=20712]
  0x0000017159e2e960 ConcurrentGCThread "G1 Conc#2" [stack: 0x0000003294600000,0x0000003294700000] [id=19660]
  0x0000017135300720 ConcurrentGCThread "G1 Refine#0" [stack: 0x0000003291b00000,0x0000003291c00000] [id=11260]
  0x000001715b1236a0 ConcurrentGCThread "G1 Refine#1" [stack: 0x0000003294900000,0x0000003294a00000] [id=7956]
  0x0000017135301320 ConcurrentGCThread "G1 Young RemSet Sampling" [stack: 0x0000003291c00000,0x0000003291d00000] [id=14904]

Threads with active compile tasks:

VM state: not at safepoint (normal execution)

VM Mutex/Monitor currently owned by a thread:  ([mutex/lock_event])
[0x0000017135231600] Heap_lock - owner thread: 0x000001715a83a2f0

Heap address: 0x0000000702800000, size: 4056 MB, Compressed Oops mode: Zero based, Oop shift amount: 3
CDS archive(s) mapped at: [0x0000000800000000-0x0000000800b50000-0x0000000800b50000), size 11862016, SharedBaseAddress: 0x0000000800000000, ArchiveRelocationMode: 0.
Compressed class space mapped at: 0x0000000800b50000-0x0000000840b50000, size: 1073741824
Narrow klass base: 0x0000000800000000, Narrow klass shift: 3, Narrow klass range: 0x100000000

GC Precious Log:
 CPUs: 12 total, 12 available
 Memory: 16223M
 Large Page Support: Disabled
 NUMA Support: Disabled
 Compressed Oops: Enabled (Zero based)
 Heap Region Size: 2M
 Heap Min Capacity: 8M
 Heap Initial Capacity: 254M
 Heap Max Capacity: 4056M
 Pre-touch: Disabled
 Parallel Workers: 10
 Concurrent Workers: 3
 Concurrent Refinement Workers: 10
 Periodic GC: Disabled

Heap:
 garbage-first heap   total 436224K, used 414066K [0x0000000702800000, 0x0000000800000000)
  region size 2048K, 11 young (22528K), 1 survivors (2048K)
 Metaspace       used 34837K, capacity 35221K, committed 35248K, reserved 1079296K
  class space    used 4445K, capacity 4592K, committed 4608K, reserved 1048576K

Heap Regions: E=young(eden), S=young(survivor), O=old, HS=humongous(starts), HC=humongous(continues), CS=collection set, F=free, OA=open archive, CA=closed archive, TAMS=top-at-mark-start (previous, next)
|   0|0x0000000702800000, 0x0000000702a00000, 0x0000000702a00000|100%|HS|  |TAMS 0x0000000702a00000, 0x0000000702800000| Complete 
|   1|0x0000000702a00000, 0x0000000702c00000, 0x0000000702c00000|100%|HC|  |TAMS 0x0000000702c00000, 0x0000000702a00000| Complete 
|   2|0x0000000702c00000, 0x0000000702e00000, 0x0000000702e00000|100%|HC|  |TAMS 0x0000000702e00000, 0x0000000702c00000| Complete 
|   3|0x0000000702e00000, 0x0000000703000000, 0x0000000703000000|100%|HC|  |TAMS 0x0000000703000000, 0x0000000702e00000| Complete 
|   4|0x0000000703000000, 0x0000000703200000, 0x0000000703200000|100%| O|  |TAMS 0x0000000703200000, 0x0000000703000000| Untracked 
|   5|0x0000000703200000, 0x000000070339f000, 0x0000000703400000| 81%| O|  |TAMS 0x000000070339f000, 0x0000000703200000| Complete 
|   6|0x0000000703400000, 0x0000000703600000, 0x0000000703600000|100%|HS|  |TAMS 0x0000000703600000, 0x0000000703400000| Complete 
|   7|0x0000000703600000, 0x0000000703800000, 0x0000000703800000|100%| O|  |TAMS 0x0000000703800000, 0x0000000703600000| Untracked 
|   8|0x0000000703800000, 0x0000000703a00000, 0x0000000703a00000|100%| O|  |TAMS 0x0000000703a00000, 0x0000000703800000| Untracked 
|   9|0x0000000703a00000, 0x0000000703c00000, 0x0000000703c00000|100%| O|  |TAMS 0x0000000703c00000, 0x0000000703a00000| Untracked 
|  10|0x0000000703c00000, 0x0000000703e00000, 0x0000000703e00000|100%| O|  |TAMS 0x0000000703e00000, 0x0000000703c00000| Untracked 
|  11|0x0000000703e00000, 0x0000000704000000, 0x0000000704000000|100%| O|  |TAMS 0x0000000704000000, 0x0000000703e00000| Untracked 
|  12|0x0000000704000000, 0x0000000704200000, 0x0000000704200000|100%| O|  |TAMS 0x0000000704200000, 0x0000000704000000| Complete 
|  13|0x0000000704200000, 0x0000000704400000, 0x0000000704400000|100%| O|  |TAMS 0x0000000704400000, 0x0000000704200000| Complete 
|  14|0x0000000704400000, 0x0000000704600000, 0x0000000704600000|100%| O|  |TAMS 0x0000000704600000, 0x0000000704400000| Complete 
|  15|0x0000000704600000, 0x0000000704800000, 0x0000000704800000|100%| O|  |TAMS 0x0000000704800000, 0x0000000704600000| Untracked 
|  16|0x0000000704800000, 0x0000000704a00000, 0x0000000704a00000|100%| O|  |TAMS 0x0000000704a00000, 0x0000000704800000| Complete 
|  17|0x0000000704a00000, 0x0000000704c00000, 0x0000000704c00000|100%| O|  |TAMS 0x0000000704c00000, 0x0000000704a00000| Complete 
|  18|0x0000000704c00000, 0x0000000704e00000, 0x0000000704e00000|100%| O|  |TAMS 0x0000000704e00000, 0x0000000704c00000| Complete 
|  19|0x0000000704e00000, 0x0000000705000000, 0x0000000705000000|100%| O|  |TAMS 0x0000000705000000, 0x0000000704e00000| Complete 
|  20|0x0000000705000000, 0x0000000705200000, 0x0000000705200000|100%| O|  |TAMS 0x0000000705200000, 0x0000000705000000| Complete 
|  21|0x0000000705200000, 0x0000000705400000, 0x0000000705400000|100%| O|  |TAMS 0x0000000705400000, 0x0000000705200000| Untracked 
|  22|0x0000000705400000, 0x0000000705600000, 0x0000000705600000|100%| O|  |TAMS 0x000000070543e600, 0x0000000705400000| Untracked 
|  23|0x0000000705600000, 0x0000000705800000, 0x0000000705800000|100%| O|  |TAMS 0x0000000705600000, 0x0000000705600000| Untracked 
|  24|0x0000000705800000, 0x0000000705874600, 0x0000000705a00000| 22%| O|  |TAMS 0x0000000705800000, 0x0000000705800000| Untracked 
|  25|0x0000000705a00000, 0x0000000705c00000, 0x0000000705c00000|100%|HS|  |TAMS 0x0000000705a00000, 0x0000000705a00000| Complete 
|  26|0x0000000705c00000, 0x0000000705e00000, 0x0000000705e00000|100%|HC|  |TAMS 0x0000000705c00000, 0x0000000705c00000| Complete 
|  27|0x0000000705e00000, 0x0000000706000000, 0x0000000706000000|100%|HC|  |TAMS 0x0000000705e00000, 0x0000000705e00000| Complete 
|  28|0x0000000706000000, 0x0000000706200000, 0x0000000706200000|100%|HS|  |TAMS 0x0000000706000000, 0x0000000706000000| Complete 
|  29|0x0000000706200000, 0x0000000706400000, 0x0000000706400000|100%|HC|  |TAMS 0x0000000706200000, 0x0000000706200000| Complete 
|  30|0x0000000706400000, 0x0000000706600000, 0x0000000706600000|100%|HS|  |TAMS 0x0000000706400000, 0x0000000706400000| Complete 
|  31|0x0000000706600000, 0x0000000706800000, 0x0000000706800000|100%|HC|  |TAMS 0x0000000706600000, 0x0000000706600000| Complete 
|  32|0x0000000706800000, 0x0000000706a00000, 0x0000000706a00000|100%|HC|  |TAMS 0x0000000706800000, 0x0000000706800000| Complete 
|  33|0x0000000706a00000, 0x0000000706c00000, 0x0000000706c00000|100%|HS|  |TAMS 0x0000000706a00000, 0x0000000706a00000| Complete 
|  34|0x0000000706c00000, 0x0000000706e00000, 0x0000000706e00000|100%|HC|  |TAMS 0x0000000706c00000, 0x0000000706c00000| Complete 
|  35|0x0000000706e00000, 0x0000000706e576d8, 0x0000000707000000| 17%| E|  |TAMS 0x0000000706e00000, 0x0000000706e00000| Complete 
|  36|0x0000000707000000, 0x0000000707049480, 0x0000000707200000| 14%| S|CS|TAMS 0x0000000707000000, 0x0000000707000000| Complete 
|  37|0x0000000707200000, 0x0000000707400000, 0x0000000707400000|100%|HS|  |TAMS 0x0000000707200000, 0x0000000707200000| Complete 
|  38|0x0000000707400000, 0x0000000707600000, 0x0000000707600000|100%|HC|  |TAMS 0x0000000707400000, 0x0000000707400000| Complete 
|  39|0x0000000707600000, 0x0000000707800000, 0x0000000707800000|100%|HS|  |TAMS 0x0000000707600000, 0x0000000707600000| Complete 
|  40|0x0000000707800000, 0x0000000707a00000, 0x0000000707a00000|100%|HC|  |TAMS 0x0000000707800000, 0x0000000707800000| Complete 
|  41|0x0000000707a00000, 0x0000000707bfffc0, 0x0000000707c00000| 99%| E|  |TAMS 0x0000000707a00000, 0x0000000707a00000| Complete 
|  42|0x0000000707c00000, 0x0000000707e00000, 0x0000000707e00000|100%| E|CS|TAMS 0x0000000707c00000, 0x0000000707c00000| Complete 
|  43|0x0000000707e00000, 0x0000000708000000, 0x0000000708000000|100%| E|CS|TAMS 0x0000000707e00000, 0x0000000707e00000| Complete 
|  44|0x0000000708000000, 0x0000000708200000, 0x0000000708200000|100%| E|CS|TAMS 0x0000000708000000, 0x0000000708000000| Complete 
|  45|0x0000000708200000, 0x0000000708400000, 0x0000000708400000|100%|HS|  |TAMS 0x0000000708200000, 0x0000000708200000| Complete 
|  46|0x0000000708400000, 0x0000000708600000, 0x0000000708600000|100%|HC|  |TAMS 0x0000000708400000, 0x0000000708400000| Complete 
|  47|0x0000000708600000, 0x0000000708800000, 0x0000000708800000|100%|HC|  |TAMS 0x0000000708600000, 0x0000000708600000| Complete 
|  48|0x0000000708800000, 0x0000000708a00000, 0x0000000708a00000|100%|HC|  |TAMS 0x0000000708800000, 0x0000000708800000| Complete 
|  49|0x0000000708a00000, 0x0000000708c00000, 0x0000000708c00000|100%|HC|  |TAMS 0x0000000708a00000, 0x0000000708a00000| Complete 
|  50|0x0000000708c00000, 0x0000000708e00000, 0x0000000708e00000|100%|HC|  |TAMS 0x0000000708c00000, 0x0000000708c00000| Complete 
|  51|0x0000000708e00000, 0x0000000709000000, 0x0000000709000000|100%|HC|  |TAMS 0x0000000708e00000, 0x0000000708e00000| Complete 
|  52|0x0000000709000000, 0x0000000709200000, 0x0000000709200000|100%|HC|  |TAMS 0x0000000709000000, 0x0000000709000000| Complete 
|  53|0x0000000709200000, 0x0000000709400000, 0x0000000709400000|100%|HC|  |TAMS 0x0000000709200000, 0x0000000709200000| Complete 
|  54|0x0000000709400000, 0x0000000709600000, 0x0000000709600000|100%|HC|  |TAMS 0x0000000709400000, 0x0000000709400000| Complete 
|  55|0x0000000709600000, 0x0000000709800000, 0x0000000709800000|100%|HC|  |TAMS 0x0000000709600000, 0x0000000709600000| Complete 
|  56|0x0000000709800000, 0x0000000709a00000, 0x0000000709a00000|100%|HC|  |TAMS 0x0000000709800000, 0x0000000709800000| Complete 
|  57|0x0000000709a00000, 0x0000000709c00000, 0x0000000709c00000|100%|HC|  |TAMS 0x0000000709a00000, 0x0000000709a00000| Complete 
|  58|0x0000000709c00000, 0x0000000709e00000, 0x0000000709e00000|100%|HC|  |TAMS 0x0000000709c00000, 0x0000000709c00000| Complete 
|  59|0x0000000709e00000, 0x000000070a000000, 0x000000070a000000|100%|HC|  |TAMS 0x0000000709e00000, 0x0000000709e00000| Complete 
|  60|0x000000070a000000, 0x000000070a200000, 0x000000070a200000|100%|HC|  |TAMS 0x000000070a000000, 0x000000070a000000| Complete 
|  61|0x000000070a200000, 0x000000070a400000, 0x000000070a400000|100%|HC|  |TAMS 0x000000070a200000, 0x000000070a200000| Complete 
|  62|0x000000070a400000, 0x000000070a600000, 0x000000070a600000|100%|HC|  |TAMS 0x000000070a400000, 0x000000070a400000| Complete 
|  63|0x000000070a600000, 0x000000070a800000, 0x000000070a800000|100%|HC|  |TAMS 0x000000070a600000, 0x000000070a600000| Complete 
|  64|0x000000070a800000, 0x000000070aa00000, 0x000000070aa00000|100%|HC|  |TAMS 0x000000070a800000, 0x000000070a800000| Complete 
|  65|0x000000070aa00000, 0x000000070ac00000, 0x000000070ac00000|100%|HC|  |TAMS 0x000000070aa00000, 0x000000070aa00000| Complete 
|  66|0x000000070ac00000, 0x000000070ae00000, 0x000000070ae00000|100%|HC|  |TAMS 0x000000070ac00000, 0x000000070ac00000| Complete 
|  67|0x000000070ae00000, 0x000000070b000000, 0x000000070b000000|100%|HC|  |TAMS 0x000000070ae00000, 0x000000070ae00000| Complete 
|  68|0x000000070b000000, 0x000000070b200000, 0x000000070b200000|100%|HC|  |TAMS 0x000000070b000000, 0x000000070b000000| Complete 
|  69|0x000000070b200000, 0x000000070b400000, 0x000000070b400000|100%|HC|  |TAMS 0x000000070b200000, 0x000000070b200000| Complete 
|  70|0x000000070b400000, 0x000000070b600000, 0x000000070b600000|100%|HS|  |TAMS 0x000000070b400000, 0x000000070b400000| Complete 
|  71|0x000000070b600000, 0x000000070b800000, 0x000000070b800000|100%|HC|  |TAMS 0x000000070b600000, 0x000000070b600000| Complete 
|  72|0x000000070b800000, 0x000000070ba00000, 0x000000070ba00000|100%|HC|  |TAMS 0x000000070b800000, 0x000000070b800000| Complete 
|  73|0x000000070ba00000, 0x000000070bc00000, 0x000000070bc00000|100%|HC|  |TAMS 0x000000070ba00000, 0x000000070ba00000| Complete 
|  74|0x000000070bc00000, 0x000000070be00000, 0x000000070be00000|100%|HC|  |TAMS 0x000000070bc00000, 0x000000070bc00000| Complete 
|  75|0x000000070be00000, 0x000000070c000000, 0x000000070c000000|100%|HC|  |TAMS 0x000000070be00000, 0x000000070be00000| Complete 
|  76|0x000000070c000000, 0x000000070c200000, 0x000000070c200000|100%|HC|  |TAMS 0x000000070c000000, 0x000000070c000000| Complete 
|  77|0x000000070c200000, 0x000000070c400000, 0x000000070c400000|100%|HC|  |TAMS 0x000000070c200000, 0x000000070c200000| Complete 
|  78|0x000000070c400000, 0x000000070c600000, 0x000000070c600000|100%|HC|  |TAMS 0x000000070c400000, 0x000000070c400000| Complete 
|  79|0x000000070c600000, 0x000000070c800000, 0x000000070c800000|100%|HC|  |TAMS 0x000000070c600000, 0x000000070c600000| Complete 
|  80|0x000000070c800000, 0x000000070ca00000, 0x000000070ca00000|100%|HC|  |TAMS 0x000000070c800000, 0x000000070c800000| Complete 
|  81|0x000000070ca00000, 0x000000070cc00000, 0x000000070cc00000|100%|HC|  |TAMS 0x000000070ca00000, 0x000000070ca00000| Complete 
|  82|0x000000070cc00000, 0x000000070ce00000, 0x000000070ce00000|100%|HC|  |TAMS 0x000000070cc00000, 0x000000070cc00000| Complete 
|  83|0x000000070ce00000, 0x000000070d000000, 0x000000070d000000|100%|HC|  |TAMS 0x000000070ce00000, 0x000000070ce00000| Complete 
|  84|0x000000070d000000, 0x000000070d200000, 0x000000070d200000|100%|HC|  |TAMS 0x000000070d000000, 0x000000070d000000| Complete 
|  85|0x000000070d200000, 0x000000070d400000, 0x000000070d400000|100%|HC|  |TAMS 0x000000070d200000, 0x000000070d200000| Complete 
|  86|0x000000070d400000, 0x000000070d600000, 0x000000070d600000|100%|HC|  |TAMS 0x000000070d400000, 0x000000070d400000| Complete 
|  87|0x000000070d600000, 0x000000070d800000, 0x000000070d800000|100%|HC|  |TAMS 0x000000070d600000, 0x000000070d600000| Complete 
|  88|0x000000070d800000, 0x000000070da00000, 0x000000070da00000|100%|HC|  |TAMS 0x000000070d800000, 0x000000070d800000| Complete 
|  89|0x000000070da00000, 0x000000070dc00000, 0x000000070dc00000|100%|HC|  |TAMS 0x000000070da00000, 0x000000070da00000| Complete 
|  90|0x000000070dc00000, 0x000000070de00000, 0x000000070de00000|100%|HC|  |TAMS 0x000000070dc00000, 0x000000070dc00000| Complete 
|  91|0x000000070de00000, 0x000000070e000000, 0x000000070e000000|100%|HC|  |TAMS 0x000000070de00000, 0x000000070de00000| Complete 
|  92|0x000000070e000000, 0x000000070e200000, 0x000000070e200000|100%|HC|  |TAMS 0x000000070e000000, 0x000000070e000000| Complete 
|  93|0x000000070e200000, 0x000000070e400000, 0x000000070e400000|100%|HC|  |TAMS 0x000000070e200000, 0x000000070e200000| Complete 
|  94|0x000000070e400000, 0x000000070e600000, 0x000000070e600000|100%|HC|  |TAMS 0x000000070e400000, 0x000000070e400000| Complete 
|  95|0x000000070e600000, 0x000000070e800000, 0x000000070e800000|100%|HS|  |TAMS 0x000000070e600000, 0x000000070e600000| Complete 
|  96|0x000000070e800000, 0x000000070ea00000, 0x000000070ea00000|100%|HC|  |TAMS 0x000000070e800000, 0x000000070e800000| Complete 
|  97|0x000000070ea00000, 0x000000070ec00000, 0x000000070ec00000|100%|HC|  |TAMS 0x000000070ea00000, 0x000000070ea00000| Complete 
|  98|0x000000070ec00000, 0x000000070ee00000, 0x000000070ee00000|100%|HS|  |TAMS 0x000000070ec00000, 0x000000070ec00000| Complete 
|  99|0x000000070ee00000, 0x000000070f000000, 0x000000070f000000|100%|HC|  |TAMS 0x000000070ee00000, 0x000000070ee00000| Complete 
| 100|0x000000070f000000, 0x000000070f200000, 0x000000070f200000|100%|HC|  |TAMS 0x000000070f000000, 0x000000070f000000| Complete 
| 101|0x000000070f200000, 0x000000070f400000, 0x000000070f400000|100%|HS|  |TAMS 0x000000070f200000, 0x000000070f200000| Complete 
| 102|0x000000070f400000, 0x000000070f600000, 0x000000070f600000|100%|HC|  |TAMS 0x000000070f400000, 0x000000070f400000| Complete 
| 103|0x000000070f600000, 0x000000070f800000, 0x000000070f800000|100%|HC|  |TAMS 0x000000070f600000, 0x000000070f600000| Complete 
| 104|0x000000070f800000, 0x000000070fa00000, 0x000000070fa00000|100%|HC|  |TAMS 0x000000070f800000, 0x000000070f800000| Complete 
| 105|0x000000070fa00000, 0x000000070fc00000, 0x000000070fc00000|100%|HS|  |TAMS 0x000000070fa00000, 0x000000070fa00000| Complete 
| 106|0x000000070fc00000, 0x000000070fe00000, 0x000000070fe00000|100%|HC|  |TAMS 0x000000070fc00000, 0x000000070fc00000| Complete 
| 107|0x000000070fe00000, 0x0000000710000000, 0x0000000710000000|100%|HC|  |TAMS 0x000000070fe00000, 0x000000070fe00000| Complete 
| 108|0x0000000710000000, 0x0000000710200000, 0x0000000710200000|100%|HC|  |TAMS 0x0000000710000000, 0x0000000710000000| Complete 
| 110|0x0000000710400000, 0x0000000710600000, 0x0000000710600000|100%| E|CS|TAMS 0x0000000710400000, 0x0000000710400000| Complete 
| 111|0x0000000710600000, 0x0000000710800000, 0x0000000710800000|100%| E|CS|TAMS 0x0000000710600000, 0x0000000710600000| Complete 
| 112|0x0000000710800000, 0x0000000710a00000, 0x0000000710a00000|100%| E|CS|TAMS 0x0000000710800000, 0x0000000710800000| Complete 
| 113|0x0000000710a00000, 0x0000000710c00000, 0x0000000710c00000|100%| E|CS|TAMS 0x0000000710a00000, 0x0000000710a00000| Complete 
| 114|0x0000000710c00000, 0x0000000710e00000, 0x0000000710e00000|100%|HS|  |TAMS 0x0000000710c00000, 0x0000000710c00000| Complete 
| 115|0x0000000710e00000, 0x0000000711000000, 0x0000000711000000|100%|HC|  |TAMS 0x0000000710e00000, 0x0000000710e00000| Complete 
| 116|0x0000000711000000, 0x0000000711200000, 0x0000000711200000|100%|HC|  |TAMS 0x0000000711000000, 0x0000000711000000| Complete 
| 117|0x0000000711200000, 0x0000000711400000, 0x0000000711400000|100%|HC|  |TAMS 0x0000000711200000, 0x0000000711200000| Complete 
| 118|0x0000000711400000, 0x0000000711600000, 0x0000000711600000|100%|HC|  |TAMS 0x0000000711400000, 0x0000000711400000| Complete 
| 119|0x0000000711600000, 0x0000000711800000, 0x0000000711800000|100%|HC|  |TAMS 0x0000000711600000, 0x0000000711600000| Complete 
| 120|0x0000000711800000, 0x0000000711a00000, 0x0000000711a00000|100%|HS|  |TAMS 0x0000000711800000, 0x0000000711800000| Complete 
| 121|0x0000000711a00000, 0x0000000711c00000, 0x0000000711c00000|100%|HC|  |TAMS 0x0000000711a00000, 0x0000000711a00000| Complete 
| 122|0x0000000711c00000, 0x0000000711e00000, 0x0000000711e00000|100%|HC|  |TAMS 0x0000000711c00000, 0x0000000711c00000| Complete 
| 123|0x0000000711e00000, 0x0000000712000000, 0x0000000712000000|100%|HC|  |TAMS 0x0000000711e00000, 0x0000000711e00000| Complete 
| 124|0x0000000712000000, 0x0000000712200000, 0x0000000712200000|100%|HC|  |TAMS 0x0000000712000000, 0x0000000712000000| Complete 
| 125|0x0000000712200000, 0x0000000712400000, 0x0000000712400000|100%|HC|  |TAMS 0x0000000712200000, 0x0000000712200000| Complete 
| 126|0x0000000712400000, 0x0000000712600000, 0x0000000712600000|100%| E|CS|TAMS 0x0000000712400000, 0x0000000712400000| Complete 
| 127|0x0000000712600000, 0x0000000712800000, 0x0000000712800000|100%|HS|  |TAMS 0x0000000712600000, 0x0000000712600000| Complete 
| 128|0x0000000712800000, 0x0000000712a00000, 0x0000000712a00000|100%|HC|  |TAMS 0x0000000712800000, 0x0000000712800000| Complete 
| 129|0x0000000712a00000, 0x0000000712c00000, 0x0000000712c00000|100%|HC|  |TAMS 0x0000000712a00000, 0x0000000712a00000| Complete 
| 130|0x0000000712c00000, 0x0000000712e00000, 0x0000000712e00000|100%|HC|  |TAMS 0x0000000712c00000, 0x0000000712c00000| Complete 
| 131|0x0000000712e00000, 0x0000000713000000, 0x0000000713000000|100%|HC|  |TAMS 0x0000000712e00000, 0x0000000712e00000| Complete 
| 132|0x0000000713000000, 0x0000000713200000, 0x0000000713200000|100%|HC|  |TAMS 0x0000000713000000, 0x0000000713000000| Complete 
| 133|0x0000000713200000, 0x0000000713400000, 0x0000000713400000|100%|HC|  |TAMS 0x0000000713200000, 0x0000000713200000| Complete 
| 134|0x0000000713400000, 0x0000000713600000, 0x0000000713600000|100%|HC|  |TAMS 0x0000000713400000, 0x0000000713400000| Complete 
| 135|0x0000000713600000, 0x0000000713800000, 0x0000000713800000|100%|HC|  |TAMS 0x0000000713600000, 0x0000000713600000| Complete 
| 136|0x0000000713800000, 0x0000000713a00000, 0x0000000713a00000|100%|HC|  |TAMS 0x0000000713800000, 0x0000000713800000| Complete 
| 137|0x0000000713a00000, 0x0000000713c00000, 0x0000000713c00000|100%|HC|  |TAMS 0x0000000713a00000, 0x0000000713a00000| Complete 
| 138|0x0000000713c00000, 0x0000000713e00000, 0x0000000713e00000|100%|HC|  |TAMS 0x0000000713c00000, 0x0000000713c00000| Complete 
| 139|0x0000000713e00000, 0x0000000714000000, 0x0000000714000000|100%|HC|  |TAMS 0x0000000713e00000, 0x0000000713e00000| Complete 
| 140|0x0000000714000000, 0x0000000714200000, 0x0000000714200000|100%|HC|  |TAMS 0x0000000714000000, 0x0000000714000000| Complete 
| 141|0x0000000714200000, 0x0000000714400000, 0x0000000714400000|100%|HC|  |TAMS 0x0000000714200000, 0x0000000714200000| Complete 
| 142|0x0000000714400000, 0x0000000714600000, 0x0000000714600000|100%|HC|  |TAMS 0x0000000714400000, 0x0000000714400000| Complete 
| 143|0x0000000714600000, 0x0000000714800000, 0x0000000714800000|100%|HC|  |TAMS 0x0000000714600000, 0x0000000714600000| Complete 
| 144|0x0000000714800000, 0x0000000714a00000, 0x0000000714a00000|100%|HC|  |TAMS 0x0000000714800000, 0x0000000714800000| Complete 
| 145|0x0000000714a00000, 0x0000000714c00000, 0x0000000714c00000|100%|HC|  |TAMS 0x0000000714a00000, 0x0000000714a00000| Complete 
| 146|0x0000000714c00000, 0x0000000714e00000, 0x0000000714e00000|100%|HC|  |TAMS 0x0000000714c00000, 0x0000000714c00000| Complete 
| 147|0x0000000714e00000, 0x0000000715000000, 0x0000000715000000|100%|HC|  |TAMS 0x0000000714e00000, 0x0000000714e00000| Complete 
| 148|0x0000000715000000, 0x0000000715200000, 0x0000000715200000|100%|HC|  |TAMS 0x0000000715000000, 0x0000000715000000| Complete 
| 149|0x0000000715200000, 0x0000000715400000, 0x0000000715400000|100%|HC|  |TAMS 0x0000000715200000, 0x0000000715200000| Complete 
| 150|0x0000000715400000, 0x0000000715600000, 0x0000000715600000|100%|HC|  |TAMS 0x0000000715400000, 0x0000000715400000| Complete 
| 151|0x0000000715600000, 0x0000000715800000, 0x0000000715800000|100%|HC|  |TAMS 0x0000000715600000, 0x0000000715600000| Complete 
| 152|0x0000000715800000, 0x0000000715a00000, 0x0000000715a00000|100%|HS|  |TAMS 0x0000000715800000, 0x0000000715800000| Complete 
| 153|0x0000000715a00000, 0x0000000715c00000, 0x0000000715c00000|100%|HC|  |TAMS 0x0000000715a00000, 0x0000000715a00000| Complete 
| 154|0x0000000715c00000, 0x0000000715e00000, 0x0000000715e00000|100%|HC|  |TAMS 0x0000000715c00000, 0x0000000715c00000| Complete 
| 155|0x0000000715e00000, 0x0000000716000000, 0x0000000716000000|100%|HC|  |TAMS 0x0000000715e00000, 0x0000000715e00000| Complete 
| 156|0x0000000716000000, 0x0000000716200000, 0x0000000716200000|100%|HC|  |TAMS 0x0000000716000000, 0x0000000716000000| Complete 
| 157|0x0000000716200000, 0x0000000716400000, 0x0000000716400000|100%|HC|  |TAMS 0x0000000716200000, 0x0000000716200000| Complete 
| 158|0x0000000716400000, 0x0000000716600000, 0x0000000716600000|100%|HC|  |TAMS 0x0000000716400000, 0x0000000716400000| Complete 
| 159|0x0000000716600000, 0x0000000716800000, 0x0000000716800000|100%|HC|  |TAMS 0x0000000716600000, 0x0000000716600000| Complete 
| 160|0x0000000716800000, 0x0000000716a00000, 0x0000000716a00000|100%|HC|  |TAMS 0x0000000716800000, 0x0000000716800000| Complete 
| 161|0x0000000716a00000, 0x0000000716c00000, 0x0000000716c00000|100%|HC|  |TAMS 0x0000000716a00000, 0x0000000716a00000| Complete 
| 162|0x0000000716c00000, 0x0000000716e00000, 0x0000000716e00000|100%|HC|  |TAMS 0x0000000716c00000, 0x0000000716c00000| Complete 
| 163|0x0000000716e00000, 0x0000000717000000, 0x0000000717000000|100%|HC|  |TAMS 0x0000000716e00000, 0x0000000716e00000| Complete 
| 164|0x0000000717000000, 0x0000000717200000, 0x0000000717200000|100%|HC|  |TAMS 0x0000000717000000, 0x0000000717000000| Complete 
| 165|0x0000000717200000, 0x0000000717400000, 0x0000000717400000|100%|HC|  |TAMS 0x0000000717200000, 0x0000000717200000| Complete 
| 166|0x0000000717400000, 0x0000000717600000, 0x0000000717600000|100%|HC|  |TAMS 0x0000000717400000, 0x0000000717400000| Complete 
| 167|0x0000000717600000, 0x0000000717800000, 0x0000000717800000|100%|HC|  |TAMS 0x0000000717600000, 0x0000000717600000| Complete 
| 168|0x0000000717800000, 0x0000000717a00000, 0x0000000717a00000|100%|HC|  |TAMS 0x0000000717800000, 0x0000000717800000| Complete 
| 169|0x0000000717a00000, 0x0000000717c00000, 0x0000000717c00000|100%|HC|  |TAMS 0x0000000717a00000, 0x0000000717a00000| Complete 
| 170|0x0000000717c00000, 0x0000000717e00000, 0x0000000717e00000|100%|HC|  |TAMS 0x0000000717c00000, 0x0000000717c00000| Complete 
| 171|0x0000000717e00000, 0x0000000718000000, 0x0000000718000000|100%|HC|  |TAMS 0x0000000717e00000, 0x0000000717e00000| Complete 
| 172|0x0000000718000000, 0x0000000718200000, 0x0000000718200000|100%|HC|  |TAMS 0x0000000718000000, 0x0000000718000000| Complete 
| 173|0x0000000718200000, 0x0000000718400000, 0x0000000718400000|100%|HC|  |TAMS 0x0000000718200000, 0x0000000718200000| Complete 
| 174|0x0000000718400000, 0x0000000718600000, 0x0000000718600000|100%|HC|  |TAMS 0x0000000718400000, 0x0000000718400000| Complete 
| 175|0x0000000718600000, 0x0000000718800000, 0x0000000718800000|100%|HC|  |TAMS 0x0000000718600000, 0x0000000718600000| Complete 
| 176|0x0000000718800000, 0x0000000718a00000, 0x0000000718a00000|100%|HC|  |TAMS 0x0000000718800000, 0x0000000718800000| Complete 
| 177|0x0000000718a00000, 0x0000000718c00000, 0x0000000718c00000|100%|HS|  |TAMS 0x0000000718a00000, 0x0000000718a00000| Complete 
| 178|0x0000000718c00000, 0x0000000718e00000, 0x0000000718e00000|100%|HC|  |TAMS 0x0000000718c00000, 0x0000000718c00000| Complete 
| 179|0x0000000718e00000, 0x0000000719000000, 0x0000000719000000|100%|HC|  |TAMS 0x0000000718e00000, 0x0000000718e00000| Complete 
| 180|0x0000000719000000, 0x0000000719200000, 0x0000000719200000|100%|HC|  |TAMS 0x0000000719000000, 0x0000000719000000| Complete 
| 181|0x0000000719200000, 0x0000000719400000, 0x0000000719400000|100%|HC|  |TAMS 0x0000000719200000, 0x0000000719200000| Complete 
| 182|0x0000000719400000, 0x0000000719600000, 0x0000000719600000|100%|HC|  |TAMS 0x0000000719400000, 0x0000000719400000| Complete 
| 183|0x0000000719600000, 0x0000000719800000, 0x0000000719800000|100%|HC|  |TAMS 0x0000000719600000, 0x0000000719600000| Complete 
| 184|0x0000000719800000, 0x0000000719a00000, 0x0000000719a00000|100%|HC|  |TAMS 0x0000000719800000, 0x0000000719800000| Complete 
| 185|0x0000000719a00000, 0x0000000719c00000, 0x0000000719c00000|100%|HC|  |TAMS 0x0000000719a00000, 0x0000000719a00000| Complete 
| 186|0x0000000719c00000, 0x0000000719e00000, 0x0000000719e00000|100%|HC|  |TAMS 0x0000000719c00000, 0x0000000719c00000| Complete 
| 187|0x0000000719e00000, 0x000000071a000000, 0x000000071a000000|100%|HC|  |TAMS 0x0000000719e00000, 0x0000000719e00000| Complete 
| 188|0x000000071a000000, 0x000000071a200000, 0x000000071a200000|100%|HC|  |TAMS 0x000000071a000000, 0x000000071a000000| Complete 
| 189|0x000000071a200000, 0x000000071a400000, 0x000000071a400000|100%|HC|  |TAMS 0x000000071a200000, 0x000000071a200000| Complete 
| 190|0x000000071a400000, 0x000000071a600000, 0x000000071a600000|100%|HC|  |TAMS 0x000000071a400000, 0x000000071a400000| Complete 
| 191|0x000000071a600000, 0x000000071a800000, 0x000000071a800000|100%|HC|  |TAMS 0x000000071a600000, 0x000000071a600000| Complete 
| 192|0x000000071a800000, 0x000000071aa00000, 0x000000071aa00000|100%|HC|  |TAMS 0x000000071a800000, 0x000000071a800000| Complete 
| 193|0x000000071aa00000, 0x000000071ac00000, 0x000000071ac00000|100%|HC|  |TAMS 0x000000071aa00000, 0x000000071aa00000| Complete 
| 194|0x000000071ac00000, 0x000000071ae00000, 0x000000071ae00000|100%|HC|  |TAMS 0x000000071ac00000, 0x000000071ac00000| Complete 
| 195|0x000000071ae00000, 0x000000071b000000, 0x000000071b000000|100%|HC|  |TAMS 0x000000071ae00000, 0x000000071ae00000| Complete 
| 196|0x000000071b000000, 0x000000071b200000, 0x000000071b200000|100%|HC|  |TAMS 0x000000071b000000, 0x000000071b000000| Complete 
| 197|0x000000071b200000, 0x000000071b400000, 0x000000071b400000|100%|HS|  |TAMS 0x000000071b200000, 0x000000071b200000| Complete 
| 198|0x000000071b400000, 0x000000071b600000, 0x000000071b600000|100%|HC|  |TAMS 0x000000071b400000, 0x000000071b400000| Complete 
| 199|0x000000071b600000, 0x000000071b800000, 0x000000071b800000|100%|HC|  |TAMS 0x000000071b600000, 0x000000071b600000| Complete 
| 200|0x000000071b800000, 0x000000071ba00000, 0x000000071ba00000|100%|HC|  |TAMS 0x000000071b800000, 0x000000071b800000| Complete 
| 201|0x000000071ba00000, 0x000000071bc00000, 0x000000071bc00000|100%|HS|  |TAMS 0x000000071ba00000, 0x000000071ba00000| Complete 
| 202|0x000000071bc00000, 0x000000071be00000, 0x000000071be00000|100%|HC|  |TAMS 0x000000071bc00000, 0x000000071bc00000| Complete 
| 203|0x000000071be00000, 0x000000071c000000, 0x000000071c000000|100%|HC|  |TAMS 0x000000071be00000, 0x000000071be00000| Complete 
| 204|0x000000071c000000, 0x000000071c200000, 0x000000071c200000|100%|HC|  |TAMS 0x000000071c000000, 0x000000071c000000| Complete 
| 205|0x000000071c200000, 0x000000071c400000, 0x000000071c400000|100%|HC|  |TAMS 0x000000071c200000, 0x000000071c200000| Complete 
| 206|0x000000071c400000, 0x000000071c600000, 0x000000071c600000|100%|HC|  |TAMS 0x000000071c400000, 0x000000071c400000| Complete 
| 207|0x000000071c600000, 0x000000071c600000, 0x000000071c800000|  0%| F|  |TAMS 0x000000071c600000, 0x000000071c600000| Untracked 
| 208|0x000000071c800000, 0x000000071c800000, 0x000000071ca00000|  0%| F|  |TAMS 0x000000071c800000, 0x000000071c800000| Untracked 
| 209|0x000000071ca00000, 0x000000071ca00000, 0x000000071cc00000|  0%| F|  |TAMS 0x000000071ca00000, 0x000000071ca00000| Untracked 
| 210|0x000000071cc00000, 0x000000071cc00000, 0x000000071ce00000|  0%| F|  |TAMS 0x000000071cc00000, 0x000000071cc00000| Untracked 
| 211|0x000000071ce00000, 0x000000071ce00000, 0x000000071d000000|  0%| F|  |TAMS 0x000000071ce00000, 0x000000071ce00000| Untracked 
| 212|0x000000071d000000, 0x000000071d000000, 0x000000071d200000|  0%| F|  |TAMS 0x000000071d000000, 0x000000071d000000| Untracked 

Card table byte_map: [0x000001714d1b0000,0x000001714d9a0000] _byte_map_base: 0x000001714999c000

Marking Bits (Prev, Next): (CMBitMap*) 0x000001713528ec20, (CMBitMap*) 0x000001713528ec60
 Prev Bits: [0x000001714e190000, 0x00000171520f0000)
 Next Bits: [0x00000171520f0000, 0x0000017156050000)

Polling page: 0x0000017133190000

Metaspace:

Usage:
  Non-class:     29.91 MB capacity,    29.68 MB (>99%) used,   185.87 KB ( <1%) free+waste,    51.12 KB ( <1%) overhead. 
      Class:      4.48 MB capacity,     4.34 MB ( 97%) used,   126.51 KB (  3%) free+waste,    20.06 KB ( <1%) overhead. 
       Both:     34.40 MB capacity,    34.02 MB ( 99%) used,   312.38 KB ( <1%) free+waste,    71.19 KB ( <1%) overhead. 

Virtual space:
  Non-class space:       30.00 MB reserved,      29.92 MB (>99%) committed 
      Class space:        1.00 GB reserved,       4.50 MB ( <1%) committed 
             Both:        1.03 GB reserved,      34.42 MB (  3%) committed 

Chunk freelists:
   Non-Class:  11.00 KB
       Class:  16.00 KB
        Both:  27.00 KB

MaxMetaspaceSize: 17179869184.00 GB
CompressedClassSpaceSize: 1.00 GB

CodeHeap 'non-profiled nmethods': size=120000Kb used=4715Kb max_used=4715Kb free=115284Kb
 bounds [0x0000017144f40000, 0x00000171453e0000, 0x000001714c470000]
CodeHeap 'profiled nmethods': size=120000Kb used=14649Kb max_used=14649Kb free=105350Kb
 bounds [0x000001713da10000, 0x000001713e870000, 0x0000017144f40000]
CodeHeap 'non-nmethods': size=5760Kb used=1566Kb max_used=1678Kb free=4193Kb
 bounds [0x000001713d470000, 0x000001713d6e0000, 0x000001713da10000]
 total_blobs=7930 nmethods=7001 adapters=841
 compilation: enabled
              stopped_count=0, restarted_count=0
 full_count=0

Compilation events (20 events):
Event: 211.098 Thread 0x000001715952a3c0 7918       4       com.sun.javafx.sg.prism.NGNode::accumulateDirtyRegions (112 bytes)
Event: 211.101 Thread 0x000001715952a3c0 nmethod 7918 0x00000171453d8910 code [0x00000171453d8ae0, 0x00000171453d8e10]
Event: 211.219 Thread 0x000001715952a3c0 7919       4       com.sun.javafx.image.impl.ByteBgra$ToByteBgraPreConv::doConvert (214 bytes)
Event: 211.223 Thread 0x000001715952a3c0 nmethod 7919 0x00000171453d9190 code [0x00000171453d9320, 0x00000171453d96f8]
Event: 211.227 Thread 0x0000017159530370 7920 %     3       com.sun.javafx.image.impl.BaseByteToByteConverter$FourByteReorderer::doConvert @ 27 (138 bytes)
Event: 211.227 Thread 0x0000017159530370 nmethod 7920% 0x000001713e85b910 code [0x000001713e85bae0, 0x000001713e85c098]
Event: 211.227 Thread 0x0000017159530370 7921       3       com.sun.javafx.image.impl.BaseByteToByteConverter$FourByteReorderer::doConvert (138 bytes)
Event: 211.228 Thread 0x0000017159530370 nmethod 7921 0x000001713e85c310 code [0x000001713e85c4e0, 0x000001713e85c8b8]
Event: 211.228 Thread 0x000001715952a3c0 7922 %     4       com.sun.javafx.image.impl.BaseByteToByteConverter$FourByteReorderer::doConvert @ 27 (138 bytes)
Event: 211.254 Thread 0x000001715952a3c0 nmethod 7922% 0x00000171453d9890 code [0x00000171453d9a20, 0x00000171453daa58]
Event: 211.257 Thread 0x0000017159530370 7923       3       com.sun.prism.impl.BaseResourcePool$$Lambda$1102/0x0000000800fca218::test (5 bytes)
Event: 211.257 Thread 0x0000017159530370 nmethod 7923 0x000001713e85cb10 code [0x000001713e85cca0, 0x000001713e85cdf8]
Event: 211.257 Thread 0x0000017159530370 7924       3       com.sun.prism.impl.BaseResourcePool$$Lambda$1026/0x0000000800ec4068::test (5 bytes)
Event: 211.257 Thread 0x0000017159530370 nmethod 7924 0x000001713e85ce90 code [0x000001713e85d040, 0x000001713e85d398]
Event: 211.257 Thread 0x0000017159530370 7925       3       com.sun.prism.impl.BaseResourcePool$$Lambda$1031/0x0000000800ec4ae0::test (5 bytes)
Event: 211.257 Thread 0x0000017159530370 nmethod 7925 0x000001713e85d490 code [0x000001713e85d640, 0x000001713e85d898]
Event: 211.568 Thread 0x0000017159530370 7926       3       javafx.scene.layout.Region::snapSpaceY (17 bytes)
Event: 211.568 Thread 0x0000017159530370 nmethod 7926 0x000001713e85d990 code [0x000001713e85dbe0, 0x000001713e85e4f8]
Event: 211.568 Thread 0x0000017159530370 7927       3       java.io.WinNTFileSystem::normalize (224 bytes)
Event: 211.570 Thread 0x0000017159530370 nmethod 7927 0x000001713e85e810 code [0x000001713e85ebe0, 0x000001713e860738]

GC Heap History (20 events):
Event: 77.746 GC heap before
{Heap before GC invocations=28 (full 0):
 garbage-first heap   total 75776K, used 56853K [0x0000000702800000, 0x0000000800000000)
  region size 2048K, 10 young (20480K), 2 survivors (4096K)
 Metaspace       used 34465K, capacity 34890K, committed 34992K, reserved 1079296K
  class space    used 4436K, capacity 4589K, committed 4608K, reserved 1048576K
}
Event: 77.748 GC heap after
{Heap after GC invocations=29 (full 0):
 garbage-first heap   total 75776K, used 40997K [0x0000000702800000, 0x0000000800000000)
  region size 2048K, 1 young (2048K), 1 survivors (2048K)
 Metaspace       used 34465K, capacity 34890K, committed 34992K, reserved 1079296K
  class space    used 4436K, capacity 4589K, committed 4608K, reserved 1048576K
}
Event: 77.760 GC heap before
{Heap before GC invocations=29 (full 0):
 garbage-first heap   total 75776K, used 59429K [0x0000000702800000, 0x0000000800000000)
  region size 2048K, 10 young (20480K), 1 survivors (2048K)
 Metaspace       used 34469K, capacity 34890K, committed 34992K, reserved 1079296K
  class space    used 4436K, capacity 4589K, committed 4608K, reserved 1048576K
}
Event: 77.762 GC heap after
{Heap after GC invocations=30 (full 0):
 garbage-first heap   total 75776K, used 41544K [0x0000000702800000, 0x0000000800000000)
  region size 2048K, 1 young (2048K), 1 survivors (2048K)
 Metaspace       used 34469K, capacity 34890K, committed 34992K, reserved 1079296K
  class space    used 4436K, capacity 4589K, committed 4608K, reserved 1048576K
}
Event: 77.770 GC heap before
{Heap before GC invocations=30 (full 0):
 garbage-first heap   total 75776K, used 59976K [0x0000000702800000, 0x0000000800000000)
  region size 2048K, 10 young (20480K), 1 survivors (2048K)
 Metaspace       used 34472K, capacity 34890K, committed 34992K, reserved 1079296K
  class space    used 4436K, capacity 4589K, committed 4608K, reserved 1048576K
}
Event: 77.772 GC heap after
{Heap after GC invocations=31 (full 0):
 garbage-first heap   total 75776K, used 42113K [0x0000000702800000, 0x0000000800000000)
  region size 2048K, 1 young (2048K), 1 survivors (2048K)
 Metaspace       used 34472K, capacity 34890K, committed 34992K, reserved 1079296K
  class space    used 4436K, capacity 4589K, committed 4608K, reserved 1048576K
}
Event: 77.791 GC heap before
{Heap before GC invocations=31 (full 0):
 garbage-first heap   total 102400K, used 60545K [0x0000000702800000, 0x0000000800000000)
  region size 2048K, 10 young (20480K), 1 survivors (2048K)
 Metaspace       used 34474K, capacity 34884K, committed 34992K, reserved 1079296K
  class space    used 4436K, capacity 4588K, committed 4608K, reserved 1048576K
}
Event: 77.792 GC heap after
{Heap after GC invocations=32 (full 0):
 garbage-first heap   total 102400K, used 42345K [0x0000000702800000, 0x0000000800000000)
  region size 2048K, 1 young (2048K), 1 survivors (2048K)
 Metaspace       used 34474K, capacity 34884K, committed 34992K, reserved 1079296K
  class space    used 4436K, capacity 4588K, committed 4608K, reserved 1048576K
}
Event: 77.816 GC heap before
{Heap before GC invocations=33 (full 0):
 garbage-first heap   total 102400K, used 81257K [0x0000000702800000, 0x0000000800000000)
  region size 2048K, 20 young (40960K), 1 survivors (2048K)
 Metaspace       used 34497K, capacity 34884K, committed 34992K, reserved 1079296K
  class space    used 4436K, capacity 4588K, committed 4608K, reserved 1048576K
}
Event: 77.818 GC heap after
{Heap after GC invocations=34 (full 0):
 garbage-first heap   total 102400K, used 43007K [0x0000000702800000, 0x0000000800000000)
  region size 2048K, 2 young (4096K), 2 survivors (4096K)
 Metaspace       used 34497K, capacity 34884K, committed 34992K, reserved 1079296K
  class space    used 4436K, capacity 4588K, committed 4608K, reserved 1048576K
}
Event: 77.838 GC heap before
{Heap before GC invocations=34 (full 0):
 garbage-first heap   total 102400K, used 81919K [0x0000000702800000, 0x0000000800000000)
  region size 2048K, 21 young (43008K), 2 survivors (4096K)
 Metaspace       used 34516K, capacity 34884K, committed 34992K, reserved 1079296K
  class space    used 4436K, capacity 4588K, committed 4608K, reserved 1048576K
}
Event: 77.840 GC heap after
{Heap after GC invocations=35 (full 0):
 garbage-first heap   total 102400K, used 43455K [0x0000000702800000, 0x0000000800000000)
  region size 2048K, 2 young (4096K), 2 survivors (4096K)
 Metaspace       used 34516K, capacity 34884K, committed 34992K, reserved 1079296K
  class space    used 4436K, capacity 4588K, committed 4608K, reserved 1048576K
}
Event: 77.862 GC heap before
{Heap before GC invocations=35 (full 0):
 garbage-first heap   total 102400K, used 82367K [0x0000000702800000, 0x0000000800000000)
  region size 2048K, 21 young (43008K), 2 survivors (4096K)
 Metaspace       used 34518K, capacity 34884K, committed 34992K, reserved 1079296K
  class space    used 4436K, capacity 4588K, committed 4608K, reserved 1048576K
}
Event: 77.863 GC heap after
{Heap after GC invocations=36 (full 0):
 garbage-first heap   total 102400K, used 43721K [0x0000000702800000, 0x0000000800000000)
  region size 2048K, 2 young (4096K), 2 survivors (4096K)
 Metaspace       used 34518K, capacity 34884K, committed 34992K, reserved 1079296K
  class space    used 4436K, capacity 4588K, committed 4608K, reserved 1048576K
}
Event: 78.430 GC heap before
{Heap before GC invocations=36 (full 0):
 garbage-first heap   total 102400K, used 84681K [0x0000000702800000, 0x0000000800000000)
  region size 2048K, 22 young (45056K), 2 survivors (4096K)
 Metaspace       used 34606K, capacity 35012K, committed 35248K, reserved 1079296K
  class space    used 4436K, capacity 4588K, committed 4608K, reserved 1048576K
}
Event: 78.432 GC heap after
{Heap after GC invocations=37 (full 0):
 garbage-first heap   total 102400K, used 44406K [0x0000000702800000, 0x0000000800000000)
  region size 2048K, 2 young (4096K), 2 survivors (4096K)
 Metaspace       used 34606K, capacity 35012K, committed 35248K, reserved 1079296K
  class space    used 4436K, capacity 4588K, committed 4608K, reserved 1048576K
}
Event: 100.210 GC heap before
{Heap before GC invocations=37 (full 0):
 garbage-first heap   total 102400K, used 83318K [0x0000000702800000, 0x0000000800000000)
  region size 2048K, 22 young (45056K), 2 survivors (4096K)
 Metaspace       used 34743K, capacity 35144K, committed 35248K, reserved 1079296K
  class space    used 4436K, capacity 4588K, committed 4608K, reserved 1048576K
}
Event: 100.212 GC heap after
{Heap after GC invocations=38 (full 0):
 garbage-first heap   total 102400K, used 51061K [0x0000000702800000, 0x0000000800000000)
  region size 2048K, 3 young (6144K), 3 survivors (6144K)
 Metaspace       used 34743K, capacity 35144K, committed 35248K, reserved 1079296K
  class space    used 4436K, capacity 4588K, committed 4608K, reserved 1048576K
}
Event: 154.023 GC heap before
{Heap before GC invocations=38 (full 0):
 garbage-first heap   total 102400K, used 77685K [0x0000000702800000, 0x0000000800000000)
  region size 2048K, 16 young (32768K), 3 survivors (6144K)
 Metaspace       used 34755K, capacity 35144K, committed 35248K, reserved 1079296K
  class space    used 4436K, capacity 4588K, committed 4608K, reserved 1048576K
}
Event: 154.025 GC heap after
{Heap after GC invocations=39 (full 0):
 garbage-first heap   total 102400K, used 49522K [0x0000000702800000, 0x0000000800000000)
  region size 2048K, 1 young (2048K), 1 survivors (2048K)
 Metaspace       used 34755K, capacity 35144K, committed 35248K, reserved 1079296K
  class space    used 4436K, capacity 4588K, committed 4608K, reserved 1048576K
}

Deoptimization events (20 events):
Event: 211.253 Thread 0x000001715a83a2f0 DEOPT PACKING pc=0x000001713e85bfe5 sp=0x0000003292efd210
Event: 211.253 Thread 0x000001715a83a2f0 DEOPT UNPACKING pc=0x000001713d4be23f sp=0x0000003292efc6b8 mode 0
Event: 211.253 Thread 0x000001715a83a2f0 DEOPT PACKING pc=0x000001713e85bfe5 sp=0x0000003292efd210
Event: 211.253 Thread 0x000001715a83a2f0 DEOPT UNPACKING pc=0x000001713d4be23f sp=0x0000003292efc6b8 mode 0
Event: 211.253 Thread 0x000001715a83a2f0 DEOPT PACKING pc=0x000001713e85bfe5 sp=0x0000003292efd210
Event: 211.253 Thread 0x000001715a83a2f0 DEOPT UNPACKING pc=0x000001713d4be23f sp=0x0000003292efc6b8 mode 0
Event: 211.254 Thread 0x000001715a83a2f0 DEOPT PACKING pc=0x000001713e85bfe5 sp=0x0000003292efd210
Event: 211.254 Thread 0x000001715a83a2f0 DEOPT UNPACKING pc=0x000001713d4be23f sp=0x0000003292efc6b8 mode 0
Event: 211.254 Thread 0x000001715a83a2f0 DEOPT PACKING pc=0x000001713e85bfe5 sp=0x0000003292efd210
Event: 211.254 Thread 0x000001715a83a2f0 DEOPT UNPACKING pc=0x000001713d4be23f sp=0x0000003292efc6b8 mode 0
Event: 211.254 Thread 0x000001715a83a2f0 DEOPT PACKING pc=0x000001713e85bfe5 sp=0x0000003292efd210
Event: 211.254 Thread 0x000001715a83a2f0 DEOPT UNPACKING pc=0x000001713d4be23f sp=0x0000003292efc6b8 mode 0
Event: 211.254 Thread 0x000001715a83a2f0 DEOPT PACKING pc=0x000001713e85bfe5 sp=0x0000003292efd210
Event: 211.254 Thread 0x000001715a83a2f0 DEOPT UNPACKING pc=0x000001713d4be23f sp=0x0000003292efc6b8 mode 0
Event: 211.254 Thread 0x000001715a83a2f0 DEOPT PACKING pc=0x000001713e85bfe5 sp=0x0000003292efd210
Event: 211.254 Thread 0x000001715a83a2f0 DEOPT UNPACKING pc=0x000001713d4be23f sp=0x0000003292efc6b8 mode 0
Event: 211.254 Thread 0x000001715a83a2f0 DEOPT PACKING pc=0x000001713e85bfe5 sp=0x0000003292efd210
Event: 211.254 Thread 0x000001715a83a2f0 DEOPT UNPACKING pc=0x000001713d4be23f sp=0x0000003292efc6b8 mode 0
Event: 211.254 Thread 0x000001715a83a2f0 DEOPT PACKING pc=0x000001713e85bfe5 sp=0x0000003292efd210
Event: 211.254 Thread 0x000001715a83a2f0 DEOPT UNPACKING pc=0x000001713d4be23f sp=0x0000003292efc6b8 mode 0

Classes unloaded (4 events):
Event: 74.821 Thread 0x0000017158cfc050 Unloading class 0x0000000800fbf040 'jdk/internal/reflect/GeneratedConstructorAccessor15'
Event: 74.821 Thread 0x0000017158cfc050 Unloading class 0x0000000800fbfc40 'jdk/internal/reflect/GeneratedConstructorAccessor13'
Event: 74.821 Thread 0x0000017158cfc050 Unloading class 0x0000000800fbf840 'jdk/internal/reflect/GeneratedConstructorAccessor14'
Event: 77.784 Thread 0x0000017158cfc050 Unloading class 0x0000000800fbdc40 'jdk/internal/reflect/GeneratedConstructorAccessor22'

Classes redefined (0 events):
No events

Internal exceptions (20 events):
Event: 4.599 Thread 0x000001715a83a2f0 Exception <a 'java/lang/NoSuchMethodError'{0x0000000704e886c0}: 'java.lang.Object java.lang.invoke.DirectMethodHandle$Holder.newInvokeSpecial(java.lang.Object, java.lang.Object, int, int, int, int, int, java.lang.Object)'> (0x0000000704e886c0) 
thrown [./open/src/hotspot/share/interpreter/linkResolver.cpp, line 782]
Event: 4.600 Thread 0x000001715a83a2f0 Exception <a 'java/lang/NoSuchMethodError'{0x0000000704e9cb18}: 'java.lang.Object java.lang.invoke.DirectMethodHandle$Holder.newInvokeSpecial(java.lang.Object, java.lang.Object, java.lang.Object, int, int, int, int, int)'> (0x0000000704e9cb18) 
thrown [./open/src/hotspot/share/interpreter/linkResolver.cpp, line 782]
Event: 4.601 Thread 0x000001715a83a2f0 Exception <a 'java/lang/NoSuchMethodError'{0x0000000704ea4678}: 'java.lang.Object java.lang.invoke.Invokers$Holder.linkToTargetMethod(java.lang.Object, java.lang.Object, int, int, int, int, int, java.lang.Object)'> (0x0000000704ea4678) 
thrown [./open/src/hotspot/share/interpreter/linkResolver.cpp, line 782]
Event: 4.751 Thread 0x000001715a83a2f0 Exception <a 'java/lang/NoSuchMethodError'{0x0000000704eb13e0}: 'void java.lang.invoke.DirectMethodHandle$Holder.invokeStatic(java.lang.Object, long)'> (0x0000000704eb13e0) 
thrown [./open/src/hotspot/share/interpreter/linkResolver.cpp, line 782]
Event: 4.752 Thread 0x000001715a83a2f0 Exception <a 'java/lang/NoSuchMethodError'{0x0000000704eb6cc0}: 'java.lang.Object java.lang.invoke.DirectMethodHandle$Holder.newInvokeSpecial(java.lang.Object, long)'> (0x0000000704eb6cc0) 
thrown [./open/src/hotspot/share/interpreter/linkResolver.cpp, line 782]
Event: 4.753 Thread 0x000001715a83a2f0 Exception <a 'java/lang/NoSuchMethodError'{0x0000000704ebe1c0}: 'java.lang.Object java.lang.invoke.DirectMethodHandle$Holder.invokeStatic(java.lang.Object, java.lang.Object, long, java.lang.Object)'> (0x0000000704ebe1c0) 
thrown [./open/src/hotspot/share/interpreter/linkResolver.cpp, line 782]
Event: 4.753 Thread 0x000001715a83a2f0 Exception <a 'java/lang/NoSuchMethodError'{0x0000000704ec2108}: 'java.lang.Object java.lang.invoke.DirectMethodHandle$Holder.invokeStaticInit(java.lang.Object, java.lang.Object, long, java.lang.Object)'> (0x0000000704ec2108) 
thrown [./open/src/hotspot/share/interpreter/linkResolver.cpp, line 782]
Event: 8.523 Thread 0x000001715a83a2f0 Implicit null exception at 0x00000171450eea8c to 0x00000171450ef3d8
Event: 10.634 Thread 0x000001715a83a2f0 Exception <a 'java/lang/NoSuchMethodError'{0x0000000704857500}: 'java.lang.Object java.lang.invoke.DirectMethodHandle$Holder.newInvokeSpecial(java.lang.Object, java.lang.Object, java.lang.Object, int, java.lang.Object, java.lang.Object, java.lang.Object, int)'> (0x0000000704857500) 
thrown [./open/src/hotspot/share/interpreter/linkResolver.cpp, line 782]
Event: 22.324 Thread 0x000001715b120710 Exception <a 'sun/nio/fs/WindowsException'{0x0000000710ac8818}> (0x0000000710ac8818) 
thrown [./open/src/hotspot/share/prims/jni.cpp, line 578]
Event: 22.331 Thread 0x000001715b120710 Exception <a 'java/lang/NoSuchMethodError'{0x0000000710aee540}: 'int java.lang.invoke.DirectMethodHandle$Holder.invokeStaticInit(java.lang.Object, java.lang.Object, java.lang.Object, java.lang.Object)'> (0x0000000710aee540) 
thrown [./open/src/hotspot/share/interpreter/linkResolver.cpp, line 782]
Event: 22.332 Thread 0x000001715b120710 Exception <a 'java/lang/NoSuchMethodError'{0x0000000710af83d0}: 'java.lang.Object java.lang.invoke.DirectMethodHandle$Holder.invokeInterface(java.lang.Object, java.lang.Object)'> (0x0000000710af83d0) 
thrown [./open/src/hotspot/share/interpreter/linkResolver.cpp, line 782]
Event: 22.332 Thread 0x000001715b120710 Exception <a 'java/lang/IncompatibleClassChangeError'{0x0000000710afbdc8}: Found class java.lang.Object, but interface was expected> (0x0000000710afbdc8) 
thrown [./open/src/hotspot/share/interpreter/linkResolver.cpp, line 848]
Event: 25.029 Thread 0x000001715b120710 Exception <a 'java/lang/NoSuchMethodError'{0x0000000705e622e0}: 'java.lang.Object java.lang.invoke.DirectMethodHandle$Holder.newInvokeSpecial(java.lang.Object, java.lang.Object, java.lang.Object, int, int, java.lang.Object)'> (0x0000000705e622e0) 
thrown [./open/src/hotspot/share/interpreter/linkResolver.cpp, line 782]
Event: 25.456 Thread 0x000001715b11e560 Exception <a 'java/lang/NoSuchMethodError'{0x0000000705f07070}: 'java.lang.Object java.lang.invoke.DirectMethodHandle$Holder.newInvokeSpecial(java.lang.Object, java.lang.Object, java.lang.Object, int, java.lang.Object)'> (0x0000000705f07070) 
thrown [./open/src/hotspot/share/interpreter/linkResolver.cpp, line 782]
Event: 48.442 Thread 0x0000017159696a00 Implicit null exception at 0x0000017144fb80d4 to 0x0000017144fb90ff
Event: 48.442 Thread 0x0000017159696a00 Implicit null exception at 0x0000017144fb80d4 to 0x0000017144fb90ff
Event: 48.442 Thread 0x0000017159696a00 Implicit null exception at 0x0000017144fb80d4 to 0x0000017144fb90ff
Event: 48.442 Thread 0x0000017159696a00 Implicit null exception at 0x0000017144fb80d4 to 0x0000017144fb90ff
Event: 208.281 Thread 0x000001715a83a2f0 Exception <a 'java/lang/NoSuchMethodError'{0x0000000707b2d3a8}: 'java.lang.Object java.lang.invoke.DirectMethodHandle$Holder.newInvokeSpecial(java.lang.Object, java.lang.Object, java.lang.Object, double, double, double, double, int, int, int, int, int, int, int, int, int)'> (0x0000000707b2d3a8) 
thrown [./open/src/hotspot/share/interpreter/linkResolver.cpp, line 782]

Events (20 events):
Event: 193.607 Thread 0x000001715ae5c4d0 Thread exited: 0x000001715ae5c4d0
Event: 193.607 Thread 0x00000171609fad50 Thread exited: 0x00000171609fad50
Event: 193.608 Thread 0x0000017159844170 Thread exited: 0x0000017159844170
Event: 193.608 Thread 0x0000017159843ca0 Thread exited: 0x0000017159843ca0
Event: 193.608 Thread 0x0000017159697870 Thread exited: 0x0000017159697870
Event: 193.608 Thread 0x00000171598489a0 Thread exited: 0x00000171598489a0
Event: 193.608 Thread 0x000001715ae5ce70 Thread exited: 0x000001715ae5ce70
Event: 193.608 Thread 0x0000017159848e70 Thread exited: 0x0000017159848e70
Event: 193.608 Thread 0x000001715ae5e1b0 Thread exited: 0x000001715ae5e1b0
Event: 193.608 Thread 0x0000017159696060 Thread exited: 0x0000017159696060
Event: 193.608 Thread 0x0000017159849810 Thread exited: 0x0000017159849810
Event: 193.608 Thread 0x000001716066c160 Thread exited: 0x000001716066c160
Event: 193.608 Thread 0x00000171609f9a10 Thread exited: 0x00000171609f9a10
Event: 201.531 Thread 0x000001715ae5dce0 Thread exited: 0x000001715ae5dce0
Event: 208.079 Executing VM operation: HandshakeAllThreads
Event: 208.079 Executing VM operation: HandshakeAllThreads done
Event: 208.284 Loaded shared library D:\ShiZu_Code\Java\javafx-sdk-15.0.1\bin\javafx_iio.dll
Event: 209.079 Executing VM operation: HandshakeAllThreads
Event: 209.079 Executing VM operation: HandshakeAllThreads done
Event: 209.590 Loaded shared library C:\Program Files\Java\jdk-15.0.2\bin\java.dll


Dynamic libraries:
0x00007ff63e040000 - 0x00007ff63e04f000 	C:\Program Files\Java\jdk-15.0.2\bin\java.exe
0x00007ffa896f0000 - 0x00007ffa898e5000 	C:\Windows\SYSTEM32\ntdll.dll
0x00007ffa893a0000 - 0x00007ffa8945d000 	C:\Windows\System32\KERNEL32.DLL
0x00007ffa87370000 - 0x00007ffa87638000 	C:\Windows\System32\KERNELBASE.dll
0x00007ffa87070000 - 0x00007ffa87170000 	C:\Windows\System32\ucrtbase.dll
0x00007ffa11300000 - 0x00007ffa11318000 	C:\Program Files\Java\jdk-15.0.2\bin\jli.dll
0x00007ffa111b0000 - 0x00007ffa111c9000 	C:\Program Files\Java\jdk-15.0.2\bin\VCRUNTIME140.dll
0x00007ffa88550000 - 0x00007ffa885fc000 	C:\Windows\System32\ADVAPI32.dll
0x00007ffa87e40000 - 0x00007ffa87ede000 	C:\Windows\System32\msvcrt.dll
0x00007ffa87750000 - 0x00007ffa877eb000 	C:\Windows\System32\sechost.dll
0x00007ffa88410000 - 0x00007ffa8853b000 	C:\Windows\System32\RPCRT4.dll
0x00007ffa89510000 - 0x00007ffa896b0000 	C:\Windows\System32\USER32.dll
0x00007ffa87040000 - 0x00007ffa87062000 	C:\Windows\System32\win32u.dll
0x00007ffa72030000 - 0x00007ffa722ca000 	C:\Windows\WinSxS\amd64_microsoft.windows.common-controls_6595b64144ccf1df_6.0.19041.844_none_ca00b6081b84eb1d\COMCTL32.dll
0x00007ffa883e0000 - 0x00007ffa8840a000 	C:\Windows\System32\GDI32.dll
0x00007ffa87640000 - 0x00007ffa8774b000 	C:\Windows\System32\gdi32full.dll
0x00007ffa87220000 - 0x00007ffa872bd000 	C:\Windows\System32\msvcp_win.dll
0x00007ffa849c0000 - 0x00007ffa849ca000 	C:\Windows\SYSTEM32\VERSION.dll
0x00007ffa877f0000 - 0x00007ffa87820000 	C:\Windows\System32\IMM32.DLL
0x00007ffa3f8d0000 - 0x00007ffa3f8dc000 	C:\Program Files\Java\jdk-15.0.2\bin\vcruntime140_1.dll
0x00007ff9fefd0000 - 0x00007ff9ff061000 	C:\Program Files\Java\jdk-15.0.2\bin\msvcp140.dll
0x00007ff9fbd50000 - 0x00007ff9fc8ae000 	C:\Program Files\Java\jdk-15.0.2\bin\server\jvm.dll
0x00007ffa88220000 - 0x00007ffa88228000 	C:\Windows\System32\PSAPI.DLL
0x00007ffa76350000 - 0x00007ffa76377000 	C:\Windows\SYSTEM32\WINMM.dll
0x00007ffa53e20000 - 0x00007ffa53e29000 	C:\Windows\SYSTEM32\WSOCK32.dll
0x00007ffa88230000 - 0x00007ffa8829b000 	C:\Windows\System32\WS2_32.dll
0x00007ffa856c0000 - 0x00007ffa856d2000 	C:\Windows\SYSTEM32\kernel.appcore.dll
0x00007ffa13170000 - 0x00007ffa1317a000 	C:\Program Files\Java\jdk-15.0.2\bin\jimage.dll
0x00007ffa6a350000 - 0x00007ffa6a534000 	C:\Windows\SYSTEM32\DBGHELP.DLL
0x00007ffa69d70000 - 0x00007ffa69d9c000 	C:\Windows\SYSTEM32\dbgcore.DLL
0x00007ffa87170000 - 0x00007ffa871f0000 	C:\Windows\System32\bcryptPrimitives.dll
0x00007ffa11180000 - 0x00007ffa111a5000 	C:\Program Files\Java\jdk-15.0.2\bin\java.dll
0x00007ffa88c50000 - 0x00007ffa89392000 	C:\Windows\System32\SHELL32.dll
0x00007ffa84f10000 - 0x00007ffa856a1000 	C:\Windows\SYSTEM32\windows.storage.dll
0x00007ffa88710000 - 0x00007ffa88a65000 	C:\Windows\System32\combase.dll
0x00007ffa867d0000 - 0x00007ffa867fc000 	C:\Windows\SYSTEM32\Wldp.dll
0x00007ffa89460000 - 0x00007ffa8950e000 	C:\Windows\System32\SHCORE.dll
0x00007ffa88600000 - 0x00007ffa88655000 	C:\Windows\System32\shlwapi.dll
0x00007ffa86d70000 - 0x00007ffa86d8f000 	C:\Windows\SYSTEM32\profapi.dll
0x00007ff9fba80000 - 0x00007ff9fba99000 	C:\Program Files\Java\jdk-15.0.2\bin\net.dll
0x00007ffa7d7a0000 - 0x00007ffa7d8ab000 	C:\Windows\SYSTEM32\WINHTTP.dll
0x00007ffa865b0000 - 0x00007ffa8661a000 	C:\Windows\system32\mswsock.dll
0x00007ff9fba60000 - 0x00007ff9fba72000 	C:\Program Files\Java\jdk-15.0.2\bin\nio.dll
0x00007ff9fba40000 - 0x00007ff9fba58000 	C:\Program Files\Java\jdk-15.0.2\bin\zip.dll
0x00000171331d0000 - 0x00000171331d3000 	D:\ShiZu_Code\Java\javafx-sdk-15.0.1\bin\api-ms-win-core-console-l1-1-0.dll
0x00000171331e0000 - 0x00000171331e3000 	D:\ShiZu_Code\Java\javafx-sdk-15.0.1\bin\api-ms-win-core-console-l1-2-0.dll
0x00000171351d0000 - 0x00000171351d3000 	D:\ShiZu_Code\Java\javafx-sdk-15.0.1\bin\api-ms-win-core-datetime-l1-1-0.dll
0x00000171351e0000 - 0x00000171351e3000 	D:\ShiZu_Code\Java\javafx-sdk-15.0.1\bin\api-ms-win-core-debug-l1-1-0.dll
0x00000171351f0000 - 0x00000171351f3000 	D:\ShiZu_Code\Java\javafx-sdk-15.0.1\bin\api-ms-win-core-errorhandling-l1-1-0.dll
0x0000017135200000 - 0x0000017135204000 	D:\ShiZu_Code\Java\javafx-sdk-15.0.1\bin\api-ms-win-core-file-l1-1-0.dll
0x000001715b1d0000 - 0x000001715b1d3000 	D:\ShiZu_Code\Java\javafx-sdk-15.0.1\bin\api-ms-win-core-file-l1-2-0.dll
0x000001715b1e0000 - 0x000001715b1e3000 	D:\ShiZu_Code\Java\javafx-sdk-15.0.1\bin\api-ms-win-core-file-l2-1-0.dll
0x000001715b1f0000 - 0x000001715b1f3000 	D:\ShiZu_Code\Java\javafx-sdk-15.0.1\bin\api-ms-win-core-handle-l1-1-0.dll
0x000001715b200000 - 0x000001715b203000 	D:\ShiZu_Code\Java\javafx-sdk-15.0.1\bin\api-ms-win-core-heap-l1-1-0.dll
0x000001715b210000 - 0x000001715b213000 	D:\ShiZu_Code\Java\javafx-sdk-15.0.1\bin\api-ms-win-core-interlocked-l1-1-0.dll
0x000001715b220000 - 0x000001715b223000 	D:\ShiZu_Code\Java\javafx-sdk-15.0.1\bin\api-ms-win-core-libraryloader-l1-1-0.dll
0x000001715b230000 - 0x000001715b233000 	D:\ShiZu_Code\Java\javafx-sdk-15.0.1\bin\api-ms-win-core-localization-l1-2-0.dll
0x000001715b240000 - 0x000001715b243000 	D:\ShiZu_Code\Java\javafx-sdk-15.0.1\bin\api-ms-win-core-memory-l1-1-0.dll
0x000001715b250000 - 0x000001715b253000 	D:\ShiZu_Code\Java\javafx-sdk-15.0.1\bin\api-ms-win-core-namedpipe-l1-1-0.dll
0x000001715b260000 - 0x000001715b263000 	D:\ShiZu_Code\Java\javafx-sdk-15.0.1\bin\api-ms-win-core-processenvironment-l1-1-0.dll
0x000001715b270000 - 0x000001715b273000 	D:\ShiZu_Code\Java\javafx-sdk-15.0.1\bin\api-ms-win-core-processthreads-l1-1-0.dll
0x000001715b280000 - 0x000001715b283000 	D:\ShiZu_Code\Java\javafx-sdk-15.0.1\bin\api-ms-win-core-processthreads-l1-1-1.dll
0x000001715b290000 - 0x000001715b293000 	D:\ShiZu_Code\Java\javafx-sdk-15.0.1\bin\api-ms-win-core-profile-l1-1-0.dll
0x000001715b3b0000 - 0x000001715b3b3000 	D:\ShiZu_Code\Java\javafx-sdk-15.0.1\bin\api-ms-win-core-rtlsupport-l1-1-0.dll
0x000001715b3c0000 - 0x000001715b3c3000 	D:\ShiZu_Code\Java\javafx-sdk-15.0.1\bin\api-ms-win-core-string-l1-1-0.dll
0x000001715b2a0000 - 0x000001715b2a3000 	D:\ShiZu_Code\Java\javafx-sdk-15.0.1\bin\api-ms-win-core-synch-l1-1-0.dll
0x000001715b2b0000 - 0x000001715b2b3000 	D:\ShiZu_Code\Java\javafx-sdk-15.0.1\bin\api-ms-win-core-synch-l1-2-0.dll
0x000001715b2c0000 - 0x000001715b2c3000 	D:\ShiZu_Code\Java\javafx-sdk-15.0.1\bin\api-ms-win-core-sysinfo-l1-1-0.dll
0x000001715b2d0000 - 0x000001715b2d3000 	D:\ShiZu_Code\Java\javafx-sdk-15.0.1\bin\api-ms-win-core-timezone-l1-1-0.dll
0x000001715b2e0000 - 0x000001715b2e3000 	D:\ShiZu_Code\Java\javafx-sdk-15.0.1\bin\api-ms-win-core-util-l1-1-0.dll
0x000001715b2f0000 - 0x000001715b2f3000 	D:\ShiZu_Code\Java\javafx-sdk-15.0.1\bin\api-ms-win-crt-conio-l1-1-0.dll
0x000001715b300000 - 0x000001715b304000 	D:\ShiZu_Code\Java\javafx-sdk-15.0.1\bin\api-ms-win-crt-convert-l1-1-0.dll
0x000001715b310000 - 0x000001715b313000 	D:\ShiZu_Code\Java\javafx-sdk-15.0.1\bin\api-ms-win-crt-environment-l1-1-0.dll
0x000001715b320000 - 0x000001715b323000 	D:\ShiZu_Code\Java\javafx-sdk-15.0.1\bin\api-ms-win-crt-filesystem-l1-1-0.dll
0x000001715b330000 - 0x000001715b333000 	D:\ShiZu_Code\Java\javafx-sdk-15.0.1\bin\api-ms-win-crt-heap-l1-1-0.dll
0x000001715b340000 - 0x000001715b343000 	D:\ShiZu_Code\Java\javafx-sdk-15.0.1\bin\api-ms-win-crt-locale-l1-1-0.dll
0x000001715b350000 - 0x000001715b355000 	D:\ShiZu_Code\Java\javafx-sdk-15.0.1\bin\api-ms-win-crt-math-l1-1-0.dll
0x000001715b360000 - 0x000001715b365000 	D:\ShiZu_Code\Java\javafx-sdk-15.0.1\bin\api-ms-win-crt-multibyte-l1-1-0.dll
0x000001715b370000 - 0x000001715b380000 	D:\ShiZu_Code\Java\javafx-sdk-15.0.1\bin\api-ms-win-crt-private-l1-1-0.dll
0x000001715b380000 - 0x000001715b383000 	D:\ShiZu_Code\Java\javafx-sdk-15.0.1\bin\api-ms-win-crt-process-l1-1-0.dll
0x000001715b390000 - 0x000001715b394000 	D:\ShiZu_Code\Java\javafx-sdk-15.0.1\bin\api-ms-win-crt-runtime-l1-1-0.dll
0x000001715b3a0000 - 0x000001715b3a4000 	D:\ShiZu_Code\Java\javafx-sdk-15.0.1\bin\api-ms-win-crt-stdio-l1-1-0.dll
0x000001715b3d0000 - 0x000001715b3d4000 	D:\ShiZu_Code\Java\javafx-sdk-15.0.1\bin\api-ms-win-crt-string-l1-1-0.dll
0x000001715b3e0000 - 0x000001715b3e3000 	D:\ShiZu_Code\Java\javafx-sdk-15.0.1\bin\api-ms-win-crt-time-l1-1-0.dll
0x000001715b3f0000 - 0x000001715b3f3000 	D:\ShiZu_Code\Java\javafx-sdk-15.0.1\bin\api-ms-win-crt-utility-l1-1-0.dll
0x00007ffa57e00000 - 0x00007ffa57efc000 	D:\ShiZu_Code\Java\javafx-sdk-15.0.1\bin\ucrtbase.dll
0x00007ffa829d0000 - 0x00007ffa829e5000 	D:\ShiZu_Code\Java\javafx-sdk-15.0.1\bin\vcruntime140.dll
0x00007ffa57d60000 - 0x00007ffa57dfb000 	D:\ShiZu_Code\Java\javafx-sdk-15.0.1\bin\msvcp140.dll
0x00007ffa829a0000 - 0x00007ffa829c3000 	D:\ShiZu_Code\Java\javafx-sdk-15.0.1\bin\prism_d3d.dll
0x00007ffa781a0000 - 0x00007ffa7836e000 	C:\Windows\system32\d3d9.dll
0x00007ffa84880000 - 0x00007ffa848af000 	C:\Windows\SYSTEM32\dwmapi.dll
0x00007ffa84420000 - 0x00007ffa844be000 	C:\Windows\system32\uxtheme.dll
0x00007ffa54f80000 - 0x00007ffa550e5000 	C:\Windows\System32\DriverStore\FileRepository\iigd_dch.inf_amd64_ee3c4a51f0270f1f\igdumdim64.dll
0x00007ffa88060000 - 0x00007ffa8818a000 	C:\Windows\System32\ole32.dll
0x00007ffa22320000 - 0x00007ffa26b1d000 	C:\Windows\System32\DriverStore\FileRepository\iigd_dch.inf_amd64_ee3c4a51f0270f1f\igd9dxva64.dll
0x00007ffa882a0000 - 0x00007ffa8836d000 	C:\Windows\System32\OLEAUT32.dll
0x00007ffa87820000 - 0x00007ffa87c89000 	C:\Windows\System32\SETUPAPI.dll
0x00007ffa86f90000 - 0x00007ffa86fde000 	C:\Windows\System32\cfgmgr32.dll
0x00007ffa871f0000 - 0x00007ffa87217000 	C:\Windows\System32\bcrypt.dll
0x00007ffa7c840000 - 0x00007ffa7ca97000 	C:\Windows\System32\DriverStore\FileRepository\iigd_dch.inf_amd64_ee3c4a51f0270f1f\igdgmm64.dll
0x00007ffa786b0000 - 0x00007ffa787b5000 	C:\Windows\System32\DriverStore\FileRepository\nvmiui.inf_amd64_8492cdf87d4452cf\nvldumdx.dll
0x00007ffa86a20000 - 0x00007ffa86a32000 	C:\Windows\SYSTEM32\msasn1.dll
0x00007ffa801a0000 - 0x00007ffa801d1000 	C:\Windows\SYSTEM32\cryptnet.dll
0x00007ffa86e30000 - 0x00007ffa86f8f000 	C:\Windows\System32\CRYPT32.dll
0x00007ffa86730000 - 0x00007ffa8673c000 	C:\Windows\SYSTEM32\cryptbase.dll
0x00007ffa86fe0000 - 0x00007ffa87040000 	C:\Windows\System32\WINTRUST.DLL
0x00007ffa88b50000 - 0x00007ffa88b6d000 	C:\Windows\System32\imagehlp.dll
0x00007ffa86810000 - 0x00007ffa86828000 	C:\Windows\SYSTEM32\CRYPTSP.dll
0x00007ffa85f00000 - 0x00007ffa85f34000 	C:\Windows\system32\rsaenh.dll
0x00007ffa179a0000 - 0x00007ffa195e7000 	C:\Windows\System32\DriverStore\FileRepository\nvmiui.inf_amd64_8492cdf87d4452cf\nvd3dumx.dll
0x00007ffa79740000 - 0x00007ffa79785000 	D:\ShiZu_Code\Java\javafx-sdk-15.0.1\bin\glass.dll
0x00007ffa88b70000 - 0x00007ffa88c4a000 	C:\Windows\System32\COMDLG32.dll
0x00007ffa87f40000 - 0x00007ffa88055000 	C:\Windows\System32\MSCTF.dll
0x00007ffa196e0000 - 0x00007ffa197dc000 	C:\ProgramData\A-Volute\A-Volute.Nahimic\Modules\Scheduled\x64\A-Volute.NahimicDevProps2.dll
0x00007ffa3d970000 - 0x00007ffa3d997000 	C:\Windows\System32\DriverStore\FileRepository\iigd_dch.inf_amd64_ee3c4a51f0270f1f\igdinfo64.dll
0x00007ffa613f0000 - 0x00007ffa64009000 	C:\Windows\System32\DriverStore\FileRepository\iigd_dch.inf_amd64_ee3c4a51f0270f1f\igc64.dll
0x00007ffa7eba0000 - 0x00007ffa7ebdb000 	C:\Windows\SYSTEM32\dxcore.dll
0x00007ffa82980000 - 0x00007ffa82994000 	D:\ShiZu_Code\Java\javafx-sdk-15.0.1\bin\javafx_font.dll
0x00007ffa56290000 - 0x00007ffa5650f000 	C:\Windows\SYSTEM32\dwrite.dll
0x00007ffa57be0000 - 0x00007ffa57d60000 	C:\Program Files\Java\jdk-15.0.2\bin\awt.dll
0x00007ffa842f0000 - 0x00007ffa84380000 	C:\Windows\SYSTEM32\apphelp.dll
0x00007ffa86cf0000 - 0x00007ffa86d1e000 	C:\Windows\SYSTEM32\USERENV.dll
0x00007ffa86270000 - 0x00007ffa862ab000 	C:\Windows\SYSTEM32\IPHLPAPI.DLL
0x00007ffa88540000 - 0x00007ffa88548000 	C:\Windows\System32\NSI.dll
0x00007ffa80350000 - 0x00007ffa80367000 	C:\Windows\SYSTEM32\dhcpcsvc6.DLL
0x00007ffa802a0000 - 0x00007ffa802bd000 	C:\Windows\SYSTEM32\dhcpcsvc.DLL
0x00007ffa862b0000 - 0x00007ffa8637c000 	C:\Windows\SYSTEM32\DNSAPI.dll
0x0000017163640000 - 0x00000171636e9000 	C:\Windows\System32\clbcatq.dll

dbghelp: loaded successfully - version: 4.0.5 - missing functions: none
symbol engine: initialized successfully - sym options: 0x614 - pdb path: .;C:\Program Files\Java\jdk-15.0.2\bin;C:\Windows\SYSTEM32;C:\Windows\WinSxS\amd64_microsoft.windows.common-controls_6595b64144ccf1df_6.0.19041.844_none_ca00b6081b84eb1d;C:\Program Files\Java\jdk-15.0.2\bin\server;D:\ShiZu_Code\Java\javafx-sdk-15.0.1\bin;C:\Windows\System32\DriverStore\FileRepository\iigd_dch.inf_amd64_ee3c4a51f0270f1f;C:\Windows\System32\DriverStore\FileRepository\nvmiui.inf_amd64_8492cdf87d4452cf;C:\ProgramData\A-Volute\A-Volute.Nahimic\Modules\Scheduled\x64;C:\Program Files\Common Files\Microsoft Shared\Ink

VM Arguments:
jvm_args: --module-path=D:/ShiZu_Code/Java/javafx-sdk-15.0.1/lib --add-modules=javafx.controls,javafx.fxml,javafx.media -XX:+ShowCodeDetailsInExceptionMessages -Dfile.encoding=UTF-8 
java_command: eroiko.ani.MainApp
java_class_path (initial): D:\ShiZu_Code\Java\wallpaper_master\target\classes;D:\ShiZu_Code\Java\FXTrayIcon-3.0.0\FXTrayIcon-3.0.0.jar;C:\Users\Eroiko_Edu\.m2\repository\org\openjfx\javafx-controls\15.0.1\javafx-controls-15.0.1.jar;C:\Users\Eroiko_Edu\.m2\repository\org\openjfx\javafx-controls\15.0.1\javafx-controls-15.0.1-win.jar;C:\Users\Eroiko_Edu\.m2\repository\org\openjfx\javafx-graphics\15.0.1\javafx-graphics-15.0.1.jar;C:\Users\Eroiko_Edu\.m2\repository\org\openjfx\javafx-graphics\15.0.1\javafx-graphics-15.0.1-win.jar;C:\Users\Eroiko_Edu\.m2\repository\org\openjfx\javafx-base\15.0.1\javafx-base-15.0.1.jar;C:\Users\Eroiko_Edu\.m2\repository\org\openjfx\javafx-base\15.0.1\javafx-base-15.0.1-win.jar;C:\Users\Eroiko_Edu\.m2\repository\org\openjfx\javafx-fxml\15.0.1\javafx-fxml-15.0.1.jar;C:\Users\Eroiko_Edu\.m2\repository\org\openjfx\javafx-fxml\15.0.1\javafx-fxml-15.0.1-win.jar;C:\Users\Eroiko_Edu\.m2\repository\org\apache\httpcomponents\httpclient\4.5.13\httpclient-4.5.13.jar;C:\Users\Eroiko_Edu\.m2\repository\org\apache\httpcomponents\httpcore\4.4.13\httpcore-4.4.13.jar;C:\Users\Eroiko_Edu\.m2\repository\commons-logging\commons-logging\1.2\commons-logging-1.2.jar;C:\Users\Eroiko_Edu\.m2\repository\commons-codec\commons-codec\1.11\commons-codec-1.11.jar;C:\Users\Eroiko_Edu\.m2\repository\org\slf4j\slf4j-log4j12\1.7.25\slf4j-log4j12-1.7.25.jar;C:\Users\Eroiko_Edu\.m2\repository\org\slf4j\slf4j-api\1.7.25\slf4j-api-1.7.25.jar;C:\Users\Eroiko_Edu\.m2\repository\log4j\log4j\1.2.17\log4j-1.2.17.jar;C:\Users\Eroiko_Edu\.m2\repository\javax\validation\validation-api\2.0.0.Final\validation-api-2.0.0.Final.jar;C:\Users\Eroiko_Edu\.m2\repository\org\jsoup\jsoup\1.13.1\jsoup-1.13.1.jar;C:\Users\Eroiko_Edu\.m2\repository\junit\junit\4.13.2\junit-4.13.2.jar;C:\Users\Eroiko_Edu\.m2\repository\org\hamcrest\hamcrest-core\1.3\hamcrest-core-1.3.jar;C:\Users\Eroiko_Edu\.m2\repository\commons-io\commons-io\2.8.0\commons-io-2.8.0.jar;C:\Users\Eroiko_Edu\.m2\repository\org\apache\
Launcher Type: SUN_STANDARD

[Global flags]
     intx CICompilerCount                          = 4                                         {product} {ergonomic}
     uint ConcGCThreads                            = 3                                         {product} {ergonomic}
     uint G1ConcRefinementThreads                  = 10                                        {product} {ergonomic}
   size_t G1HeapRegionSize                         = 2097152                                   {product} {ergonomic}
    uintx GCDrainStackTargetSize                   = 64                                        {product} {ergonomic}
   size_t InitialHeapSize                          = 266338304                                 {product} {ergonomic}
   size_t MarkStackSize                            = 4194304                                   {product} {ergonomic}
   size_t MaxHeapSize                              = 4253024256                                {product} {ergonomic}
   size_t MaxNewSize                               = 2550136832                                {product} {ergonomic}
   size_t MinHeapDeltaBytes                        = 2097152                                   {product} {ergonomic}
   size_t MinHeapSize                              = 8388608                                   {product} {ergonomic}
    uintx NonNMethodCodeHeapSize                   = 5839372                                {pd product} {ergonomic}
    uintx NonProfiledCodeHeapSize                  = 122909434                              {pd product} {ergonomic}
    uintx ProfiledCodeHeapSize                     = 122909434                              {pd product} {ergonomic}
    uintx ReservedCodeCacheSize                    = 251658240                              {pd product} {ergonomic}
     bool SegmentedCodeCache                       = true                                      {product} {ergonomic}
     bool ShowCodeDetailsInExceptionMessages       = true                                   {manageable} {command line}
   size_t SoftMaxHeapSize                          = 4253024256                             {manageable} {ergonomic}
     bool UseCompressedClassPointers               = true                                 {lp64_product} {ergonomic}
     bool UseCompressedOops                        = true                                 {lp64_product} {ergonomic}
     bool UseG1GC                                  = true                                      {product} {ergonomic}
     bool UseLargePagesIndividualAllocation        = false                                  {pd product} {ergonomic}

Logging:
Log output configuration:
 #0: stdout all=warning uptime,level,tags
 #1: stderr all=off uptime,level,tags

Environment Variables:
JAVA_HOME=C:\Program Files\Java\jdk-15.0.2\
PATH=C:\Program Files\Mozilla Firefox;F:\vscode-portable;C:\Program Files\Java\jdk-15.0.2\\bin;C:\Program Files\Common Files\Oracle\Java\javapath;C:\Program Files (x86)\Common Files\Oracle\Java\javapath;C:\ProgramData\Oracle\Java\javapath;C:\Program Files\AdoptOpenJDK\jdk-15.0.1.9-hotspot\bin;C:\Program Files\AdoptOpenJDK\jdk-11.0.9.101-hotspot\bin;C:\Windows\system32;C:\Windows;C:\Windows\System32\Wbem;C:\Program Files\mingw-w64\x86_64-8.1.0-posix-seh-rt_v6-rev0\mingw64\bin;C:\Program Files\NVIDIA GPU Computing Toolkit\CUDA\v11.2\bin;C:\Program Files\NVIDIA GPU Computing Toolkit\CUDA\v11.2\libnvvp;C:\Windows\System32\WindowsPowerShell\v1.0\;C:\Windows\System32\OpenSSH\;C:\Program Files (x86)\NVIDIA Corporation\PhysX\Common;D:\ShiZu_Code\Java\apache-maven-3.8.1\bin\;C:\Program Files\swipl\bin;C:\Program Files (x86)\Vim\vim82\;C:\Program Files\dotnet\;C:\Program Files\PuTTY\;C:\Program Files\nodejs\;C:\ProgramData\chocolatey\bin;C:\Users\Eroiko_Edu\anaconda3\Library\bin;C:\Users\Eroiko_Edu\anaconda3\Scripts;F:\Program Files\Windows 10 Education\Anaconda3;C:\Program Files\NVIDIA Corporation\Nsight Compute 2020.3.1\;C:\Program Files\NVIDIA Corporation\NVIDIA NvDLISR;F:\Program Files\Windows 10 Education\Matlab\bin;F:\Program Files\Windows 10 Education\Windows Terminal\Scoop\shims;C:\Users\Eroiko_Edu\AppData\Local\Microsoft\WindowsApps;F:\Program Files\Windows 10 Education\MinGW;C:\Users\Eroiko_Edu\AppData\Local\GitHubDesktop\bin;C:\Users\Eroiko_Edu\AppData\Roaming\npm;F:\BigGuy\intelFPGA_lite\18.1\modelsim_ase\win32aloem
USERNAME=Eroiko_Edu
LANG=zh_TW.UTF-8
OS=Windows_NT
PROCESSOR_IDENTIFIER=Intel64 Family 6 Model 158 Stepping 10, GenuineIntel



---------------  S Y S T E M  ---------------

OS:
 Windows 10 , 64 bit Build 19041 (10.0.19041.928)
OS uptime: 0 days 2:43 hours
HyperV virtualization detected

CPU: total 12 (initial active 12) (6 cores per cpu, 2 threads per core) family 6 model 158 stepping 10 microcode 0xb4, cmov, cx8, fxsr, mmx, sse, sse2, sse3, ssse3, sse4.1, sse4.2, popcnt, vzeroupper, avx, avx2, aes, clmul, erms, 3dnowpref, lzcnt, ht, tsc, tscinvbit, bmi1, bmi2, adx, fma, clflush, clflushopt

Memory: 4k page, system-wide physical 16223M (6250M free)
TotalPageFile size 17247M (AvailPageFile size 38M)
current process WorkingSet (physical memory assigned to process): 1185M, peak: 1186M
current process commit charge ("private bytes"): 1274M, peak: 1275M

vm_info: Java HotSpot(TM) 64-Bit Server VM (15.0.2+7-27) for windows-amd64 JRE (15.0.2+7-27), built on Dec  7 2020 20:07:01 by "mach5one" with unknown MS VC++:1925

END.
