#
# There is insufficient memory for the Java Runtime Environment to continue.
# Native memory allocation (mmap) failed to map 266338304 bytes for G1 virtual space
# Possible reasons:
#   The system is out of physical RAM or swap space
#   The process is running with CompressedOops enabled, and the Java Heap may be blocking the growth of the native heap
# Possible solutions:
#   Reduce memory load on the system
#   Increase physical memory or swap space
#   Check if swap backing store is full
#   Decrease Java heap size (-Xmx/-Xms)
#   Decrease number of Java threads
#   Decrease Java thread stack sizes (-Xss)
#   Set larger code cache with -XX:ReservedCodeCacheSize=
#   JVM is running with Zero Based Compressed Oops mode in which the Java heap is
#     placed in the first 32GB address space. The Java Heap base address is the
#     maximum limit for the native heap growth. Please use -XX:HeapBaseMinAddress
#     to set the Java Heap base and to place the Java Heap above 32GB virtual address.
# This output file may be truncated or incomplete.
#
#  Out of Memory Error (./open/src/hotspot/os/windows/os_windows.cpp:3321), pid=3912, tid=18832
#
# JRE version:  (15.0.2+7) (build )
# Java VM: Java HotSpot(TM) 64-Bit Server VM (15.0.2+7-27, mixed mode, sharing, tiered, compressed oops, g1 gc, windows-amd64)
# No core dump will be written. Minidumps are not enabled by default on client versions of Windows
#

---------------  S U M M A R Y ------------

Command Line: -XX:+ShowCodeDetailsInExceptionMessages -Dfile.encoding=UTF-8 eroiko.ani.model.NewCrawler.testNewCrawler

Host: Intel(R) Core(TM) i7-8750H CPU @ 2.20GHz, 12 cores, 15G,  Windows 10 , 64 bit Build 19041 (10.0.19041.928)
Time: Wed May  5 22:53:22 2021 Taipei Standard Time elapsed time: 0.011635 seconds (0d 0h 0m 0s)

---------------  T H R E A D  ---------------

Current thread (0x000002b3eca09fa0):  JavaThread "Unknown thread" [_thread_in_vm, id=18832, stack(0x000000fb83300000,0x000000fb83400000)]

Stack: [0x000000fb83300000,0x000000fb83400000]
Native frames: (J=compiled Java code, j=interpreted, Vv=VM code, C=native code)
V  [jvm.dll+0x62ae9a]
V  [jvm.dll+0x7817a9]
V  [jvm.dll+0x782f03]
V  [jvm.dll+0x783563]
V  [jvm.dll+0x216325]
V  [jvm.dll+0x6281d9]
V  [jvm.dll+0x61cf55]
V  [jvm.dll+0x2cffdd]
V  [jvm.dll+0x2cfe42]
V  [jvm.dll+0x2d5e1c]
V  [jvm.dll+0x32590a]
V  [jvm.dll+0x324fd4]
V  [jvm.dll+0x2a6f5a]
V  [jvm.dll+0x2a80f8]
V  [jvm.dll+0x75e241]
V  [jvm.dll+0x3341c4]
V  [jvm.dll+0x73e926]
V  [jvm.dll+0x3b7557]
V  [jvm.dll+0x3b8fe1]
C  [jli.dll+0x52fb]
C  [ucrtbase.dll+0x21bb2]
C  [KERNEL32.DLL+0x17034]
C  [ntdll.dll+0x52651]


---------------  P R O C E S S  ---------------

Threads class SMR info:
_java_thread_list=0x00007ffee0e34ff0, length=0, elements={
}

Java Threads: ( => current thread )

Other Threads:
  0x000002b3eca5ee30 GCTaskThread "GC Thread#0" [stack: 0x000000fb83400000,0x000000fb83500000] [id=20324]
  0x000002b3eca6fd00 ConcurrentGCThread "G1 Main Marker" [stack: 0x000000fb83500000,0x000000fb83600000] [id=12260]
  0x000002b3eca708f0 ConcurrentGCThread "G1 Conc#0" [stack: 0x000000fb83600000,0x000000fb83700000] [id=8508]

[error occurred during error reporting (printing all threads), id 0xc0000005, EXCEPTION_ACCESS_VIOLATION (0xc0000005) at pc=0x00007ffee0627e27]

VM state: not at safepoint (not fully initialized)

VM Mutex/Monitor currently owned by a thread:  ([mutex/lock_event])
[0x000002b3eca05710] Heap_lock - owner thread: 0x000002b3eca09fa0

Heap address: 0x0000000702800000, size: 4056 MB, Compressed Oops mode: Zero based, Oop shift amount: 3
CDS archive(s) mapped at: [0x0000000000000000-0x0000000000000000-0x0000000000000000), size 0, SharedBaseAddress: 0x0000000800000000, ArchiveRelocationMode: 0.
Narrow klass base: 0x0000000000000000, Narrow klass shift: 0, Narrow klass range: 0x0

Heap:
 garbage-first heap   total 260096K, used 0K [0x0000000702800000, 0x0000000800000000)
  region size 2048K, 0 young (0K), 0 survivors (0K)
 Metaspace       used 0K, capacity 0K, committed 0K, reserved 0K
  class space    used 0K, capacity 0K, committed 0K, reserved 0K

Heap Regions: E=young(eden), S=young(survivor), O=old, HS=humongous(starts), HC=humongous(continues), CS=collection set, F=free, OA=open archive, CA=closed archive, TAMS=top-at-mark-start (previous, next)

Card table byte_map: [0x000002b3f5980000,0x000002b3f6170000] _byte_map_base: 0x000002b3f216c000

Marking Bits (Prev, Next): (CMBitMap*) 0x000002b3eca5f620, (CMBitMap*) 0x000002b3eca5f660
 Prev Bits: [0x000002b3f6960000, 0x000002b3fa8c0000)
 Next Bits: [0x000002b3fa8c0000, 0x000002b3fe820000)

GC Heap History (0 events):
No events

Deoptimization events (0 events):
No events

Classes unloaded (0 events):
No events

Classes redefined (0 events):
No events

Internal exceptions (0 events):
No events

Events (1 events):
Event: 0.005 Loaded shared library C:\Program Files\Java\jdk-15.0.2\bin\java.dll


Dynamic libraries:
0x00007ff770270000 - 0x00007ff77027f000 	C:\Program Files\Java\jdk-15.0.2\bin\java.exe
0x00007fff70930000 - 0x00007fff70b25000 	C:\Windows\SYSTEM32\ntdll.dll
0x00007fff6fe30000 - 0x00007fff6feed000 	C:\Windows\System32\KERNEL32.DLL
0x00007fff6e5f0000 - 0x00007fff6e8b8000 	C:\Windows\System32\KERNELBASE.dll
0x00007fff6e4f0000 - 0x00007fff6e5f0000 	C:\Windows\System32\ucrtbase.dll
0x00007fff56aa0000 - 0x00007fff56ab8000 	C:\Program Files\Java\jdk-15.0.2\bin\jli.dll
0x00007fff55e00000 - 0x00007fff55e19000 	C:\Program Files\Java\jdk-15.0.2\bin\VCRUNTIME140.dll
0x00007fff6fba0000 - 0x00007fff6fc4c000 	C:\Windows\System32\ADVAPI32.dll
0x00007fff6f000000 - 0x00007fff6f09e000 	C:\Windows\System32\msvcrt.dll
0x00007fff6ee70000 - 0x00007fff6ef0b000 	C:\Windows\System32\sechost.dll
0x00007fff6fcd0000 - 0x00007fff6fdfb000 	C:\Windows\System32\RPCRT4.dll
0x00007fff706d0000 - 0x00007fff70870000 	C:\Windows\System32\USER32.dll
0x00007fff553b0000 - 0x00007fff5564a000 	C:\Windows\WinSxS\amd64_microsoft.windows.common-controls_6595b64144ccf1df_6.0.19041.844_none_ca00b6081b84eb1d\COMCTL32.dll
0x00007fff6e1d0000 - 0x00007fff6e1f2000 	C:\Windows\System32\win32u.dll
0x00007fff706a0000 - 0x00007fff706ca000 	C:\Windows\System32\GDI32.dll
0x00007fff6e2d0000 - 0x00007fff6e3db000 	C:\Windows\System32\gdi32full.dll
0x00007fff6e8f0000 - 0x00007fff6e98d000 	C:\Windows\System32\msvcp_win.dll
0x00007fff68170000 - 0x00007fff6817a000 	C:\Windows\SYSTEM32\VERSION.dll
0x00007fff6fe00000 - 0x00007fff6fe30000 	C:\Windows\System32\IMM32.DLL
0x00007fff5bee0000 - 0x00007fff5beec000 	C:\Program Files\Java\jdk-15.0.2\bin\vcruntime140_1.dll
0x00007fff2a7f0000 - 0x00007fff2a881000 	C:\Program Files\Java\jdk-15.0.2\bin\msvcp140.dll
0x00007ffee0370000 - 0x00007ffee0ece000 	C:\Program Files\Java\jdk-15.0.2\bin\server\jvm.dll
0x00007fff6fc50000 - 0x00007fff6fc58000 	C:\Windows\System32\PSAPI.DLL
0x00007fff38240000 - 0x00007fff38249000 	C:\Windows\SYSTEM32\WSOCK32.dll
0x00007fff5e350000 - 0x00007fff5e377000 	C:\Windows\SYSTEM32\WINMM.dll
0x00007fff6fc60000 - 0x00007fff6fccb000 	C:\Windows\System32\WS2_32.dll
0x00007fff6c900000 - 0x00007fff6c912000 	C:\Windows\SYSTEM32\kernel.appcore.dll
0x00007fff5bcd0000 - 0x00007fff5bcda000 	C:\Program Files\Java\jdk-15.0.2\bin\jimage.dll
0x00007fff55960000 - 0x00007fff55b44000 	C:\Windows\SYSTEM32\DBGHELP.DLL
0x00007fff551d0000 - 0x00007fff551fc000 	C:\Windows\SYSTEM32\dbgcore.DLL
0x00007fff6e200000 - 0x00007fff6e280000 	C:\Windows\System32\bcryptPrimitives.dll
0x00007fff3d5f0000 - 0x00007fff3d615000 	C:\Program Files\Java\jdk-15.0.2\bin\java.dll

dbghelp: loaded successfully - version: 4.0.5 - missing functions: none
symbol engine: initialized successfully - sym options: 0x614 - pdb path: .;C:\Program Files\Java\jdk-15.0.2\bin;C:\Windows\SYSTEM32;C:\Windows\WinSxS\amd64_microsoft.windows.common-controls_6595b64144ccf1df_6.0.19041.844_none_ca00b6081b84eb1d;C:\Program Files\Java\jdk-15.0.2\bin\server

VM Arguments:
jvm_args: -XX:+ShowCodeDetailsInExceptionMessages -Dfile.encoding=UTF-8 
java_command: eroiko.ani.model.NewCrawler.testNewCrawler
java_class_path (initial): D:\ShiZu_Code\Java\wallpaper_master\target\classes;D:\ShiZu_Code\Java\FXTrayIcon-3.0.0\FXTrayIcon-3.0.0.jar;C:\Users\Eroiko_Edu\.m2\repository\org\openjfx\javafx-controls\15.0.1\javafx-controls-15.0.1.jar;C:\Users\Eroiko_Edu\.m2\repository\org\openjfx\javafx-controls\15.0.1\javafx-controls-15.0.1-win.jar;C:\Users\Eroiko_Edu\.m2\repository\org\openjfx\javafx-graphics\15.0.1\javafx-graphics-15.0.1.jar;C:\Users\Eroiko_Edu\.m2\repository\org\openjfx\javafx-graphics\15.0.1\javafx-graphics-15.0.1-win.jar;C:\Users\Eroiko_Edu\.m2\repository\org\openjfx\javafx-base\15.0.1\javafx-base-15.0.1.jar;C:\Users\Eroiko_Edu\.m2\repository\org\openjfx\javafx-base\15.0.1\javafx-base-15.0.1-win.jar;C:\Users\Eroiko_Edu\.m2\repository\org\openjfx\javafx-fxml\15.0.1\javafx-fxml-15.0.1.jar;C:\Users\Eroiko_Edu\.m2\repository\org\openjfx\javafx-fxml\15.0.1\javafx-fxml-15.0.1-win.jar;C:\Users\Eroiko_Edu\.m2\repository\org\apache\httpcomponents\httpclient\4.5.13\httpclient-4.5.13.jar;C:\Users\Eroiko_Edu\.m2\repository\org\apache\httpcomponents\httpcore\4.4.13\httpcore-4.4.13.jar;C:\Users\Eroiko_Edu\.m2\repository\commons-logging\commons-logging\1.2\commons-logging-1.2.jar;C:\Users\Eroiko_Edu\.m2\repository\commons-codec\commons-codec\1.11\commons-codec-1.11.jar;C:\Users\Eroiko_Edu\.m2\repository\org\slf4j\slf4j-log4j12\1.7.25\slf4j-log4j12-1.7.25.jar;C:\Users\Eroiko_Edu\.m2\repository\org\slf4j\slf4j-api\1.7.25\slf4j-api-1.7.25.jar;C:\Users\Eroiko_Edu\.m2\repository\log4j\log4j\1.2.17\log4j-1.2.17.jar;C:\Users\Eroiko_Edu\.m2\repository\javax\validation\validation-api\2.0.0.Final\validation-api-2.0.0.Final.jar;C:\Users\Eroiko_Edu\.m2\repository\org\jsoup\jsoup\1.13.1\jsoup-1.13.1.jar;C:\Users\Eroiko_Edu\.m2\repository\junit\junit\4.13.2\junit-4.13.2.jar;C:\Users\Eroiko_Edu\.m2\repository\org\hamcrest\hamcrest-core\1.3\hamcrest-core-1.3.jar;C:\Users\Eroiko_Edu\.m2\repository\commons-io\commons-io\2.8.0\commons-io-2.8.0.jar;C:\Users\Eroiko_Edu\.m2\repository\org\apache\
Launcher Type: SUN_STANDARD

[Global flags]
     intx CICompilerCount                          = 4                                         {product} {ergonomic}
     uint ConcGCThreads                            = 3                                         {product} {ergonomic}
     uint G1ConcRefinementThreads                  = 10                                        {product} {ergonomic}
   size_t G1HeapRegionSize                         = 2097152                                   {product} {ergonomic}
    uintx GCDrainStackTargetSize                   = 64                                        {product} {ergonomic}
   size_t InitialHeapSize                          = 266338304                                 {product} {ergonomic}
   size_t MarkStackSize                            = 4194304                                   {product} {ergonomic}
   size_t MaxHeapSize                              = 4253024256                                {product} {ergonomic}
   size_t MinHeapDeltaBytes                        = 2097152                                   {product} {ergonomic}
   size_t MinHeapSize                              = 8388608                                   {product} {ergonomic}
    uintx NonNMethodCodeHeapSize                   = 5839372                                {pd product} {ergonomic}
    uintx NonProfiledCodeHeapSize                  = 122909434                              {pd product} {ergonomic}
    uintx ProfiledCodeHeapSize                     = 122909434                              {pd product} {ergonomic}
    uintx ReservedCodeCacheSize                    = 251658240                              {pd product} {ergonomic}
     bool SegmentedCodeCache                       = true                                      {product} {ergonomic}
     bool ShowCodeDetailsInExceptionMessages       = true                                   {manageable} {command line}
   size_t SoftMaxHeapSize                          = 4253024256                             {manageable} {ergonomic}
     bool UseCompressedClassPointers               = true                                 {lp64_product} {ergonomic}
     bool UseCompressedOops                        = true                                 {lp64_product} {ergonomic}
     bool UseG1GC                                  = true                                      {product} {ergonomic}
     bool UseLargePagesIndividualAllocation        = false                                  {pd product} {ergonomic}

Logging:
Log output configuration:
 #0: stdout all=warning uptime,level,tags
 #1: stderr all=off uptime,level,tags

Environment Variables:
JAVA_HOME=C:\Program Files\Java\jdk-15.0.2\
PATH=C:\Program Files\Mozilla Firefox;F:\vscode-portable;C:\Program Files\Java\jdk-15.0.2\\bin;C:\Program Files\Common Files\Oracle\Java\javapath;C:\Program Files (x86)\Common Files\Oracle\Java\javapath;C:\ProgramData\Oracle\Java\javapath;C:\Program Files\AdoptOpenJDK\jdk-15.0.1.9-hotspot\bin;C:\Program Files\AdoptOpenJDK\jdk-11.0.9.101-hotspot\bin;C:\Windows\system32;C:\Windows;C:\Windows\System32\Wbem;C:\Program Files\mingw-w64\x86_64-8.1.0-posix-seh-rt_v6-rev0\mingw64\bin;C:\Program Files\NVIDIA GPU Computing Toolkit\CUDA\v11.2\bin;C:\Program Files\NVIDIA GPU Computing Toolkit\CUDA\v11.2\libnvvp;C:\Windows\System32\WindowsPowerShell\v1.0\;C:\Windows\System32\OpenSSH\;C:\Program Files (x86)\NVIDIA Corporation\PhysX\Common;D:\ShiZu_Code\Java\apache-maven-3.8.1\bin\;C:\Program Files\swipl\bin;C:\Program Files (x86)\Vim\vim82\;C:\Program Files\dotnet\;C:\Program Files\PuTTY\;C:\Program Files\nodejs\;C:\ProgramData\chocolatey\bin;C:\Users\Eroiko_Edu\anaconda3\Library\bin;C:\Users\Eroiko_Edu\anaconda3\Scripts;F:\Program Files\Windows 10 Education\Anaconda3;C:\Program Files\NVIDIA Corporation\Nsight Compute 2020.3.1\;C:\Program Files\NVIDIA Corporation\NVIDIA NvDLISR;F:\Program Files\Windows 10 Education\Matlab\bin;F:\Program Files\Windows 10 Education\Windows Terminal\Scoop\shims;C:\Users\Eroiko_Edu\AppData\Local\Microsoft\WindowsApps;F:\Program Files\Windows 10 Education\MinGW;C:\Users\Eroiko_Edu\AppData\Local\GitHubDesktop\bin;C:\Users\Eroiko_Edu\AppData\Roaming\npm;F:\BigGuy\intelFPGA_lite\18.1\modelsim_ase\win32aloem
USERNAME=Eroiko_Edu
LANG=zh_TW.UTF-8
OS=Windows_NT
PROCESSOR_IDENTIFIER=Intel64 Family 6 Model 158 Stepping 10, GenuineIntel



---------------  S Y S T E M  ---------------

OS:
 Windows 10 , 64 bit Build 19041 (10.0.19041.928)
OS uptime: 0 days 4:37 hours
HyperV virtualization detected

CPU: total 12 (initial active 12) (6 cores per cpu, 2 threads per core) family 6 model 158 stepping 10 microcode 0xb4, cmov, cx8, fxsr, mmx, sse, sse2, sse3, ssse3, sse4.1, sse4.2, popcnt, vzeroupper, avx, avx2, aes, clmul, erms, 3dnowpref, lzcnt, ht, tsc, tscinvbit, bmi1, bmi2, adx, fma, clflush, clflushopt

Memory: 4k page, system-wide physical 16223M (5315M free)
TotalPageFile size 17247M (AvailPageFile size 248M)
current process WorkingSet (physical memory assigned to process): 10M, peak: 10M
current process commit charge ("private bytes"): 64M, peak: 318M

vm_info: Java HotSpot(TM) 64-Bit Server VM (15.0.2+7-27) for windows-amd64 JRE (15.0.2+7-27), built on Dec  7 2020 20:07:01 by "mach5one" with unknown MS VC++:1925

END.
