#
# There is insufficient memory for the Java Runtime Environment to continue.
# Native memory allocation (malloc) failed to allocate 65552 bytes for Chunk::new
# Possible reasons:
#   The system is out of physical RAM or swap space
#   The process is running with CompressedOops enabled, and the Java Heap may be blocking the growth of the native heap
# Possible solutions:
#   Reduce memory load on the system
#   Increase physical memory or swap space
#   Check if swap backing store is full
#   Decrease Java heap size (-Xmx/-Xms)
#   Decrease number of Java threads
#   Decrease Java thread stack sizes (-Xss)
#   Set larger code cache with -XX:ReservedCodeCacheSize=
#   JVM is running with Zero Based Compressed Oops mode in which the Java heap is
#     placed in the first 32GB address space. The Java Heap base address is the
#     maximum limit for the native heap growth. Please use -XX:HeapBaseMinAddress
#     to set the Java Heap base and to place the Java Heap above 32GB virtual address.
# This output file may be truncated or incomplete.
#
#  Out of Memory Error (./open/src/hotspot/share/memory/arena.cpp:195), pid=9500, tid=8820
#
# JRE version: Java(TM) SE Runtime Environment (15.0.2+7) (build 15.0.2+7-27)
# Java VM: Java HotSpot(TM) 64-Bit Server VM (15.0.2+7-27, mixed mode, sharing, tiered, compressed oops, g1 gc, windows-amd64)
# No core dump will be written. Minidumps are not enabled by default on client versions of Windows
#

---------------  S U M M A R Y ------------

Command Line: --module-path=D:/ShiZu_Code/Java/javafx-sdk-15.0.1/lib --add-modules=javafx.controls,javafx.fxml,javafx.media -XX:+ShowCodeDetailsInExceptionMessages -Dfile.encoding=UTF-8 eroiko.ani.MainApp

Host: Intel(R) Core(TM) i7-8750H CPU @ 2.20GHz, 12 cores, 15G,  Windows 10 , 64 bit Build 19041 (10.0.19041.928)
Time: Mon May 10 03:36:07 2021 Taipei Standard Time elapsed time: 1.535055 seconds (0d 0h 0m 1s)

---------------  T H R E A D  ---------------

Current thread (0x000001ef8c82b8b0):  JavaThread "C2 CompilerThread0" daemon [_thread_in_native, id=8820, stack(0x0000001fe7c00000,0x0000001fe7d00000)]


Current CompileTask:
C2:   1535 2239   !   4       sun.awt.shell.Win32ShellFolder2::getIShellFolder (50 bytes)

Stack: [0x0000001fe7c00000,0x0000001fe7d00000]
Native frames: (J=compiled Java code, j=interpreted, Vv=VM code, C=native code)
V  [jvm.dll+0x62ae9a]
V  [jvm.dll+0x7817a9]
V  [jvm.dll+0x782f03]
V  [jvm.dll+0x783563]
V  [jvm.dll+0x216325]
V  [jvm.dll+0x97f3a]
V  [jvm.dll+0x980ad]
V  [jvm.dll+0x609d14]
V  [jvm.dll+0x1f45b6]
V  [jvm.dll+0x1ebccc]
V  [jvm.dll+0x1e9867]
V  [jvm.dll+0x178567]
V  [jvm.dll+0x1f9225]
V  [jvm.dll+0x1f72cc]
V  [jvm.dll+0x74495d]
V  [jvm.dll+0x73d75a]
V  [jvm.dll+0x629c56]
C  [ucrtbase.dll+0x21bb2]
C  [KERNEL32.DLL+0x17034]
C  [ntdll.dll+0x52651]


---------------  P R O C E S S  ---------------

Threads class SMR info:
_java_thread_list=0x000001ef9371d340, length=21, elements={
0x000001efe84c7b00, 0x000001ef8bffe8d0, 0x000001ef8c80c670, 0x000001ef8c825640,
0x000001ef8c828010, 0x000001ef8c82aad0, 0x000001ef8c82b8b0, 0x000001ef8c82cc60,
0x000001ef8c82f660, 0x000001ef8bfedb00, 0x000001ef8d3dbb00, 0x000001ef8d6deed0,
0x000001ef8df76fb0, 0x000001ef8df77480, 0x000001ef8e13b2f0, 0x000001ef8d657eb0,
0x000001ef8e426fe0, 0x000001ef8e493020, 0x000001ef936a61e0, 0x000001ef936a6ac0,
0x000001ef8d97de00
}

Java Threads: ( => current thread )
  0x000001efe84c7b00 JavaThread "main" [_thread_blocked, id=21784, stack(0x0000001fe7000000,0x0000001fe7100000)]
  0x000001ef8bffe8d0 JavaThread "Reference Handler" daemon [_thread_blocked, id=21840, stack(0x0000001fe7700000,0x0000001fe7800000)]
  0x000001ef8c80c670 JavaThread "Finalizer" daemon [_thread_blocked, id=21516, stack(0x0000001fe7800000,0x0000001fe7900000)]
  0x000001ef8c825640 JavaThread "Signal Dispatcher" daemon [_thread_blocked, id=3076, stack(0x0000001fe7900000,0x0000001fe7a00000)]
  0x000001ef8c828010 JavaThread "Attach Listener" daemon [_thread_blocked, id=16040, stack(0x0000001fe7a00000,0x0000001fe7b00000)]
  0x000001ef8c82aad0 JavaThread "Service Thread" daemon [_thread_blocked, id=19392, stack(0x0000001fe7b00000,0x0000001fe7c00000)]
=>0x000001ef8c82b8b0 JavaThread "C2 CompilerThread0" daemon [_thread_in_native, id=8820, stack(0x0000001fe7c00000,0x0000001fe7d00000)]
  0x000001ef8c82cc60 JavaThread "C1 CompilerThread0" daemon [_thread_blocked, id=20180, stack(0x0000001fe7d00000,0x0000001fe7e00000)]
  0x000001ef8c82f660 JavaThread "Sweeper thread" daemon [_thread_blocked, id=21252, stack(0x0000001fe7e00000,0x0000001fe7f00000)]
  0x000001ef8bfedb00 JavaThread "Common-Cleaner" daemon [_thread_blocked, id=12188, stack(0x0000001fe7f00000,0x0000001fe8000000)]
  0x000001ef8d3dbb00 JavaThread "Notification Thread" daemon [_thread_blocked, id=17632, stack(0x0000001fe8200000,0x0000001fe8300000)]
  0x000001ef8d6deed0 JavaThread "QuantumRenderer-0" daemon [_thread_blocked, id=22484, stack(0x0000001fe8400000,0x0000001fe8500000)]
  0x000001ef8df76fb0 JavaThread "InvokeLaterDispatcher" daemon [_thread_blocked, id=8124, stack(0x0000001fe8600000,0x0000001fe8700000)]
  0x000001ef8df77480 JavaThread "JavaFX Application Thread" [_thread_in_native, id=18180, stack(0x0000001fe8700000,0x0000001fe8800000)]
  0x000001ef8e13b2f0 JavaThread "JavaFX-Launcher" [_thread_blocked, id=11284, stack(0x0000001fe8c00000,0x0000001fe8d00000)]
  0x000001ef8d657eb0 JavaThread "Thread-2" daemon [_thread_in_native, id=16344, stack(0x0000001fe8b00000,0x0000001fe8c00000)]
  0x000001ef8e426fe0 JavaThread "Prism Font Disposer" daemon [_thread_blocked, id=2788, stack(0x0000001fe9200000,0x0000001fe9300000)]
  0x000001ef8e493020 JavaThread "Java2D Disposer" daemon [_thread_blocked, id=15600, stack(0x0000001fe9300000,0x0000001fe9400000)]
  0x000001ef936a61e0 JavaThread "AWT-Shutdown" [_thread_blocked, id=1964, stack(0x0000001fe9400000,0x0000001fe9500000)]
  0x000001ef936a6ac0 JavaThread "AWT-Windows" daemon [_thread_in_native, id=2640, stack(0x0000001fe9500000,0x0000001fe9600000)]
  0x000001ef8d97de00 JavaThread "Swing-Shell" daemon [_thread_in_native, id=15364, stack(0x0000001fe9600000,0x0000001fe9700000)]

Other Threads:
  0x000001ef8c808c30 VMThread "VM Thread" [stack: 0x0000001fe7600000,0x0000001fe7700000] [id=4460]
  0x000001efe84c9bd0 WatcherThread [stack: 0x0000001fe8300000,0x0000001fe8400000] [id=20176]
  0x000001efe8521430 GCTaskThread "GC Thread#0" [stack: 0x0000001fe7100000,0x0000001fe7200000] [id=20720]
  0x000001ef8cbe51a0 GCTaskThread "GC Thread#1" [stack: 0x0000001fe8d00000,0x0000001fe8e00000] [id=12768]
  0x000001ef8cbe7e40 GCTaskThread "GC Thread#2" [stack: 0x0000001fe8e00000,0x0000001fe8f00000] [id=6620]
  0x000001ef8cbe74b0 GCTaskThread "GC Thread#3" [stack: 0x0000001fe8f00000,0x0000001fe9000000] [id=16028]
  0x000001ef8cbe6b20 GCTaskThread "GC Thread#4" [stack: 0x0000001fe9000000,0x0000001fe9100000] [id=7172]
  0x000001ef8cbe64c0 GCTaskThread "GC Thread#5" [stack: 0x0000001fe9100000,0x0000001fe9200000] [id=8648]
  0x000001efe8532300 ConcurrentGCThread "G1 Main Marker" [stack: 0x0000001fe7200000,0x0000001fe7300000] [id=18472]
  0x000001efe8533690 ConcurrentGCThread "G1 Conc#0" [stack: 0x0000001fe7300000,0x0000001fe7400000] [id=18120]
  0x000001ef8be824d0 ConcurrentGCThread "G1 Refine#0" [stack: 0x0000001fe7400000,0x0000001fe7500000] [id=7712]
  0x000001ef8be82ee0 ConcurrentGCThread "G1 Young RemSet Sampling" [stack: 0x0000001fe7500000,0x0000001fe7600000] [id=18868]

Threads with active compile tasks:
C2 CompilerThread0     1568 2239   !   4       sun.awt.shell.Win32ShellFolder2::getIShellFolder (50 bytes)

VM state: not at safepoint (normal execution)

VM Mutex/Monitor currently owned by a thread: None

Heap address: 0x0000000702800000, size: 4056 MB, Compressed Oops mode: Zero based, Oop shift amount: 3
CDS archive(s) mapped at: [0x0000000800000000-0x0000000800b50000-0x0000000800b50000), size 11862016, SharedBaseAddress: 0x0000000800000000, ArchiveRelocationMode: 0.
Compressed class space mapped at: 0x0000000800b50000-0x0000000840b50000, size: 1073741824
Narrow klass base: 0x0000000800000000, Narrow klass shift: 3, Narrow klass range: 0x100000000

GC Precious Log:
 CPUs: 12 total, 12 available
 Memory: 16223M
 Large Page Support: Disabled
 NUMA Support: Disabled
 Compressed Oops: Enabled (Zero based)
 Heap Region Size: 2M
 Heap Min Capacity: 8M
 Heap Initial Capacity: 254M
 Heap Max Capacity: 4056M
 Pre-touch: Disabled
 Parallel Workers: 10
 Concurrent Workers: 3
 Concurrent Refinement Workers: 10
 Periodic GC: Disabled

Heap:
 garbage-first heap   total 260096K, used 13940K [0x0000000702800000, 0x0000000800000000)
  region size 2048K, 7 young (14336K), 2 survivors (4096K)
 Metaspace       used 15707K, capacity 16000K, committed 16000K, reserved 1062912K
  class space    used 2063K, capacity 2176K, committed 2176K, reserved 1048576K

Heap Regions: E=young(eden), S=young(survivor), O=old, HS=humongous(starts), HC=humongous(continues), CS=collection set, F=free, OA=open archive, CA=closed archive, TAMS=top-at-mark-start (previous, next)
|   0|0x0000000702800000, 0x0000000702a00000, 0x0000000702a00000|100%| O|  |TAMS 0x0000000702800000, 0x0000000702800000| Untracked 
|   1|0x0000000702a00000, 0x0000000702bb7200, 0x0000000702c00000| 85%| O|  |TAMS 0x0000000702a00000, 0x0000000702a00000| Untracked 
|   2|0x0000000702c00000, 0x0000000702c00000, 0x0000000702e00000|  0%| F|  |TAMS 0x0000000702c00000, 0x0000000702c00000| Untracked 
|   3|0x0000000702e00000, 0x0000000702e00000, 0x0000000703000000|  0%| F|  |TAMS 0x0000000702e00000, 0x0000000702e00000| Untracked 
|   4|0x0000000703000000, 0x0000000703000000, 0x0000000703200000|  0%| F|  |TAMS 0x0000000703000000, 0x0000000703000000| Untracked 
|   5|0x0000000703200000, 0x0000000703200000, 0x0000000703400000|  0%| F|  |TAMS 0x0000000703200000, 0x0000000703200000| Untracked 
|   6|0x0000000703400000, 0x0000000703400000, 0x0000000703600000|  0%| F|  |TAMS 0x0000000703400000, 0x0000000703400000| Untracked 
|   7|0x0000000703600000, 0x0000000703600000, 0x0000000703800000|  0%| F|  |TAMS 0x0000000703600000, 0x0000000703600000| Untracked 
|   8|0x0000000703800000, 0x0000000703800000, 0x0000000703a00000|  0%| F|  |TAMS 0x0000000703800000, 0x0000000703800000| Untracked 
|   9|0x0000000703a00000, 0x0000000703a00000, 0x0000000703c00000|  0%| F|  |TAMS 0x0000000703a00000, 0x0000000703a00000| Untracked 
|  10|0x0000000703c00000, 0x0000000703c00000, 0x0000000703e00000|  0%| F|  |TAMS 0x0000000703c00000, 0x0000000703c00000| Untracked 
|  11|0x0000000703e00000, 0x0000000703e00000, 0x0000000704000000|  0%| F|  |TAMS 0x0000000703e00000, 0x0000000703e00000| Untracked 
|  12|0x0000000704000000, 0x0000000704000000, 0x0000000704200000|  0%| F|  |TAMS 0x0000000704000000, 0x0000000704000000| Untracked 
|  13|0x0000000704200000, 0x0000000704200000, 0x0000000704400000|  0%| F|  |TAMS 0x0000000704200000, 0x0000000704200000| Untracked 
|  14|0x0000000704400000, 0x0000000704400000, 0x0000000704600000|  0%| F|  |TAMS 0x0000000704400000, 0x0000000704400000| Untracked 
|  15|0x0000000704600000, 0x0000000704600000, 0x0000000704800000|  0%| F|  |TAMS 0x0000000704600000, 0x0000000704600000| Untracked 
|  16|0x0000000704800000, 0x0000000704800000, 0x0000000704a00000|  0%| F|  |TAMS 0x0000000704800000, 0x0000000704800000| Untracked 
|  17|0x0000000704a00000, 0x0000000704a00000, 0x0000000704c00000|  0%| F|  |TAMS 0x0000000704a00000, 0x0000000704a00000| Untracked 
|  18|0x0000000704c00000, 0x0000000704c00000, 0x0000000704e00000|  0%| F|  |TAMS 0x0000000704c00000, 0x0000000704c00000| Untracked 
|  19|0x0000000704e00000, 0x0000000704e00000, 0x0000000705000000|  0%| F|  |TAMS 0x0000000704e00000, 0x0000000704e00000| Untracked 
|  20|0x0000000705000000, 0x0000000705000000, 0x0000000705200000|  0%| F|  |TAMS 0x0000000705000000, 0x0000000705000000| Untracked 
|  21|0x0000000705200000, 0x0000000705200000, 0x0000000705400000|  0%| F|  |TAMS 0x0000000705200000, 0x0000000705200000| Untracked 
|  22|0x0000000705400000, 0x0000000705400000, 0x0000000705600000|  0%| F|  |TAMS 0x0000000705400000, 0x0000000705400000| Untracked 
|  23|0x0000000705600000, 0x0000000705600000, 0x0000000705800000|  0%| F|  |TAMS 0x0000000705600000, 0x0000000705600000| Untracked 
|  24|0x0000000705800000, 0x0000000705800000, 0x0000000705a00000|  0%| F|  |TAMS 0x0000000705800000, 0x0000000705800000| Untracked 
|  25|0x0000000705a00000, 0x0000000705a00000, 0x0000000705c00000|  0%| F|  |TAMS 0x0000000705a00000, 0x0000000705a00000| Untracked 
|  26|0x0000000705c00000, 0x0000000705c00000, 0x0000000705e00000|  0%| F|  |TAMS 0x0000000705c00000, 0x0000000705c00000| Untracked 
|  27|0x0000000705e00000, 0x0000000705e00000, 0x0000000706000000|  0%| F|  |TAMS 0x0000000705e00000, 0x0000000705e00000| Untracked 
|  28|0x0000000706000000, 0x0000000706000000, 0x0000000706200000|  0%| F|  |TAMS 0x0000000706000000, 0x0000000706000000| Untracked 
|  29|0x0000000706200000, 0x0000000706200000, 0x0000000706400000|  0%| F|  |TAMS 0x0000000706200000, 0x0000000706200000| Untracked 
|  30|0x0000000706400000, 0x0000000706400000, 0x0000000706600000|  0%| F|  |TAMS 0x0000000706400000, 0x0000000706400000| Untracked 
|  31|0x0000000706600000, 0x0000000706600000, 0x0000000706800000|  0%| F|  |TAMS 0x0000000706600000, 0x0000000706600000| Untracked 
|  32|0x0000000706800000, 0x0000000706800000, 0x0000000706a00000|  0%| F|  |TAMS 0x0000000706800000, 0x0000000706800000| Untracked 
|  33|0x0000000706a00000, 0x0000000706a00000, 0x0000000706c00000|  0%| F|  |TAMS 0x0000000706a00000, 0x0000000706a00000| Untracked 
|  34|0x0000000706c00000, 0x0000000706c00000, 0x0000000706e00000|  0%| F|  |TAMS 0x0000000706c00000, 0x0000000706c00000| Untracked 
|  35|0x0000000706e00000, 0x0000000706e00000, 0x0000000707000000|  0%| F|  |TAMS 0x0000000706e00000, 0x0000000706e00000| Untracked 
|  36|0x0000000707000000, 0x0000000707000000, 0x0000000707200000|  0%| F|  |TAMS 0x0000000707000000, 0x0000000707000000| Untracked 
|  37|0x0000000707200000, 0x0000000707200000, 0x0000000707400000|  0%| F|  |TAMS 0x0000000707200000, 0x0000000707200000| Untracked 
|  38|0x0000000707400000, 0x0000000707400000, 0x0000000707600000|  0%| F|  |TAMS 0x0000000707400000, 0x0000000707400000| Untracked 
|  39|0x0000000707600000, 0x0000000707600000, 0x0000000707800000|  0%| F|  |TAMS 0x0000000707600000, 0x0000000707600000| Untracked 
|  40|0x0000000707800000, 0x0000000707800000, 0x0000000707a00000|  0%| F|  |TAMS 0x0000000707800000, 0x0000000707800000| Untracked 
|  41|0x0000000707a00000, 0x0000000707a00000, 0x0000000707c00000|  0%| F|  |TAMS 0x0000000707a00000, 0x0000000707a00000| Untracked 
|  42|0x0000000707c00000, 0x0000000707c00000, 0x0000000707e00000|  0%| F|  |TAMS 0x0000000707c00000, 0x0000000707c00000| Untracked 
|  43|0x0000000707e00000, 0x0000000707e00000, 0x0000000708000000|  0%| F|  |TAMS 0x0000000707e00000, 0x0000000707e00000| Untracked 
|  44|0x0000000708000000, 0x0000000708000000, 0x0000000708200000|  0%| F|  |TAMS 0x0000000708000000, 0x0000000708000000| Untracked 
|  45|0x0000000708200000, 0x0000000708200000, 0x0000000708400000|  0%| F|  |TAMS 0x0000000708200000, 0x0000000708200000| Untracked 
|  46|0x0000000708400000, 0x0000000708400000, 0x0000000708600000|  0%| F|  |TAMS 0x0000000708400000, 0x0000000708400000| Untracked 
|  47|0x0000000708600000, 0x0000000708600000, 0x0000000708800000|  0%| F|  |TAMS 0x0000000708600000, 0x0000000708600000| Untracked 
|  48|0x0000000708800000, 0x0000000708800000, 0x0000000708a00000|  0%| F|  |TAMS 0x0000000708800000, 0x0000000708800000| Untracked 
|  49|0x0000000708a00000, 0x0000000708a00000, 0x0000000708c00000|  0%| F|  |TAMS 0x0000000708a00000, 0x0000000708a00000| Untracked 
|  50|0x0000000708c00000, 0x0000000708c00000, 0x0000000708e00000|  0%| F|  |TAMS 0x0000000708c00000, 0x0000000708c00000| Untracked 
|  51|0x0000000708e00000, 0x0000000708e00000, 0x0000000709000000|  0%| F|  |TAMS 0x0000000708e00000, 0x0000000708e00000| Untracked 
|  52|0x0000000709000000, 0x0000000709000000, 0x0000000709200000|  0%| F|  |TAMS 0x0000000709000000, 0x0000000709000000| Untracked 
|  53|0x0000000709200000, 0x0000000709200000, 0x0000000709400000|  0%| F|  |TAMS 0x0000000709200000, 0x0000000709200000| Untracked 
|  54|0x0000000709400000, 0x0000000709400000, 0x0000000709600000|  0%| F|  |TAMS 0x0000000709400000, 0x0000000709400000| Untracked 
|  55|0x0000000709600000, 0x0000000709600000, 0x0000000709800000|  0%| F|  |TAMS 0x0000000709600000, 0x0000000709600000| Untracked 
|  56|0x0000000709800000, 0x0000000709800000, 0x0000000709a00000|  0%| F|  |TAMS 0x0000000709800000, 0x0000000709800000| Untracked 
|  57|0x0000000709a00000, 0x0000000709a00000, 0x0000000709c00000|  0%| F|  |TAMS 0x0000000709a00000, 0x0000000709a00000| Untracked 
|  58|0x0000000709c00000, 0x0000000709c00000, 0x0000000709e00000|  0%| F|  |TAMS 0x0000000709c00000, 0x0000000709c00000| Untracked 
|  59|0x0000000709e00000, 0x0000000709e00000, 0x000000070a000000|  0%| F|  |TAMS 0x0000000709e00000, 0x0000000709e00000| Untracked 
|  60|0x000000070a000000, 0x000000070a000000, 0x000000070a200000|  0%| F|  |TAMS 0x000000070a000000, 0x000000070a000000| Untracked 
|  61|0x000000070a200000, 0x000000070a200000, 0x000000070a400000|  0%| F|  |TAMS 0x000000070a200000, 0x000000070a200000| Untracked 
|  62|0x000000070a400000, 0x000000070a400000, 0x000000070a600000|  0%| F|  |TAMS 0x000000070a400000, 0x000000070a400000| Untracked 
|  63|0x000000070a600000, 0x000000070a600000, 0x000000070a800000|  0%| F|  |TAMS 0x000000070a600000, 0x000000070a600000| Untracked 
|  64|0x000000070a800000, 0x000000070a800000, 0x000000070aa00000|  0%| F|  |TAMS 0x000000070a800000, 0x000000070a800000| Untracked 
|  65|0x000000070aa00000, 0x000000070aa00000, 0x000000070ac00000|  0%| F|  |TAMS 0x000000070aa00000, 0x000000070aa00000| Untracked 
|  66|0x000000070ac00000, 0x000000070ac00000, 0x000000070ae00000|  0%| F|  |TAMS 0x000000070ac00000, 0x000000070ac00000| Untracked 
|  67|0x000000070ae00000, 0x000000070ae00000, 0x000000070b000000|  0%| F|  |TAMS 0x000000070ae00000, 0x000000070ae00000| Untracked 
|  68|0x000000070b000000, 0x000000070b000000, 0x000000070b200000|  0%| F|  |TAMS 0x000000070b000000, 0x000000070b000000| Untracked 
|  69|0x000000070b200000, 0x000000070b200000, 0x000000070b400000|  0%| F|  |TAMS 0x000000070b200000, 0x000000070b200000| Untracked 
|  70|0x000000070b400000, 0x000000070b400000, 0x000000070b600000|  0%| F|  |TAMS 0x000000070b400000, 0x000000070b400000| Untracked 
|  71|0x000000070b600000, 0x000000070b600000, 0x000000070b800000|  0%| F|  |TAMS 0x000000070b600000, 0x000000070b600000| Untracked 
|  72|0x000000070b800000, 0x000000070b800000, 0x000000070ba00000|  0%| F|  |TAMS 0x000000070b800000, 0x000000070b800000| Untracked 
|  73|0x000000070ba00000, 0x000000070ba00000, 0x000000070bc00000|  0%| F|  |TAMS 0x000000070ba00000, 0x000000070ba00000| Untracked 
|  74|0x000000070bc00000, 0x000000070bc00000, 0x000000070be00000|  0%| F|  |TAMS 0x000000070bc00000, 0x000000070bc00000| Untracked 
|  75|0x000000070be00000, 0x000000070be00000, 0x000000070c000000|  0%| F|  |TAMS 0x000000070be00000, 0x000000070be00000| Untracked 
|  76|0x000000070c000000, 0x000000070c000000, 0x000000070c200000|  0%| F|  |TAMS 0x000000070c000000, 0x000000070c000000| Untracked 
|  77|0x000000070c200000, 0x000000070c200000, 0x000000070c400000|  0%| F|  |TAMS 0x000000070c200000, 0x000000070c200000| Untracked 
|  78|0x000000070c400000, 0x000000070c400000, 0x000000070c600000|  0%| F|  |TAMS 0x000000070c400000, 0x000000070c400000| Untracked 
|  79|0x000000070c600000, 0x000000070c600000, 0x000000070c800000|  0%| F|  |TAMS 0x000000070c600000, 0x000000070c600000| Untracked 
|  80|0x000000070c800000, 0x000000070c800000, 0x000000070ca00000|  0%| F|  |TAMS 0x000000070c800000, 0x000000070c800000| Untracked 
|  81|0x000000070ca00000, 0x000000070ca00000, 0x000000070cc00000|  0%| F|  |TAMS 0x000000070ca00000, 0x000000070ca00000| Untracked 
|  82|0x000000070cc00000, 0x000000070cc00000, 0x000000070ce00000|  0%| F|  |TAMS 0x000000070cc00000, 0x000000070cc00000| Untracked 
|  83|0x000000070ce00000, 0x000000070ce00000, 0x000000070d000000|  0%| F|  |TAMS 0x000000070ce00000, 0x000000070ce00000| Untracked 
|  84|0x000000070d000000, 0x000000070d000000, 0x000000070d200000|  0%| F|  |TAMS 0x000000070d000000, 0x000000070d000000| Untracked 
|  85|0x000000070d200000, 0x000000070d200000, 0x000000070d400000|  0%| F|  |TAMS 0x000000070d200000, 0x000000070d200000| Untracked 
|  86|0x000000070d400000, 0x000000070d400000, 0x000000070d600000|  0%| F|  |TAMS 0x000000070d400000, 0x000000070d400000| Untracked 
|  87|0x000000070d600000, 0x000000070d600000, 0x000000070d800000|  0%| F|  |TAMS 0x000000070d600000, 0x000000070d600000| Untracked 
|  88|0x000000070d800000, 0x000000070d800000, 0x000000070da00000|  0%| F|  |TAMS 0x000000070d800000, 0x000000070d800000| Untracked 
|  89|0x000000070da00000, 0x000000070da00000, 0x000000070dc00000|  0%| F|  |TAMS 0x000000070da00000, 0x000000070da00000| Untracked 
|  90|0x000000070dc00000, 0x000000070dc00000, 0x000000070de00000|  0%| F|  |TAMS 0x000000070dc00000, 0x000000070dc00000| Untracked 
|  91|0x000000070de00000, 0x000000070de00000, 0x000000070e000000|  0%| F|  |TAMS 0x000000070de00000, 0x000000070de00000| Untracked 
|  92|0x000000070e000000, 0x000000070e000000, 0x000000070e200000|  0%| F|  |TAMS 0x000000070e000000, 0x000000070e000000| Untracked 
|  93|0x000000070e200000, 0x000000070e200000, 0x000000070e400000|  0%| F|  |TAMS 0x000000070e200000, 0x000000070e200000| Untracked 
|  94|0x000000070e400000, 0x000000070e400000, 0x000000070e600000|  0%| F|  |TAMS 0x000000070e400000, 0x000000070e400000| Untracked 
|  95|0x000000070e600000, 0x000000070e600000, 0x000000070e800000|  0%| F|  |TAMS 0x000000070e600000, 0x000000070e600000| Untracked 
|  96|0x000000070e800000, 0x000000070e800000, 0x000000070ea00000|  0%| F|  |TAMS 0x000000070e800000, 0x000000070e800000| Untracked 
|  97|0x000000070ea00000, 0x000000070ea00000, 0x000000070ec00000|  0%| F|  |TAMS 0x000000070ea00000, 0x000000070ea00000| Untracked 
|  98|0x000000070ec00000, 0x000000070ec00000, 0x000000070ee00000|  0%| F|  |TAMS 0x000000070ec00000, 0x000000070ec00000| Untracked 
|  99|0x000000070ee00000, 0x000000070ee00000, 0x000000070f000000|  0%| F|  |TAMS 0x000000070ee00000, 0x000000070ee00000| Untracked 
| 100|0x000000070f000000, 0x000000070f000000, 0x000000070f200000|  0%| F|  |TAMS 0x000000070f000000, 0x000000070f000000| Untracked 
| 101|0x000000070f200000, 0x000000070f200000, 0x000000070f400000|  0%| F|  |TAMS 0x000000070f200000, 0x000000070f200000| Untracked 
| 102|0x000000070f400000, 0x000000070f400000, 0x000000070f600000|  0%| F|  |TAMS 0x000000070f400000, 0x000000070f400000| Untracked 
| 103|0x000000070f600000, 0x000000070f600000, 0x000000070f800000|  0%| F|  |TAMS 0x000000070f600000, 0x000000070f600000| Untracked 
| 104|0x000000070f800000, 0x000000070f800000, 0x000000070fa00000|  0%| F|  |TAMS 0x000000070f800000, 0x000000070f800000| Untracked 
| 105|0x000000070fa00000, 0x000000070fa00000, 0x000000070fc00000|  0%| F|  |TAMS 0x000000070fa00000, 0x000000070fa00000| Untracked 
| 106|0x000000070fc00000, 0x000000070fc00000, 0x000000070fe00000|  0%| F|  |TAMS 0x000000070fc00000, 0x000000070fc00000| Untracked 
| 107|0x000000070fe00000, 0x000000070fe00000, 0x0000000710000000|  0%| F|  |TAMS 0x000000070fe00000, 0x000000070fe00000| Untracked 
| 108|0x0000000710000000, 0x00000007101e6090, 0x0000000710200000| 94%| S|CS|TAMS 0x0000000710000000, 0x0000000710000000| Complete 
| 109|0x0000000710200000, 0x0000000710400000, 0x0000000710400000|100%| S|CS|TAMS 0x0000000710200000, 0x0000000710200000| Complete 
| 110|0x0000000710400000, 0x0000000710400000, 0x0000000710600000|  0%| F|  |TAMS 0x0000000710400000, 0x0000000710400000| Untracked 
| 111|0x0000000710600000, 0x0000000710600000, 0x0000000710800000|  0%| F|  |TAMS 0x0000000710600000, 0x0000000710600000| Untracked 
| 112|0x0000000710800000, 0x0000000710800000, 0x0000000710a00000|  0%| F|  |TAMS 0x0000000710800000, 0x0000000710800000| Untracked 
| 113|0x0000000710a00000, 0x0000000710a00000, 0x0000000710c00000|  0%| F|  |TAMS 0x0000000710a00000, 0x0000000710a00000| Untracked 
| 114|0x0000000710c00000, 0x0000000710c00000, 0x0000000710e00000|  0%| F|  |TAMS 0x0000000710c00000, 0x0000000710c00000| Untracked 
| 115|0x0000000710e00000, 0x0000000710e00000, 0x0000000711000000|  0%| F|  |TAMS 0x0000000710e00000, 0x0000000710e00000| Untracked 
| 116|0x0000000711000000, 0x0000000711000000, 0x0000000711200000|  0%| F|  |TAMS 0x0000000711000000, 0x0000000711000000| Untracked 
| 117|0x0000000711200000, 0x0000000711200000, 0x0000000711400000|  0%| F|  |TAMS 0x0000000711200000, 0x0000000711200000| Untracked 
| 118|0x0000000711400000, 0x0000000711400000, 0x0000000711600000|  0%| F|  |TAMS 0x0000000711400000, 0x0000000711400000| Untracked 
| 119|0x0000000711600000, 0x0000000711600000, 0x0000000711800000|  0%| F|  |TAMS 0x0000000711600000, 0x0000000711600000| Untracked 
| 120|0x0000000711800000, 0x0000000711800000, 0x0000000711a00000|  0%| F|  |TAMS 0x0000000711800000, 0x0000000711800000| Untracked 
| 121|0x0000000711a00000, 0x0000000711a00000, 0x0000000711c00000|  0%| F|  |TAMS 0x0000000711a00000, 0x0000000711a00000| Untracked 
| 122|0x0000000711c00000, 0x0000000711d00800, 0x0000000711e00000| 50%| E|  |TAMS 0x0000000711c00000, 0x0000000711c00000| Complete 
| 123|0x0000000711e00000, 0x0000000712000000, 0x0000000712000000|100%| E|CS|TAMS 0x0000000711e00000, 0x0000000711e00000| Complete 
| 124|0x0000000712000000, 0x0000000712200000, 0x0000000712200000|100%| E|CS|TAMS 0x0000000712000000, 0x0000000712000000| Complete 
| 125|0x0000000712200000, 0x0000000712400000, 0x0000000712400000|100%| E|CS|TAMS 0x0000000712200000, 0x0000000712200000| Complete 
| 126|0x0000000712400000, 0x0000000712600000, 0x0000000712600000|100%| E|  |TAMS 0x0000000712400000, 0x0000000712400000| Complete 

Card table byte_map: [0x000001ef807f0000,0x000001ef80fe0000] _byte_map_base: 0x000001ef7cfdc000

Marking Bits (Prev, Next): (CMBitMap*) 0x000001efe8521c20, (CMBitMap*) 0x000001efe8521c60
 Prev Bits: [0x000001ef817d0000, 0x000001ef85730000)
 Next Bits: [0x000001ef85730000, 0x000001ef89690000)

Polling page: 0x000001efe6490000

Metaspace:

Usage:
  Non-class:     13.50 MB capacity,    13.32 MB ( 99%) used,   154.56 KB (  1%) free+waste,    24.75 KB ( <1%) overhead. 
      Class:      2.12 MB capacity,     2.01 MB ( 95%) used,   102.30 KB (  5%) free+waste,    10.69 KB ( <1%) overhead. 
       Both:     15.62 MB capacity,    15.34 MB ( 98%) used,   256.86 KB (  2%) free+waste,    35.44 KB ( <1%) overhead. 

Virtual space:
  Non-class space:       14.00 MB reserved,      13.50 MB ( 96%) committed 
      Class space:        1.00 GB reserved,       2.12 MB ( <1%) committed 
             Both:        1.01 GB reserved,      15.62 MB (  2%) committed 

Chunk freelists:
   Non-Class:  0 bytes
       Class:  0 bytes
        Both:  0 bytes

MaxMetaspaceSize: 17179869184.00 GB
CompressedClassSpaceSize: 1.00 GB

CodeHeap 'non-profiled nmethods': size=120000Kb used=820Kb max_used=820Kb free=119179Kb
 bounds [0x000001eff81d0000, 0x000001eff8440000, 0x000001efff700000]
CodeHeap 'profiled nmethods': size=120000Kb used=4411Kb max_used=4411Kb free=115588Kb
 bounds [0x000001eff0ca0000, 0x000001eff10f0000, 0x000001eff81d0000]
CodeHeap 'non-nmethods': size=5760Kb used=1396Kb max_used=1423Kb free=4363Kb
 bounds [0x000001eff0700000, 0x000001eff0970000, 0x000001eff0ca0000]
 total_blobs=2986 nmethods=2270 adapters=628
 compilation: enabled
              stopped_count=0, restarted_count=0
 full_count=0

Compilation events (20 events):
Event: 1.514 Thread 0x000001ef8c82cc60 2241       3       sun.nio.fs.WindowsPathParser::parseNormalizedPath (6 bytes)
Event: 1.514 Thread 0x000001ef8c82cc60 nmethod 2241 0x000001eff10df910 code [0x000001eff10dfaa0, 0x000001eff10dfba8]
Event: 1.514 Thread 0x000001ef8c82cc60 2242       3       javafx.scene.image.Image$DoublePropertyImpl::<init> (15 bytes)
Event: 1.515 Thread 0x000001ef8c82cc60 nmethod 2242 0x000001eff10dfc90 code [0x000001eff10dfe60, 0x000001eff10e01f8]
Event: 1.515 Thread 0x000001ef8c82cc60 2243       3       javafx.beans.property.ReadOnlyDoublePropertyBase::<init> (5 bytes)
Event: 1.515 Thread 0x000001ef8c82cc60 nmethod 2243 0x000001eff10e0390 code [0x000001eff10e0540, 0x000001eff10e07b8]
Event: 1.515 Thread 0x000001ef8c82cc60 2244       3       javafx.scene.image.Image::widthPropertyImpl (26 bytes)
Event: 1.515 Thread 0x000001ef8c82cc60 nmethod 2244 0x000001eff10e0910 code [0x000001eff10e0ae0, 0x000001eff10e1018]
Event: 1.515 Thread 0x000001ef8c82cc60 2245       3       javafx.scene.image.Image::heightPropertyImpl (26 bytes)
Event: 1.515 Thread 0x000001ef8c82cc60 nmethod 2245 0x000001eff10e1190 code [0x000001eff10e1360, 0x000001eff10e1898]
Event: 1.515 Thread 0x000001ef8c82cc60 2246       3       javafx.scene.image.Image$DoublePropertyImpl::fireValueChangedEvent (5 bytes)
Event: 1.515 Thread 0x000001ef8c82cc60 nmethod 2246 0x000001eff10e1a10 code [0x000001eff10e1bc0, 0x000001eff10e1e88]
Event: 1.515 Thread 0x000001ef8c82cc60 2247       3       javafx.scene.image.Image$ObjectPropertyImpl::get (10 bytes)
Event: 1.515 Thread 0x000001ef8c82cc60 nmethod 2247 0x000001eff10e1f90 code [0x000001eff10e2120, 0x000001eff10e2238]
Event: 1.516 Thread 0x000001ef8c82cc60 2248       3       sun.awt.shell.Win32ShellFolder2$6::call (5 bytes)
Event: 1.516 Thread 0x000001ef8c82cc60 nmethod 2248 0x000001eff10e2310 code [0x000001eff10e24c0, 0x000001eff10e2608]
Event: 1.516 Thread 0x000001ef8c82cc60 2249       3       sun.awt.shell.Win32ShellFolder2$6::call (38 bytes)
Event: 1.516 Thread 0x000001ef8c82cc60 nmethod 2249 0x000001eff10e2690 code [0x000001eff10e28a0, 0x000001eff10e2ef8]
Event: 1.530 Thread 0x000001ef8c82cc60 2251       3       java.util.AbstractList::subListRangeCheck (110 bytes)
Event: 1.531 Thread 0x000001ef8c82cc60 nmethod 2251 0x000001eff10e3190 code [0x000001eff10e3540, 0x000001eff10e4888]

GC Heap History (4 events):
Event: 0.472 GC heap before
{Heap before GC invocations=0 (full 0):
 garbage-first heap   total 260096K, used 22528K [0x0000000702800000, 0x0000000800000000)
  region size 2048K, 11 young (22528K), 0 survivors (0K)
 Metaspace       used 5701K, capacity 7977K, committed 8064K, reserved 1056768K
  class space    used 664K, capacity 890K, committed 896K, reserved 1048576K
}
Event: 0.475 GC heap after
{Heap after GC invocations=1 (full 0):
 garbage-first heap   total 260096K, used 3987K [0x0000000702800000, 0x0000000800000000)
  region size 2048K, 2 young (4096K), 2 survivors (4096K)
 Metaspace       used 5701K, capacity 7977K, committed 8064K, reserved 1056768K
  class space    used 664K, capacity 890K, committed 896K, reserved 1048576K
}
Event: 0.946 GC heap before
{Heap before GC invocations=1 (full 0):
 garbage-first heap   total 260096K, used 34707K [0x0000000702800000, 0x0000000800000000)
  region size 2048K, 17 young (34816K), 2 survivors (4096K)
 Metaspace       used 11548K, capacity 12648K, committed 12928K, reserved 1060864K
  class space    used 1662K, capacity 1804K, committed 1920K, reserved 1048576K
}
Event: 0.951 GC heap after
{Heap after GC invocations=2 (full 0):
 garbage-first heap   total 260096K, used 7796K [0x0000000702800000, 0x0000000800000000)
  region size 2048K, 2 young (4096K), 2 survivors (4096K)
 Metaspace       used 11548K, capacity 12648K, committed 12928K, reserved 1060864K
  class space    used 1662K, capacity 1804K, committed 1920K, reserved 1048576K
}

Deoptimization events (20 events):
Event: 0.968 Thread 0x000001ef8df77480 DEOPT PACKING pc=0x000001eff827b718 sp=0x0000001fe87fda00
Event: 0.968 Thread 0x000001ef8df77480 DEOPT UNPACKING pc=0x000001eff074e42f sp=0x0000001fe87fd990 mode 2
Event: 0.973 Thread 0x000001ef8df77480 Uncommon trap: trap_request=0xffffff45 fr.pc=0x000001eff827bf40 relative=0x00000000000002a0
Event: 0.973 Thread 0x000001ef8df77480 Uncommon trap: reason=unstable_if action=reinterpret pc=0x000001eff827bf40 method=com.sun.javafx.iio.png.PNGImageLoader2.paethPr(III)I @ 36 c2
Event: 0.973 Thread 0x000001ef8df77480 DEOPT PACKING pc=0x000001eff827bf40 sp=0x0000001fe87fda90
Event: 0.973 Thread 0x000001ef8df77480 DEOPT UNPACKING pc=0x000001eff074e42f sp=0x0000001fe87fd9a8 mode 2
Event: 0.977 Thread 0x000001ef8df77480 DEOPT PACKING pc=0x000001eff0fc8240 sp=0x0000001fe87fdac0
Event: 0.977 Thread 0x000001ef8df77480 DEOPT UNPACKING pc=0x000001eff074e23f sp=0x0000001fe87fcf50 mode 0
Event: 0.979 Thread 0x000001ef8df77480 DEOPT PACKING pc=0x000001eff0fc8240 sp=0x0000001fe87fdac0
Event: 0.979 Thread 0x000001ef8df77480 DEOPT UNPACKING pc=0x000001eff074e23f sp=0x0000001fe87fcf50 mode 0
Event: 0.979 Thread 0x000001ef8df77480 DEOPT PACKING pc=0x000001eff0fc8240 sp=0x0000001fe87fdac0
Event: 0.979 Thread 0x000001ef8df77480 DEOPT UNPACKING pc=0x000001eff074e23f sp=0x0000001fe87fcf50 mode 0
Event: 0.985 Thread 0x000001ef8df77480 Uncommon trap: trap_request=0xffffff45 fr.pc=0x000001eff8232ab4 relative=0x0000000000000034
Event: 0.985 Thread 0x000001ef8df77480 Uncommon trap: reason=unstable_if action=reinterpret pc=0x000001eff8232ab4 method=java.lang.StringLatin1.canEncode(I)Z @ 4 c2
Event: 0.985 Thread 0x000001ef8df77480 DEOPT PACKING pc=0x000001eff8232ab4 sp=0x0000001fe87fc990
Event: 0.985 Thread 0x000001ef8df77480 DEOPT UNPACKING pc=0x000001eff074e42f sp=0x0000001fe87fc920 mode 2
Event: 1.056 Thread 0x000001ef8df77480 Uncommon trap: trap_request=0xffffff45 fr.pc=0x000001eff81f78fc relative=0x00000000000000dc
Event: 1.056 Thread 0x000001ef8df77480 Uncommon trap: reason=unstable_if action=reinterpret pc=0x000001eff81f78fc method=java.util.HashMap.hash(Ljava/lang/Object;)I @ 1 c2
Event: 1.056 Thread 0x000001ef8df77480 DEOPT PACKING pc=0x000001eff81f78fc sp=0x0000001fe87fdf00
Event: 1.056 Thread 0x000001ef8df77480 DEOPT UNPACKING pc=0x000001eff074e42f sp=0x0000001fe87fde40 mode 2

Classes unloaded (0 events):
No events

Classes redefined (0 events):
No events

Internal exceptions (20 events):
Event: 0.275 Thread 0x000001efe84c7b00 Exception <a 'java/lang/NoSuchMethodError'{0x0000000711ad88a8}: 'int java.lang.invoke.DirectMethodHandle$Holder.invokeStaticInit(java.lang.Object, java.lang.Object, java.lang.Object)'> (0x0000000711ad88a8) 
thrown [./open/src/hotspot/share/interpreter/linkResolver.cpp, line 782]
Event: 0.287 Thread 0x000001efe84c7b00 Exception <a 'java/lang/NoSuchMethodError'{0x0000000711bfe9b0}: 'java.lang.Object java.lang.invoke.DirectMethodHandle$Holder.newInvokeSpecial(java.lang.Object, java.lang.Object, int, java.lang.Object)'> (0x0000000711bfe9b0) 
thrown [./open/src/hotspot/share/interpreter/linkResolver.cpp, line 782]
Event: 0.287 Thread 0x000001efe84c7b00 Exception <a 'java/lang/NoSuchMethodError'{0x0000000711803910}: 'java.lang.Object java.lang.invoke.DirectMethodHandle$Holder.invokeSpecial(java.lang.Object, java.lang.Object, java.lang.Object, int, java.lang.Object)'> (0x0000000711803910) 
thrown [./open/src/hotspot/share/interpreter/linkResolver.cpp, line 782]
Event: 0.374 Thread 0x000001ef8df77480 Exception <a 'java/lang/NoSuchMethodError'{0x000000071169e790}: 'void java.lang.invoke.DirectMethodHandle$Holder.invokeStaticInit(java.lang.Object)'> (0x000000071169e790) 
thrown [./open/src/hotspot/share/interpreter/linkResolver.cpp, line 782]
Event: 0.376 Thread 0x000001efe84c7b00 Exception <a 'java/lang/NoSuchMethodError'{0x0000000711819c18}: 'java.lang.Object java.lang.invoke.DirectMethodHandle$Holder.newInvokeSpecial(java.lang.Object, java.lang.Object, java.lang.Object, java.lang.Object, java.lang.Object, java.lang.Object)'> (0x0000000711819c18) 
thrown [./open/src/hotspot/share/interpreter/linkResolver.cpp, line 782]
Event: 0.380 Thread 0x000001efe84c7b00 Exception <a 'java/lang/NoSuchMethodError'{0x00000007118492b0}: 'java.lang.Object java.lang.invoke.DirectMethodHandle$Holder.newInvokeSpecial(java.lang.Object, java.lang.Object, java.lang.Object, java.lang.Object, java.lang.Object)'> (0x00000007118492b0) 
thrown [./open/src/hotspot/share/interpreter/linkResolver.cpp, line 782]
Event: 0.381 Thread 0x000001ef8e13b2f0 Exception <a 'java/lang/NoSuchMethodError'{0x00000007117576b8}: 'void java.lang.invoke.DirectMethodHandle$Holder.invokeStatic(java.lang.Object, java.lang.Object, java.lang.Object, java.lang.Object)'> (0x00000007117576b8) 
thrown [./open/src/hotspot/share/interpreter/linkResolver.cpp, line 782]
Event: 0.490 Thread 0x000001ef8df77480 Exception <a 'java/lang/NoSuchMethodError'{0x00000007125d8e98}: 'java.lang.Object java.lang.invoke.DirectMethodHandle$Holder.invokeStaticInit(java.lang.Object, java.lang.Object, java.lang.Object, java.lang.Object)'> (0x00000007125d8e98) 
thrown [./open/src/hotspot/share/interpreter/linkResolver.cpp, line 782]
Event: 0.491 Thread 0x000001ef8df77480 Exception <a 'java/lang/NullPointerException'{0x00000007125e5358}> (0x00000007125e5358) 
thrown [./open/src/hotspot/share/interpreter/linkResolver.cpp, line 1374]
Event: 0.503 Thread 0x000001ef8df77480 Exception <a 'java/lang/NoSuchMethodError'{0x00000007122cbb50}: 'void java.lang.invoke.DirectMethodHandle$Holder.invokeSpecial(java.lang.Object, java.lang.Object, java.lang.Object, java.lang.Object, java.lang.Object)'> (0x00000007122cbb50) 
thrown [./open/src/hotspot/share/interpreter/linkResolver.cpp, line 782]
Event: 0.552 Thread 0x000001ef8df77480 Exception <a 'java/lang/NoSuchMethodError'{0x0000000711f60b18}: 'void java.lang.invoke.DirectMethodHandle$Holder.invokeStaticInit(java.lang.Object, java.lang.Object)'> (0x0000000711f60b18) 
thrown [./open/src/hotspot/share/interpreter/linkResolver.cpp, line 782]
Event: 0.916 Thread 0x000001ef8df77480 Exception <a 'java/lang/NoSuchMethodError'{0x0000000710726bf0}: 'void java.lang.invoke.DirectMethodHandle$Holder.invokeSpecial(java.lang.Object, java.lang.Object, java.lang.Object, java.lang.Object, java.lang.Object, java.lang.Object)'> (0x0000000710726bf0) 
thrown [./open/src/hotspot/share/interpreter/linkResolver.cpp, line 782]
Event: 0.994 Thread 0x000001ef8df77480 Exception <a 'java/lang/ClassNotFoundException'{0x00000007122bb318}: sun/awt/resources/spi/awtProvider> (0x00000007122bb318) 
thrown [./open/src/hotspot/share/classfile/systemDictionary.cpp, line 295]
Event: 1.000 Thread 0x000001ef8df77480 Exception <a 'java/io/FileNotFoundException'{0x00000007122d20b0}> (0x00000007122d20b0) 
thrown [./open/src/hotspot/share/prims/jni.cpp, line 578]
Event: 1.000 Thread 0x000001ef8df77480 Exception <a 'java/io/FileNotFoundException'{0x00000007122d35d8}> (0x00000007122d35d8) 
thrown [./open/src/hotspot/share/prims/jni.cpp, line 578]
Event: 1.035 Thread 0x000001ef8df77480 Exception <a 'java/lang/NoSuchMethodError'{0x00000007123403d0}: 'java.lang.Object java.lang.invoke.DirectMethodHandle$Holder.invokeStatic(java.lang.Object, int, java.lang.Object, java.lang.Object, java.lang.Object, java.lang.Object)'> (0x00000007123403d0) 
thrown [./open/src/hotspot/share/interpreter/linkResolver.cpp, line 782]
Event: 1.037 Thread 0x000001ef8df77480 Exception <a 'java/lang/NoSuchMethodError'{0x00000007123695d8}: 'java.lang.Object java.lang.invoke.DirectMethodHandle$Holder.invokeStatic(java.lang.Object, int, java.lang.Object)'> (0x00000007123695d8) 
thrown [./open/src/hotspot/share/interpreter/linkResolver.cpp, line 782]
Event: 1.054 Thread 0x000001ef8df77480 Exception <a 'java/lang/ClassNotFoundException'{0x000000071207ae78}: com/sun/swing/internal/plaf/metal/resources/spi/metalProvider> (0x000000071207ae78) 
thrown [./open/src/hotspot/share/classfile/systemDictionary.cpp, line 295]
Event: 1.055 Thread 0x000001ef8df77480 Exception <a 'java/lang/ClassNotFoundException'{0x000000071207f258}: com/sun/swing/internal/plaf/basic/resources/spi/basicProvider> (0x000000071207f258) 
thrown [./open/src/hotspot/share/classfile/systemDictionary.cpp, line 295]
Event: 1.056 Thread 0x000001ef8df77480 Implicit null exception at 0x000001eff81f7860 to 0x000001eff81f78f2

Events (20 events):
Event: 1.081 loading class sun/java2d/loops/GraphicsPrimitiveMgr$PrimitiveSpec done
Event: 1.083 loading class sun/awt/image/BufferedImageGraphicsConfig
Event: 1.083 loading class java/awt/GraphicsConfiguration
Event: 1.083 loading class java/awt/GraphicsConfiguration done
Event: 1.083 loading class sun/awt/image/BufferedImageGraphicsConfig done
Event: 1.083 loading class sun/awt/image/BufferedImageDevice
Event: 1.083 loading class java/awt/GraphicsDevice
Event: 1.083 loading class java/awt/GraphicsDevice done
Event: 1.083 loading class sun/awt/image/BufferedImageDevice done
Event: 1.083 loading class sun/java2d/loops/Blit$GeneralMaskBlit
Event: 1.083 loading class sun/java2d/loops/Blit$GeneralMaskBlit done
Event: 1.178 Thread 0x000001ef8c955d00 Thread exited: 0x000001ef8c955d00
Event: 1.184 Thread 0x000001ef8c954dd0 Thread exited: 0x000001ef8c954dd0
Event: 1.234 Loaded shared library C:\Program Files\Java\jdk-15.0.2\bin\awt.dll
Event: 1.248 Loaded shared library C:\Program Files\Java\jdk-15.0.2\bin\awt.dll
Event: 1.296 Loaded shared library C:\Program Files\Java\jdk-15.0.2\bin\awt.dll
Event: 1.324 Loaded shared library C:\Program Files\Java\jdk-15.0.2\bin\awt.dll
Event: 1.471 Loaded shared library C:\Program Files\Java\jdk-15.0.2\bin\nio.dll
Event: 1.503 Loaded shared library C:\Program Files\Java\jdk-15.0.2\bin\java.dll
Event: 1.529 Loaded shared library C:\Program Files\Java\jdk-15.0.2\bin\awt.dll


Dynamic libraries:
0x00007ff7a6cd0000 - 0x00007ff7a6cdf000 	C:\Program Files\Java\jdk-15.0.2\bin\java.exe
0x00007ffcb4cf0000 - 0x00007ffcb4ee5000 	C:\Windows\SYSTEM32\ntdll.dll
0x00007ffcb3750000 - 0x00007ffcb380d000 	C:\Windows\System32\KERNEL32.DLL
0x00007ffcb2730000 - 0x00007ffcb29f8000 	C:\Windows\System32\KERNELBASE.dll
0x00007ffcb2630000 - 0x00007ffcb2730000 	C:\Windows\System32\ucrtbase.dll
0x00007ffc9eab0000 - 0x00007ffc9eac8000 	C:\Program Files\Java\jdk-15.0.2\bin\jli.dll
0x00007ffc9e890000 - 0x00007ffc9e8a9000 	C:\Program Files\Java\jdk-15.0.2\bin\VCRUNTIME140.dll
0x00007ffcb34a0000 - 0x00007ffcb354c000 	C:\Windows\System32\ADVAPI32.dll
0x00007ffcb3810000 - 0x00007ffcb38ae000 	C:\Windows\System32\msvcrt.dll
0x00007ffcb31c0000 - 0x00007ffcb325b000 	C:\Windows\System32\sechost.dll
0x00007ffcb3b00000 - 0x00007ffcb3c2b000 	C:\Windows\System32\RPCRT4.dll
0x00007ffcb35b0000 - 0x00007ffcb3750000 	C:\Windows\System32\USER32.dll
0x00007ffc9c8f0000 - 0x00007ffc9cb8a000 	C:\Windows\WinSxS\amd64_microsoft.windows.common-controls_6595b64144ccf1df_6.0.19041.844_none_ca00b6081b84eb1d\COMCTL32.dll
0x00007ffcb2a00000 - 0x00007ffcb2a22000 	C:\Windows\System32\win32u.dll
0x00007ffcb3400000 - 0x00007ffcb342a000 	C:\Windows\System32\GDI32.dll
0x00007ffcb2be0000 - 0x00007ffcb2ceb000 	C:\Windows\System32\gdi32full.dll
0x00007ffcb2430000 - 0x00007ffcb24cd000 	C:\Windows\System32\msvcp_win.dll
0x00007ffcac1b0000 - 0x00007ffcac1ba000 	C:\Windows\SYSTEM32\VERSION.dll
0x00007ffcb3130000 - 0x00007ffcb3160000 	C:\Windows\System32\IMM32.DLL
0x00007ffcae270000 - 0x00007ffcae27c000 	C:\Program Files\Java\jdk-15.0.2\bin\vcruntime140_1.dll
0x00007ffc8cfe0000 - 0x00007ffc8d071000 	C:\Program Files\Java\jdk-15.0.2\bin\msvcp140.dll
0x00007ffc8c480000 - 0x00007ffc8cfde000 	C:\Program Files\Java\jdk-15.0.2\bin\server\jvm.dll
0x00007ffcb3490000 - 0x00007ffcb3498000 	C:\Windows\System32\PSAPI.DLL
0x00007ffc9efc0000 - 0x00007ffc9efe7000 	C:\Windows\SYSTEM32\WINMM.dll
0x00007ffc55410000 - 0x00007ffc55419000 	C:\Windows\SYSTEM32\WSOCK32.dll
0x00007ffcb3390000 - 0x00007ffcb33fb000 	C:\Windows\System32\WS2_32.dll
0x00007ffcb0cc0000 - 0x00007ffcb0cd2000 	C:\Windows\SYSTEM32\kernel.appcore.dll
0x00007ffcae250000 - 0x00007ffcae25a000 	C:\Program Files\Java\jdk-15.0.2\bin\jimage.dll
0x00007ffc92350000 - 0x00007ffc92534000 	C:\Windows\SYSTEM32\DBGHELP.DLL
0x00007ffc91f00000 - 0x00007ffc91f2c000 	C:\Windows\SYSTEM32\dbgcore.DLL
0x00007ffcb2b60000 - 0x00007ffcb2be0000 	C:\Windows\System32\bcryptPrimitives.dll
0x00007ffc8ea50000 - 0x00007ffc8ea75000 	C:\Program Files\Java\jdk-15.0.2\bin\java.dll
0x00007ffcb4560000 - 0x00007ffcb4ca2000 	C:\Windows\System32\SHELL32.dll
0x00007ffcb0450000 - 0x00007ffcb0be1000 	C:\Windows\SYSTEM32\windows.storage.dll
0x00007ffcb3c30000 - 0x00007ffcb3f85000 	C:\Windows\System32\combase.dll
0x00007ffcb1dd0000 - 0x00007ffcb1dfc000 	C:\Windows\SYSTEM32\Wldp.dll
0x00007ffcb2f00000 - 0x00007ffcb2fae000 	C:\Windows\System32\SHCORE.dll
0x00007ffcb2fb0000 - 0x00007ffcb3005000 	C:\Windows\System32\shlwapi.dll
0x00007ffcb2370000 - 0x00007ffcb238f000 	C:\Windows\SYSTEM32\profapi.dll
0x00007ffc9e740000 - 0x00007ffc9e759000 	C:\Program Files\Java\jdk-15.0.2\bin\net.dll
0x00007ffca8880000 - 0x00007ffca898b000 	C:\Windows\SYSTEM32\WINHTTP.dll
0x00007ffcb1bb0000 - 0x00007ffcb1c1a000 	C:\Windows\system32\mswsock.dll
0x00007ffc9e6a0000 - 0x00007ffc9e6b2000 	C:\Program Files\Java\jdk-15.0.2\bin\nio.dll
0x00007ffc99d20000 - 0x00007ffc99d38000 	C:\Program Files\Java\jdk-15.0.2\bin\zip.dll
0x000001efe64d0000 - 0x000001efe64d3000 	D:\ShiZu_Code\Java\javafx-sdk-15.0.1\bin\api-ms-win-core-console-l1-1-0.dll
0x000001efe64e0000 - 0x000001efe64e3000 	D:\ShiZu_Code\Java\javafx-sdk-15.0.1\bin\api-ms-win-core-console-l1-2-0.dll
0x000001efe8460000 - 0x000001efe8463000 	D:\ShiZu_Code\Java\javafx-sdk-15.0.1\bin\api-ms-win-core-datetime-l1-1-0.dll
0x000001efe8470000 - 0x000001efe8473000 	D:\ShiZu_Code\Java\javafx-sdk-15.0.1\bin\api-ms-win-core-debug-l1-1-0.dll
0x000001efe8480000 - 0x000001efe8483000 	D:\ShiZu_Code\Java\javafx-sdk-15.0.1\bin\api-ms-win-core-errorhandling-l1-1-0.dll
0x000001efe8490000 - 0x000001efe8494000 	D:\ShiZu_Code\Java\javafx-sdk-15.0.1\bin\api-ms-win-core-file-l1-1-0.dll
0x000001effff80000 - 0x000001effff83000 	D:\ShiZu_Code\Java\javafx-sdk-15.0.1\bin\api-ms-win-core-file-l1-2-0.dll
0x000001effff90000 - 0x000001effff93000 	D:\ShiZu_Code\Java\javafx-sdk-15.0.1\bin\api-ms-win-core-file-l2-1-0.dll
0x000001effffa0000 - 0x000001effffa3000 	D:\ShiZu_Code\Java\javafx-sdk-15.0.1\bin\api-ms-win-core-handle-l1-1-0.dll
0x000001effffb0000 - 0x000001effffb3000 	D:\ShiZu_Code\Java\javafx-sdk-15.0.1\bin\api-ms-win-core-heap-l1-1-0.dll
0x000001ef8e4d0000 - 0x000001ef8e4d3000 	D:\ShiZu_Code\Java\javafx-sdk-15.0.1\bin\api-ms-win-core-interlocked-l1-1-0.dll
0x000001ef8e4e0000 - 0x000001ef8e4e3000 	D:\ShiZu_Code\Java\javafx-sdk-15.0.1\bin\api-ms-win-core-libraryloader-l1-1-0.dll
0x000001ef8e4f0000 - 0x000001ef8e4f3000 	D:\ShiZu_Code\Java\javafx-sdk-15.0.1\bin\api-ms-win-core-localization-l1-2-0.dll
0x000001ef8e500000 - 0x000001ef8e503000 	D:\ShiZu_Code\Java\javafx-sdk-15.0.1\bin\api-ms-win-core-memory-l1-1-0.dll
0x000001ef8e510000 - 0x000001ef8e513000 	D:\ShiZu_Code\Java\javafx-sdk-15.0.1\bin\api-ms-win-core-namedpipe-l1-1-0.dll
0x000001ef8e640000 - 0x000001ef8e643000 	D:\ShiZu_Code\Java\javafx-sdk-15.0.1\bin\api-ms-win-core-processenvironment-l1-1-0.dll
0x000001ef8e520000 - 0x000001ef8e523000 	D:\ShiZu_Code\Java\javafx-sdk-15.0.1\bin\api-ms-win-core-processthreads-l1-1-0.dll
0x000001ef8e530000 - 0x000001ef8e533000 	D:\ShiZu_Code\Java\javafx-sdk-15.0.1\bin\api-ms-win-core-processthreads-l1-1-1.dll
0x000001ef8e540000 - 0x000001ef8e543000 	D:\ShiZu_Code\Java\javafx-sdk-15.0.1\bin\api-ms-win-core-profile-l1-1-0.dll
0x000001ef8e550000 - 0x000001ef8e553000 	D:\ShiZu_Code\Java\javafx-sdk-15.0.1\bin\api-ms-win-core-rtlsupport-l1-1-0.dll
0x000001ef8e560000 - 0x000001ef8e563000 	D:\ShiZu_Code\Java\javafx-sdk-15.0.1\bin\api-ms-win-core-string-l1-1-0.dll
0x000001ef8e570000 - 0x000001ef8e573000 	D:\ShiZu_Code\Java\javafx-sdk-15.0.1\bin\api-ms-win-core-synch-l1-1-0.dll
0x000001ef8e580000 - 0x000001ef8e583000 	D:\ShiZu_Code\Java\javafx-sdk-15.0.1\bin\api-ms-win-core-synch-l1-2-0.dll
0x000001ef8e590000 - 0x000001ef8e593000 	D:\ShiZu_Code\Java\javafx-sdk-15.0.1\bin\api-ms-win-core-sysinfo-l1-1-0.dll
0x000001ef8e5a0000 - 0x000001ef8e5a3000 	D:\ShiZu_Code\Java\javafx-sdk-15.0.1\bin\api-ms-win-core-timezone-l1-1-0.dll
0x000001ef8e5b0000 - 0x000001ef8e5b3000 	D:\ShiZu_Code\Java\javafx-sdk-15.0.1\bin\api-ms-win-core-util-l1-1-0.dll
0x000001ef8e5c0000 - 0x000001ef8e5c3000 	D:\ShiZu_Code\Java\javafx-sdk-15.0.1\bin\api-ms-win-crt-conio-l1-1-0.dll
0x000001ef8e5d0000 - 0x000001ef8e5d4000 	D:\ShiZu_Code\Java\javafx-sdk-15.0.1\bin\api-ms-win-crt-convert-l1-1-0.dll
0x000001ef8e5e0000 - 0x000001ef8e5e3000 	D:\ShiZu_Code\Java\javafx-sdk-15.0.1\bin\api-ms-win-crt-environment-l1-1-0.dll
0x000001ef8e5f0000 - 0x000001ef8e5f3000 	D:\ShiZu_Code\Java\javafx-sdk-15.0.1\bin\api-ms-win-crt-filesystem-l1-1-0.dll
0x000001ef8e600000 - 0x000001ef8e603000 	D:\ShiZu_Code\Java\javafx-sdk-15.0.1\bin\api-ms-win-crt-heap-l1-1-0.dll
0x000001ef8e610000 - 0x000001ef8e613000 	D:\ShiZu_Code\Java\javafx-sdk-15.0.1\bin\api-ms-win-crt-locale-l1-1-0.dll
0x000001ef8e620000 - 0x000001ef8e625000 	D:\ShiZu_Code\Java\javafx-sdk-15.0.1\bin\api-ms-win-crt-math-l1-1-0.dll
0x000001ef8e630000 - 0x000001ef8e635000 	D:\ShiZu_Code\Java\javafx-sdk-15.0.1\bin\api-ms-win-crt-multibyte-l1-1-0.dll
0x000001ef8e650000 - 0x000001ef8e660000 	D:\ShiZu_Code\Java\javafx-sdk-15.0.1\bin\api-ms-win-crt-private-l1-1-0.dll
0x000001ef8e660000 - 0x000001ef8e663000 	D:\ShiZu_Code\Java\javafx-sdk-15.0.1\bin\api-ms-win-crt-process-l1-1-0.dll
0x000001ef8e670000 - 0x000001ef8e674000 	D:\ShiZu_Code\Java\javafx-sdk-15.0.1\bin\api-ms-win-crt-runtime-l1-1-0.dll
0x000001ef8e680000 - 0x000001ef8e684000 	D:\ShiZu_Code\Java\javafx-sdk-15.0.1\bin\api-ms-win-crt-stdio-l1-1-0.dll
0x000001ef8e690000 - 0x000001ef8e694000 	D:\ShiZu_Code\Java\javafx-sdk-15.0.1\bin\api-ms-win-crt-string-l1-1-0.dll
0x000001ef8e6a0000 - 0x000001ef8e6a3000 	D:\ShiZu_Code\Java\javafx-sdk-15.0.1\bin\api-ms-win-crt-time-l1-1-0.dll
0x000001ef8e6b0000 - 0x000001ef8e6b3000 	D:\ShiZu_Code\Java\javafx-sdk-15.0.1\bin\api-ms-win-crt-utility-l1-1-0.dll
0x00007ffc8b160000 - 0x00007ffc8b25c000 	D:\ShiZu_Code\Java\javafx-sdk-15.0.1\bin\ucrtbase.dll
0x00007ffc9e770000 - 0x00007ffc9e785000 	D:\ShiZu_Code\Java\javafx-sdk-15.0.1\bin\vcruntime140.dll
0x00007ffc8b090000 - 0x00007ffc8b12b000 	D:\ShiZu_Code\Java\javafx-sdk-15.0.1\bin\msvcp140.dll
0x00007ffc8eb10000 - 0x00007ffc8eb33000 	D:\ShiZu_Code\Java\javafx-sdk-15.0.1\bin\prism_d3d.dll
0x00007ffca1520000 - 0x00007ffca16ee000 	C:\Windows\system32\d3d9.dll
0x00007ffcaff80000 - 0x00007ffcaffaf000 	C:\Windows\SYSTEM32\dwmapi.dll
0x00007ffcafd10000 - 0x00007ffcafdae000 	C:\Windows\system32\uxtheme.dll
0x00007ffc60530000 - 0x00007ffc60695000 	C:\Windows\System32\DriverStore\FileRepository\iigd_dch.inf_amd64_ee3c4a51f0270f1f\igdumdim64.dll
0x00007ffcb3260000 - 0x00007ffcb338a000 	C:\Windows\System32\ole32.dll
0x00007ffc5bd30000 - 0x00007ffc6052d000 	C:\Windows\System32\DriverStore\FileRepository\iigd_dch.inf_amd64_ee3c4a51f0270f1f\igd9dxva64.dll
0x00007ffcb3f90000 - 0x00007ffcb405d000 	C:\Windows\System32\OLEAUT32.dll
0x00007ffcb4060000 - 0x00007ffcb44c9000 	C:\Windows\System32\SETUPAPI.dll
0x00007ffcb2b10000 - 0x00007ffcb2b5e000 	C:\Windows\System32\cfgmgr32.dll
0x00007ffcb2ae0000 - 0x00007ffcb2b07000 	C:\Windows\System32\bcrypt.dll
0x00007ffca4fd0000 - 0x00007ffca5227000 	C:\Windows\System32\DriverStore\FileRepository\iigd_dch.inf_amd64_ee3c4a51f0270f1f\igdgmm64.dll
0x00007ffc9bda0000 - 0x00007ffc9bea5000 	C:\Windows\System32\DriverStore\FileRepository\nvmiui.inf_amd64_8492cdf87d4452cf\nvldumdx.dll
0x00007ffcb2020000 - 0x00007ffcb2032000 	C:\Windows\SYSTEM32\msasn1.dll
0x00007ffcaba30000 - 0x00007ffcaba61000 	C:\Windows\SYSTEM32\cryptnet.dll
0x00007ffcb24d0000 - 0x00007ffcb262f000 	C:\Windows\System32\CRYPT32.dll
0x00007ffcb1d30000 - 0x00007ffcb1d3c000 	C:\Windows\SYSTEM32\cryptbase.dll
0x00007ffcb2cf0000 - 0x00007ffcb2d50000 	C:\Windows\System32\WINTRUST.DLL
0x00007ffcb2e30000 - 0x00007ffcb2e4d000 	C:\Windows\System32\imagehlp.dll
0x00007ffcb1e10000 - 0x00007ffcb1e28000 	C:\Windows\SYSTEM32\CRYPTSP.dll
0x00007ffcb1500000 - 0x00007ffcb1534000 	C:\Windows\system32\rsaenh.dll
0x00007ffc537c0000 - 0x00007ffc55407000 	C:\Windows\System32\DriverStore\FileRepository\nvmiui.inf_amd64_8492cdf87d4452cf\nvd3dumx.dll
0x00007ffc8b040000 - 0x00007ffc8b085000 	D:\ShiZu_Code\Java\javafx-sdk-15.0.1\bin\glass.dll
0x00007ffcb2d50000 - 0x00007ffcb2e2a000 	C:\Windows\System32\COMDLG32.dll
0x00007ffcb3010000 - 0x00007ffcb3125000 	C:\Windows\System32\MSCTF.dll
0x00007ffc607c0000 - 0x00007ffc608bc000 	C:\ProgramData\A-Volute\A-Volute.Nahimic\Modules\Scheduled\x64\A-Volute.NahimicDevProps2.dll
0x00007ffc53240000 - 0x00007ffc53267000 	C:\Windows\System32\DriverStore\FileRepository\iigd_dch.inf_amd64_ee3c4a51f0270f1f\igdinfo64.dll
0x00007ffca23b0000 - 0x00007ffca4fc9000 	C:\Windows\System32\DriverStore\FileRepository\iigd_dch.inf_amd64_ee3c4a51f0270f1f\igc64.dll
0x00007ffca8de0000 - 0x00007ffca8e1b000 	C:\Windows\SYSTEM32\dxcore.dll
0x00007ffc8ea30000 - 0x00007ffc8ea44000 	D:\ShiZu_Code\Java\javafx-sdk-15.0.1\bin\javafx_font.dll
0x00007ffca1a00000 - 0x00007ffca1c7f000 	C:\Windows\SYSTEM32\dwrite.dll
0x00007ffc8aec0000 - 0x00007ffc8b040000 	C:\Program Files\Java\jdk-15.0.2\bin\awt.dll
0x00007ffcafbe0000 - 0x00007ffcafc70000 	C:\Windows\SYSTEM32\apphelp.dll
0x00007ffc8fad0000 - 0x00007ffc8fb80000 	C:\Windows\WinSxS\amd64_microsoft.windows.common-controls_6595b64144ccf1df_5.82.19041.844_none_423537bff6b9828c\comctl32.dll
0x00007ffcb2e50000 - 0x00007ffcb2ef9000 	C:\Windows\System32\clbcatq.dll
0x00007ffcadb80000 - 0x00007ffcadc77000 	C:\Windows\system32\propsys.dll
0x00007ffc8c310000 - 0x00007ffc8c327000 	C:\Windows\system32\NetworkExplorer.dll
0x00007ffcabde0000 - 0x00007ffcabf94000 	C:\Windows\SYSTEM32\WindowsCodecs.dll
0x00007ffca8ae0000 - 0x00007ffca8bd4000 	C:\Windows\System32\MrmCoreR.dll
0x00007ffca57f0000 - 0x00007ffca5aa0000 	C:\Windows\System32\iertutil.dll

dbghelp: loaded successfully - version: 4.0.5 - missing functions: none
symbol engine: initialized successfully - sym options: 0x614 - pdb path: .;C:\Program Files\Java\jdk-15.0.2\bin;C:\Windows\SYSTEM32;C:\Windows\WinSxS\amd64_microsoft.windows.common-controls_6595b64144ccf1df_6.0.19041.844_none_ca00b6081b84eb1d;C:\Program Files\Java\jdk-15.0.2\bin\server;D:\ShiZu_Code\Java\javafx-sdk-15.0.1\bin;C:\Windows\System32\DriverStore\FileRepository\iigd_dch.inf_amd64_ee3c4a51f0270f1f;C:\Windows\System32\DriverStore\FileRepository\nvmiui.inf_amd64_8492cdf87d4452cf;C:\ProgramData\A-Volute\A-Volute.Nahimic\Modules\Scheduled\x64;C:\Windows\WinSxS\amd64_microsoft.windows.common-controls_6595b64144ccf1df_5.82.19041.844_none_423537bff6b9828c;C:\Windows\WinSxS\amd64_microsoft.windows.gdiplus_6595b64144ccf1df_1.1.19041.928_none_faefac437613c6cc

VM Arguments:
jvm_args: --module-path=D:/ShiZu_Code/Java/javafx-sdk-15.0.1/lib --add-modules=javafx.controls,javafx.fxml,javafx.media -XX:+ShowCodeDetailsInExceptionMessages -Dfile.encoding=UTF-8 
java_command: eroiko.ani.MainApp
java_class_path (initial): D:\ShiZu_Code\Java\wallpaper_master\target\classes;D:\ShiZu_Code\Java\FXTrayIcon-3.0.0\FXTrayIcon-3.0.0.jar;C:\Users\Eroiko_Edu\.m2\repository\org\openjfx\javafx-controls\15.0.1\javafx-controls-15.0.1.jar;C:\Users\Eroiko_Edu\.m2\repository\org\openjfx\javafx-controls\15.0.1\javafx-controls-15.0.1-win.jar;C:\Users\Eroiko_Edu\.m2\repository\org\openjfx\javafx-graphics\15.0.1\javafx-graphics-15.0.1.jar;C:\Users\Eroiko_Edu\.m2\repository\org\openjfx\javafx-graphics\15.0.1\javafx-graphics-15.0.1-win.jar;C:\Users\Eroiko_Edu\.m2\repository\org\openjfx\javafx-base\15.0.1\javafx-base-15.0.1.jar;C:\Users\Eroiko_Edu\.m2\repository\org\openjfx\javafx-base\15.0.1\javafx-base-15.0.1-win.jar;C:\Users\Eroiko_Edu\.m2\repository\org\openjfx\javafx-fxml\15.0.1\javafx-fxml-15.0.1.jar;C:\Users\Eroiko_Edu\.m2\repository\org\openjfx\javafx-fxml\15.0.1\javafx-fxml-15.0.1-win.jar;C:\Users\Eroiko_Edu\.m2\repository\org\apache\httpcomponents\httpclient\4.5.13\httpclient-4.5.13.jar;C:\Users\Eroiko_Edu\.m2\repository\org\apache\httpcomponents\httpcore\4.4.13\httpcore-4.4.13.jar;C:\Users\Eroiko_Edu\.m2\repository\commons-logging\commons-logging\1.2\commons-logging-1.2.jar;C:\Users\Eroiko_Edu\.m2\repository\commons-codec\commons-codec\1.11\commons-codec-1.11.jar;C:\Users\Eroiko_Edu\.m2\repository\org\slf4j\slf4j-log4j12\1.7.25\slf4j-log4j12-1.7.25.jar;C:\Users\Eroiko_Edu\.m2\repository\org\slf4j\slf4j-api\1.7.25\slf4j-api-1.7.25.jar;C:\Users\Eroiko_Edu\.m2\repository\log4j\log4j\1.2.17\log4j-1.2.17.jar;C:\Users\Eroiko_Edu\.m2\repository\javax\validation\validation-api\2.0.0.Final\validation-api-2.0.0.Final.jar;C:\Users\Eroiko_Edu\.m2\repository\org\jsoup\jsoup\1.13.1\jsoup-1.13.1.jar;C:\Users\Eroiko_Edu\.m2\repository\junit\junit\4.13.2\junit-4.13.2.jar;C:\Users\Eroiko_Edu\.m2\repository\org\hamcrest\hamcrest-core\1.3\hamcrest-core-1.3.jar;C:\Users\Eroiko_Edu\.m2\repository\commons-io\commons-io\2.8.0\commons-io-2.8.0.jar;C:\Users\Eroiko_Edu\.m2\repository\org\apache\
Launcher Type: SUN_STANDARD

[Global flags]
     intx CICompilerCount                          = 4                                         {product} {ergonomic}
     uint ConcGCThreads                            = 3                                         {product} {ergonomic}
     uint G1ConcRefinementThreads                  = 10                                        {product} {ergonomic}
   size_t G1HeapRegionSize                         = 2097152                                   {product} {ergonomic}
    uintx GCDrainStackTargetSize                   = 64                                        {product} {ergonomic}
   size_t InitialHeapSize                          = 266338304                                 {product} {ergonomic}
   size_t MarkStackSize                            = 4194304                                   {product} {ergonomic}
   size_t MaxHeapSize                              = 4253024256                                {product} {ergonomic}
   size_t MaxNewSize                               = 2550136832                                {product} {ergonomic}
   size_t MinHeapDeltaBytes                        = 2097152                                   {product} {ergonomic}
   size_t MinHeapSize                              = 8388608                                   {product} {ergonomic}
    uintx NonNMethodCodeHeapSize                   = 5839372                                {pd product} {ergonomic}
    uintx NonProfiledCodeHeapSize                  = 122909434                              {pd product} {ergonomic}
    uintx ProfiledCodeHeapSize                     = 122909434                              {pd product} {ergonomic}
    uintx ReservedCodeCacheSize                    = 251658240                              {pd product} {ergonomic}
     bool SegmentedCodeCache                       = true                                      {product} {ergonomic}
     bool ShowCodeDetailsInExceptionMessages       = true                                   {manageable} {command line}
   size_t SoftMaxHeapSize                          = 4253024256                             {manageable} {ergonomic}
     bool UseCompressedClassPointers               = true                                 {lp64_product} {ergonomic}
     bool UseCompressedOops                        = true                                 {lp64_product} {ergonomic}
     bool UseG1GC                                  = true                                      {product} {ergonomic}
     bool UseLargePagesIndividualAllocation        = false                                  {pd product} {ergonomic}

Logging:
Log output configuration:
 #0: stdout all=warning uptime,level,tags
 #1: stderr all=off uptime,level,tags

Environment Variables:
JAVA_HOME=C:\Program Files\Java\jdk-15.0.2\
PATH=C:\Program Files\Mozilla Firefox;F:\vscode-portable;C:\Program Files\Java\jdk-15.0.2\\bin;C:\Program Files\Common Files\Oracle\Java\javapath;C:\Program Files (x86)\Common Files\Oracle\Java\javapath;C:\ProgramData\Oracle\Java\javapath;C:\Program Files\AdoptOpenJDK\jdk-15.0.1.9-hotspot\bin;C:\Program Files\AdoptOpenJDK\jdk-11.0.9.101-hotspot\bin;C:\Windows\system32;C:\Windows;C:\Windows\System32\Wbem;C:\Program Files\mingw-w64\x86_64-8.1.0-posix-seh-rt_v6-rev0\mingw64\bin;C:\Program Files\NVIDIA GPU Computing Toolkit\CUDA\v11.2\bin;C:\Program Files\NVIDIA GPU Computing Toolkit\CUDA\v11.2\libnvvp;C:\Windows\System32\WindowsPowerShell\v1.0\;C:\Windows\System32\OpenSSH\;C:\Program Files (x86)\NVIDIA Corporation\PhysX\Common;D:\ShiZu_Code\Java\apache-maven-3.8.1\bin\;C:\Program Files\swipl\bin;C:\Program Files (x86)\Vim\vim82\;C:\Program Files\dotnet\;C:\Program Files\PuTTY\;C:\Program Files\nodejs\;C:\ProgramData\chocolatey\bin;C:\Users\Eroiko_Edu\anaconda3\Library\bin;C:\Users\Eroiko_Edu\anaconda3\Scripts;F:\Program Files\Windows 10 Education\Anaconda3;C:\Program Files\NVIDIA Corporation\Nsight Compute 2020.3.1\;C:\Program Files\NVIDIA Corporation\NVIDIA NvDLISR;F:\Program Files\Windows 10 Education\Matlab\bin;F:\Program Files\Windows 10 Education\Windows Terminal\Scoop\shims;C:\Users\Eroiko_Edu\AppData\Local\Microsoft\WindowsApps;F:\Program Files\Windows 10 Education\MinGW;C:\Users\Eroiko_Edu\AppData\Local\GitHubDesktop\bin;C:\Users\Eroiko_Edu\AppData\Roaming\npm;F:\BigGuy\intelFPGA_lite\18.1\modelsim_ase\win32aloem
USERNAME=Eroiko_Edu
LANG=zh_TW.UTF-8
OS=Windows_NT
PROCESSOR_IDENTIFIER=Intel64 Family 6 Model 158 Stepping 10, GenuineIntel



---------------  S Y S T E M  ---------------

OS:
 Windows 10 , 64 bit Build 19041 (10.0.19041.928)
OS uptime: 0 days 10:59 hours
HyperV virtualization detected

CPU: total 12 (initial active 12) (6 cores per cpu, 2 threads per core) family 6 model 158 stepping 10 microcode 0xb4, cmov, cx8, fxsr, mmx, sse, sse2, sse3, ssse3, sse4.1, sse4.2, popcnt, vzeroupper, avx, avx2, aes, clmul, erms, 3dnowpref, lzcnt, ht, tsc, tscinvbit, bmi1, bmi2, adx, fma, clflush, clflushopt

Memory: 4k page, system-wide physical 16223M (4852M free)
TotalPageFile size 17247M (AvailPageFile size 0M)
current process WorkingSet (physical memory assigned to process): 168M, peak: 168M
current process commit charge ("private bytes"): 430M, peak: 430M

vm_info: Java HotSpot(TM) 64-Bit Server VM (15.0.2+7-27) for windows-amd64 JRE (15.0.2+7-27), built on Dec  7 2020 20:07:01 by "mach5one" with unknown MS VC++:1925

END.
